--------------- Build Started: 08/07/2018 17:45:47 Project: Filter_ADC_VDAC01, Configuration: ARM GCC 4.9-2015-q1-update Debug ---------------
The code generation step is up to date.
arm-none-eabi-gcc.exe -mcpu=cortex-m3 -mthumb -I. -IGenerated_Source\PSoC5 -Wa,-alh=.\CortexM3\ARM_GCC_493\Debug/main.lst -g -Wall -ffunction-sections -O0 -ffat-lto-objects -c main.c -o .\CortexM3\ARM_GCC_493\Debug\main.o
main.c: In function 'filterVDAC':
main.c:45:5: warning: implicit declaration of function 'sprintf' [-Wimplicit-function-declaration]
     sprintf(buffer,"Filter: %i",Filter_Read8(Filter_CHANNEL_A));
     ^
main.c:45:5: warning: incompatible implicit declaration of built-in function 'sprintf'
main.c: In function 'main':
main.c:87:9: warning: incompatible implicit declaration of built-in function 'sprintf'
         sprintf(buffer,"Filter: %i\n",ADC_DelSig_GetResult8);
         ^
main.c:87:9: warning: format '%i' expects argument of type 'int', but argument 3 has type 'int8 (*)(void)' [-Wformat=]
arm-none-eabi-ar.exe -rs .\CortexM3\ARM_GCC_493\Debug\Filter_ADC_VDAC01.a .\CortexM3\ARM_GCC_493\Debug\cyfitter_cfg.o .\CortexM3\ARM_GCC_493\Debug\DMA_dma.o .\CortexM3\ARM_GCC_493\Debug\isr.o .\CortexM3\ARM_GCC_493\Debug\ADC_DelSig.o .\CortexM3\ARM_GCC_493\Debug\ADC_DelSig_PM.o .\CortexM3\ARM_GCC_493\Debug\ADC_DelSig_INT.o .\CortexM3\ARM_GCC_493\Debug\UART_1.o .\CortexM3\ARM_GCC_493\Debug\UART_1_PM.o .\CortexM3\ARM_GCC_493\Debug\UART_1_INT.o .\CortexM3\ARM_GCC_493\Debug\UART_1_BOOT.o .\CortexM3\ARM_GCC_493\Debug\Opamp.o .\CortexM3\ARM_GCC_493\Debug\Opamp_PM.o .\CortexM3\ARM_GCC_493\Debug\Filter.o .\CortexM3\ARM_GCC_493\Debug\Filter_PM.o .\CortexM3\ARM_GCC_493\Debug\Filter_PVT.o .\CortexM3\ARM_GCC_493\Debug\Filter_RAM_Data.o .\CortexM3\ARM_GCC_493\Debug\Filter_Coefficients.o .\CortexM3\ARM_GCC_493\Debug\P0_0.o .\CortexM3\ARM_GCC_493\Debug\P0_1.o .\CortexM3\ARM_GCC_493\Debug\P0_2.o .\CortexM3\ARM_GCC_493\Debug\ADC_DelSig_Ext_CP_Clk.o .\CortexM3\ARM_GCC_493\Debug\ADC_DelSig_IRQ.o .\CortexM3\ARM_GCC_493\Debug\ADC_DelSig_theACLK.o .\CortexM3\ARM_GCC_493\Debug\UART_1_IntClock.o .\CortexM3\ARM_GCC_493\Debug\CyDmac.o .\CortexM3\ARM_GCC_493\Debug\CyFlash.o .\CortexM3\ARM_GCC_493\Debug\CyLib.o .\CortexM3\ARM_GCC_493\Debug\cyPm.o .\CortexM3\ARM_GCC_493\Debug\CySpc.o .\CortexM3\ARM_GCC_493\Debug\cyutils.o .\CortexM3\ARM_GCC_493\Debug\CyBootAsmGnu.o
arm-none-eabi-ar.exe: creating .\CortexM3\ARM_GCC_493\Debug\Filter_ADC_VDAC01.a
arm-none-eabi-gcc.exe -Wl,--start-group -o .\CortexM3\ARM_GCC_493\Debug\Filter_ADC_VDAC01.elf .\CortexM3\ARM_GCC_493\Debug\main.o .\CortexM3\ARM_GCC_493\Debug\cymetadata.o .\CortexM3\ARM_GCC_493\Debug\Cm3Start.o .\CortexM3\ARM_GCC_493\Debug\Filter_ADC_VDAC01.a "C:\Program Files (x86)\Cypress\PSoC Creator\4.0\PSoC Creator\psoc\content\cycomponentlibrary\CyComponentLibrary.cylib\CortexM3\ARM_GCC_493\Debug\CyComponentLibrary.a" -mcpu=cortex-m3 -mthumb -g -ffunction-sections -O0 -ffat-lto-objects -L Generated_Source\PSoC5 -Wl,-Map,.\CortexM3\ARM_GCC_493\Debug/Filter_ADC_VDAC01.map -T C:\Users\shevi\Documents\GitHub\FYP_POSCCreator_Master\FYP_PSOCCreator_Master\CORTEX_CY8C5588_PSoC_Creator_GCC\Filter_ADC_VDAC01.cydsn\Generated_Source\PSoC5\cm3gcc.ld -specs=nano.specs -Wl,--gc-sections -Wl,--end-group
cyelftool.exe -C C:\Users\shevi\Documents\GitHub\FYP_POSCCreator_Master\FYP_PSOCCreator_Master\CORTEX_CY8C5588_PSoC_Creator_GCC\Filter_ADC_VDAC01.cydsn\CortexM3\ARM_GCC_493\Debug\Filter_ADC_VDAC01.elf --flash_row_size 256 --flash_size 262144
cyelftool.exe -S C:\Users\shevi\Documents\GitHub\FYP_POSCCreator_Master\FYP_PSOCCreator_Master\CORTEX_CY8C5588_PSoC_Creator_GCC\Filter_ADC_VDAC01.cydsn\CortexM3\ARM_GCC_493\Debug\Filter_ADC_VDAC01.elf
Flash used: 9496 of 262144 bytes (3.6%).
SRAM used: 2653 of 65536 bytes (4.0%). Stack: 2048 bytes. Heap: 128 bytes.
--------------- Build Succeeded: 08/07/2018 17:45:49 ---------------
