--------------- Build Started: 09/07/2018 17:08:43 Project: FreeRTOS_Demo, Configuration: ARM GCC 5.4-2016-q2-update Debug ---------------
The code generation step is up to date.
arm-none-eabi-gcc.exe -c main.c -o .\CortexM3\ARM_GCC_541\Debug\main.o -mcpu=cortex-m3 -mthumb -I..\..\FreeRTOS_Source\portable\GCC\ARM_CM3 -I..\..\FreeRTOS_Source\include -I..\..\FreeRTOS_Source\portable\MemMang -I..\..\FreeRTOS_Source -I. -IGenerated_Source\PSoC5 -Wa,-alh=.\CortexM3\ARM_GCC_541\Debug/main.lst -g -Wall -ffunction-sections -ffat-lto-objects -O0
main.c: In function 'receive_data':
main.c:129:10: warning: unused variable 'temp' [-Wunused-variable]
     char temp[10];
          ^
main.c:127:9: warning: variable 'go' set but not used [-Wunused-but-set-variable]
     int go = 0;
         ^
main.c: In function 'PID_initialise':
main.c:207:47: warning: format '%i' expects argument of type 'int', but argument 4 has type 'long int' [-Wformat=]
                 sprintf((char *) local_write, "left dest: %li pos: %i, right dest: %li, pos: %i\n", left_wheel.cur_dest, -64*M1QuadDec_GetCounter(), right_wheel.cur_dest, -64*M2QuadDec_GetCounter());
                                               ^
main.c:207:47: warning: format '%i' expects argument of type 'int', but argument 6 has type 'long int' [-Wformat=]
main.c:207:47: warning: format '%i' expects argument of type 'int', but argument 4 has type 'long int' [-Wformat=]
main.c:207:47: warning: format '%i' expects argument of type 'int', but argument 6 has type 'long int' [-Wformat=]
arm-none-eabi-ar.exe -rs .\CortexM3\ARM_GCC_541\Debug\FreeRTOS_Demo.a .\CortexM3\ARM_GCC_541\Debug\UART_1.o .\CortexM3\ARM_GCC_541\Debug\UART_1_PM.o .\CortexM3\ARM_GCC_541\Debug\UART_1_INT.o .\CortexM3\ARM_GCC_541\Debug\UART_1_BOOT.o .\CortexM3\ARM_GCC_541\Debug\Tx_1.o .\CortexM3\ARM_GCC_541\Debug\isr_UART1_TX_BYTE_COMPLETE.o .\CortexM3\ARM_GCC_541\Debug\isr_UART1_RX_BYTE_RECEIVED.o .\CortexM3\ARM_GCC_541\Debug\Clock_1.o .\CortexM3\ARM_GCC_541\Debug\UART_1_IntClock.o .\CortexM3\ARM_GCC_541\Debug\CyDmac.o .\CortexM3\ARM_GCC_541\Debug\CyFlash.o .\CortexM3\ARM_GCC_541\Debug\CyLib.o .\CortexM3\ARM_GCC_541\Debug\cyPm.o .\CortexM3\ARM_GCC_541\Debug\CySpc.o .\CortexM3\ARM_GCC_541\Debug\cyutils.o .\CortexM3\ARM_GCC_541\Debug\PWM_M1.o .\CortexM3\ARM_GCC_541\Debug\PWM_M1_PM.o .\CortexM3\ARM_GCC_541\Debug\MClock.o .\CortexM3\ARM_GCC_541\Debug\M1_FWD.o .\CortexM3\ARM_GCC_541\Debug\M1_BWD.o .\CortexM3\ARM_GCC_541\Debug\PWM_M2.o .\CortexM3\ARM_GCC_541\Debug\PWM_M2_PM.o .\CortexM3\ARM_GCC_541\Debug\M2_FWD.o .\CortexM3\ARM_GCC_541\Debug\M2_BWD.o .\CortexM3\ARM_GCC_541\Debug\PWM_Out_1.o .\CortexM3\ARM_GCC_541\Debug\PWM_Out_2.o .\CortexM3\ARM_GCC_541\Debug\Standby.o .\CortexM3\ARM_GCC_541\Debug\M1QuadDec.o .\CortexM3\ARM_GCC_541\Debug\M1QuadDec_INT.o .\CortexM3\ARM_GCC_541\Debug\M1QuadDec_PM.o .\CortexM3\ARM_GCC_541\Debug\M1_Phase1.o .\CortexM3\ARM_GCC_541\Debug\M1_Phase2.o .\CortexM3\ARM_GCC_541\Debug\M1Clock.o .\CortexM3\ARM_GCC_541\Debug\M2QuadDec.o .\CortexM3\ARM_GCC_541\Debug\M2QuadDec_INT.o .\CortexM3\ARM_GCC_541\Debug\M2QuadDec_PM.o .\CortexM3\ARM_GCC_541\Debug\M2_Phase1.o .\CortexM3\ARM_GCC_541\Debug\M2_Phase2.o .\CortexM3\ARM_GCC_541\Debug\M1QuadDec_isr.o .\CortexM3\ARM_GCC_541\Debug\M1QuadDec_Cnt16.o .\CortexM3\ARM_GCC_541\Debug\M1QuadDec_Cnt16_PM.o .\CortexM3\ARM_GCC_541\Debug\M2QuadDec_isr.o .\CortexM3\ARM_GCC_541\Debug\M2QuadDec_Cnt16.o .\CortexM3\ARM_GCC_541\Debug\M2QuadDec_Cnt16_PM.o .\CortexM3\ARM_GCC_541\Debug\Timer_1.o .\CortexM3\ARM_GCC_541\Debug\Timer_1_PM.o .\CortexM3\ARM_GCC_541\Debug\Laser.o .\CortexM3\ARM_GCC_541\Debug\PWM_1.o .\CortexM3\ARM_GCC_541\Debug\PWM_1_PM.o .\CortexM3\ARM_GCC_541\Debug\pwm.o .\CortexM3\ARM_GCC_541\Debug\LED_GREEN.o .\CortexM3\ARM_GCC_541\Debug\LED_BLUE.o .\CortexM3\ARM_GCC_541\Debug\CyBootAsmGnu.o
arm-none-eabi-ar.exe: creating .\CortexM3\ARM_GCC_541\Debug\FreeRTOS_Demo.a
arm-none-eabi-gcc.exe -Wl,--start-group -o \\ad.monash.edu\home\User041\sdsir3\Documents\GitHub\FYP_POSCCreator_Master\FYP_PSOCCreator_Master\CORTEX_CY8C5588_PSoC_Creator_GCC\FreeRTOS_Demo.cydsn\CortexM3\ARM_GCC_541\Debug\FreeRTOS_Demo.elf .\CortexM3\ARM_GCC_541\Debug\croutine.o .\CortexM3\ARM_GCC_541\Debug\list.o .\CortexM3\ARM_GCC_541\Debug\queue.o .\CortexM3\ARM_GCC_541\Debug\tasks.o .\CortexM3\ARM_GCC_541\Debug\port.o .\CortexM3\ARM_GCC_541\Debug\heap_2.o .\CortexM3\ARM_GCC_541\Debug\IntQueueTimer.o .\CortexM3\ARM_GCC_541\Debug\main.o .\CortexM3\ARM_GCC_541\Debug\Serial.o .\CortexM3\ARM_GCC_541\Debug\movement.o .\CortexM3\ARM_GCC_541\Debug\comtest.o .\CortexM3\ARM_GCC_541\Debug\cyfitter_cfg.o .\CortexM3\ARM_GCC_541\Debug\cymetadata.o .\CortexM3\ARM_GCC_541\Debug\Cm3Start.o .\CortexM3\ARM_GCC_541\Debug\FreeRTOS_Demo.a "C:\Program Files (x86)\Cypress\PSoC Creator\4.1\PSoC Creator\psoc\content\cycomponentlibrary\CyComponentLibrary.cylib\CortexM3\ARM_GCC_541\Debug\CyComponentLibrary.a" -mcpu=cortex-m3 -mthumb -L Generated_Source\PSoC5 -Wl,-Map,.\CortexM3\ARM_GCC_541\Debug/FreeRTOS_Demo.map -T Generated_Source\PSoC5\cm3gcc.ld -specs=nano.specs -Wl,--gc-sections -g -ffunction-sections -O0 -ffat-lto-objects -Wl,--end-group
cyelftool.exe -C \\ad.monash.edu\home\User041\sdsir3\Documents\GitHub\FYP_POSCCreator_Master\FYP_PSOCCreator_Master\CORTEX_CY8C5588_PSoC_Creator_GCC\FreeRTOS_Demo.cydsn\CortexM3\ARM_GCC_541\Debug\FreeRTOS_Demo.elf --flash_row_size 256 --flash_size 262144 --flash_offset 0x00000000
cyelftool.exe -S \\ad.monash.edu\home\User041\sdsir3\Documents\GitHub\FYP_POSCCreator_Master\FYP_PSOCCreator_Master\CORTEX_CY8C5588_PSoC_Creator_GCC\FreeRTOS_Demo.cydsn\CortexM3\ARM_GCC_541\Debug\FreeRTOS_Demo.elf
Flash used: 22792 of 262144 bytes (8.7%).
SRAM used: 35701 of 65536 bytes (54.5%). Stack: 1024 bytes. Heap: 0 bytes.
--------------- Build Succeeded: 09/07/2018 17:08:59 ---------------
