--------------- Build Started: 08/05/2018 14:08:29 Project: ADC_DMA_VDAC01, Configuration: DP8051 Keil 9.51 Debug ---------------
cydsfit.exe -.appdatapath "C:\Users\shevi\AppData\Local\Cypress Semiconductor\PSoC Creator\4.0" -.fdsnotice -.fdswarpdepfile=warp_dependencies.txt -.fdselabdepfile=elab_dependencies.txt -.fdsbldfile=generated_files.txt -.fdsreffile=referenced_files.txt -p C:\Users\shevi\Documents\GitHub\FYP_POSCCreator_Master\FYP_PSOCCreator_Master\CORTEX_CY8C5588_PSoC_Creator_GCC\ADC_DMA_VDAC01.cydsn\ADC_DMA_VDAC01.cyprj -d CY8C3866AXI-040 -s C:\Users\shevi\Documents\GitHub\FYP_POSCCreator_Master\FYP_PSOCCreator_Master\CORTEX_CY8C5588_PSoC_Creator_GCC\ADC_DMA_VDAC01.cydsn\Generated_Source\PSoC3 -- -yv2 -q10 -ygs -o2 -v3 -.fftcfgtype=BE
Elaborating Design...
ADD: pft.M0074: information: A (re)build is required to use the analog device editor. Unable to load the necessary information from the cyfit file. Partial/wrong data will be displayed until this has been resolved.
 * C:\Users\shevi\Documents\GitHub\FYP_POSCCreator_Master\FYP_PSOCCreator_Master\CORTEX_CY8C5588_PSoC_Creator_GCC\ADC_DMA_VDAC01.cydsn\ADC_DMA_VDAC01.cydwr ()
HDL Generation...
Synthesis...
Tech Mapping...
Analog Placement...
Analog Routing...
Analog Code Generation...
Digital Placement...
Digital Routing...
Bitstream Generation...
Bitstream Verification...
Static timing analysis...
API Generation...
DEL: pft.M0074: information: A (re)build is required to use the analog device editor. Unable to load the necessary information from the cyfit file. Partial/wrong data will be displayed until this has been resolved.
 * C:\Users\shevi\Documents\GitHub\FYP_POSCCreator_Master\FYP_PSOCCreator_Master\CORTEX_CY8C5588_PSoC_Creator_GCC\ADC_DMA_VDAC01.cydsn\ADC_DMA_VDAC01.cydwr ()
Dependency Generation...
Cleanup...
c51.exe main.c NOIV LARGE MODDP2 OMF2 VB(1) NOIP "INCDIR(., Generated_Source\PSoC3)" FF(3) DB WL(2) PR(.\DP8051_Keil_951\Debug/main.lst) CD OT(2 ,Size) OJ(.\DP8051_Keil_951\Debug\main.obj)
ERROR: Keil License expired. Obtain a valid Keil license and update the information through your installed version of Keil or in PSoC Creator.
WARNING: main.c:1: INCORRECT LICENSE ID CODE (LIC) IN 'TOOLS.INI'
WARNING: main.c:57: 'LCD_Char_1_Start': missing function-prototype
WARNING: main.c:58: 'VDAC8_1_Start': missing function-prototype
WARNING: main.c:67: 'LCD_Char_1_Position': missing function-prototype
ERROR: main.c:67: 'LCD_Char_1_Position': requires ANSI-style prototype
The command 'c51.exe' failed with exit code '2'.
--------------- Build Failed: 08/05/2018 14:08:58 ---------------
