--------------- Build Started: 07/16/2018 14:48:43 Project: FreeRTOS_Demo, Configuration: ARM GCC 4.9-2015-q1-update Debug ---------------
cydsfit.exe -.appdatapath "C:\Users\tadge\AppData\Local\Cypress Semiconductor\PSoC Creator\4.0" -.fdsnotice -.fdswarpdepfile=warp_dependencies.txt -.fdselabdepfile=elab_dependencies.txt -.fdsbldfile=generated_files.txt -.fdsreffile=referenced_files.txt -p C:\Users\tadge\Documents\GitHub\FYP_PSOCCreator_Follower\FYP_New_Test\CORTEX_CY8C5588_PSoC_Creator_GCC\FreeRTOS_Demo.cydsn\FreeRTOS_Demo.cyprj -d CY8C5888LTI-LP097 -s C:\Users\tadge\Documents\GitHub\FYP_PSOCCreator_Follower\FYP_New_Test\CORTEX_CY8C5588_PSoC_Creator_GCC\FreeRTOS_Demo.cydsn\Generated_Source\PSoC5 -- -yv2 -q10 -ygs -o2 -v3 -.fftcfgtype=LE
Elaborating Design...
HDL Generation...
Synthesis...
Tech Mapping...
Analog Placement...
Analog Routing...
Analog Code Generation...
Digital Placement...
Digital Routing...
Bitstream Generation...
Bitstream Verification...
Static timing analysis...
API Generation...
Dependency Generation...
Cleanup...
arm-none-eabi-gcc.exe -mcpu=cortex-m3 -mthumb -I..\..\FreeRTOS_Source\portable\GCC\ARM_CM3 -I..\..\FreeRTOS_Source\include -I..\..\FreeRTOS_Source\portable\MemMang -I..\..\FreeRTOS_Source -I. -IGenerated_Source\PSoC5 -Wa,-alh=.\CortexM3\ARM_GCC_493\Debug/croutine.lst -g -Wall -ffunction-sections -O0 -ffat-lto-objects -c ..\..\FreeRTOS_Source\croutine.c -o .\CortexM3\ARM_GCC_493\Debug\croutine.o
arm-none-eabi-gcc.exe -mcpu=cortex-m3 -mthumb -I..\..\FreeRTOS_Source\portable\GCC\ARM_CM3 -I..\..\FreeRTOS_Source\include -I..\..\FreeRTOS_Source\portable\MemMang -I..\..\FreeRTOS_Source -I. -IGenerated_Source\PSoC5 -Wa,-alh=.\CortexM3\ARM_GCC_493\Debug/list.lst -g -Wall -ffunction-sections -O0 -ffat-lto-objects -c ..\..\FreeRTOS_Source\list.c -o .\CortexM3\ARM_GCC_493\Debug\list.o
arm-none-eabi-gcc.exe -mcpu=cortex-m3 -mthumb -I..\..\FreeRTOS_Source\portable\GCC\ARM_CM3 -I..\..\FreeRTOS_Source\include -I..\..\FreeRTOS_Source\portable\MemMang -I..\..\FreeRTOS_Source -I. -IGenerated_Source\PSoC5 -Wa,-alh=.\CortexM3\ARM_GCC_493\Debug/queue.lst -g -Wall -ffunction-sections -O0 -ffat-lto-objects -c ..\..\FreeRTOS_Source\queue.c -o .\CortexM3\ARM_GCC_493\Debug\queue.o
arm-none-eabi-gcc.exe -mcpu=cortex-m3 -mthumb -I..\..\FreeRTOS_Source\portable\GCC\ARM_CM3 -I..\..\FreeRTOS_Source\include -I..\..\FreeRTOS_Source\portable\MemMang -I..\..\FreeRTOS_Source -I. -IGenerated_Source\PSoC5 -Wa,-alh=.\CortexM3\ARM_GCC_493\Debug/tasks.lst -g -Wall -ffunction-sections -O0 -ffat-lto-objects -c ..\..\FreeRTOS_Source\tasks.c -o .\CortexM3\ARM_GCC_493\Debug\tasks.o
arm-none-eabi-gcc.exe -mcpu=cortex-m3 -mthumb -I..\..\FreeRTOS_Source\portable\GCC\ARM_CM3 -I..\..\FreeRTOS_Source\include -I..\..\FreeRTOS_Source\portable\MemMang -I..\..\FreeRTOS_Source -I. -IGenerated_Source\PSoC5 -Wa,-alh=.\CortexM3\ARM_GCC_493\Debug/port.lst -g -Wall -ffunction-sections -O0 -ffat-lto-objects -c ..\..\FreeRTOS_Source\portable\GCC\ARM_CM3\port.c -o .\CortexM3\ARM_GCC_493\Debug\port.o
arm-none-eabi-gcc.exe -mcpu=cortex-m3 -mthumb -I..\..\FreeRTOS_Source\portable\GCC\ARM_CM3 -I..\..\FreeRTOS_Source\include -I..\..\FreeRTOS_Source\portable\MemMang -I..\..\FreeRTOS_Source -I. -IGenerated_Source\PSoC5 -Wa,-alh=.\CortexM3\ARM_GCC_493\Debug/heap_2.lst -g -Wall -ffunction-sections -O0 -ffat-lto-objects -c ..\..\FreeRTOS_Source\portable\MemMang\heap_2.c -o .\CortexM3\ARM_GCC_493\Debug\heap_2.o
arm-none-eabi-gcc.exe -mcpu=cortex-m3 -mthumb -I..\..\FreeRTOS_Source\portable\GCC\ARM_CM3 -I..\..\FreeRTOS_Source\include -I..\..\FreeRTOS_Source\portable\MemMang -I..\..\FreeRTOS_Source -I. -IGenerated_Source\PSoC5 -Wa,-alh=.\CortexM3\ARM_GCC_493\Debug/IntQueueTimer.lst -g -Wall -ffunction-sections -O0 -ffat-lto-objects -c IntQueueTimer.c -o .\CortexM3\ARM_GCC_493\Debug\IntQueueTimer.o
IntQueueTimer.c: In function 'vInitialiseTimerForIntQueueTest':
IntQueueTimer.c:49:3: warning: implicit declaration of function 'isr_High_Frequency_2000Hz_ClearPending' [-Wimplicit-function-declaration]
   isr_High_Frequency_2000Hz_ClearPending();
   ^
IntQueueTimer.c:50:3: warning: implicit declaration of function 'isr_High_Frequency_2000Hz_StartEx' [-Wimplicit-function-declaration]
   isr_High_Frequency_2000Hz_StartEx( ( cyisraddress ) vHighFrequencyFirstISR );
   ^
IntQueueTimer.c:53:3: warning: implicit declaration of function 'isr_High_Frequency_2001Hz_ClearPending' [-Wimplicit-function-declaration]
   isr_High_Frequency_2001Hz_ClearPending();
   ^
IntQueueTimer.c:54:3: warning: implicit declaration of function 'isr_High_Frequency_2001Hz_StartEx' [-Wimplicit-function-declaration]
   isr_High_Frequency_2001Hz_StartEx( ( cyisraddress ) vHighFrequencySecondISR );
   ^
arm-none-eabi-gcc.exe -mcpu=cortex-m3 -mthumb -I..\..\FreeRTOS_Source\portable\GCC\ARM_CM3 -I..\..\FreeRTOS_Source\include -I..\..\FreeRTOS_Source\portable\MemMang -I..\..\FreeRTOS_Source -I. -IGenerated_Source\PSoC5 -Wa,-alh=.\CortexM3\ARM_GCC_493\Debug/main.lst -g -Wall -ffunction-sections -O0 -ffat-lto-objects -c main.c -o .\CortexM3\ARM_GCC_493\Debug\main.o
main.c: In function 'receive_data':
main.c:161:10: warning: unused variable 'temp' [-Wunused-variable]
     char temp[10];
          ^
main.c:159:9: warning: variable 'go' set but not used [-Wunused-but-set-variable]
     int go = 0;
         ^
arm-none-eabi-gcc.exe -mcpu=cortex-m3 -mthumb -I..\..\FreeRTOS_Source\portable\GCC\ARM_CM3 -I..\..\FreeRTOS_Source\include -I..\..\FreeRTOS_Source\portable\MemMang -I..\..\FreeRTOS_Source -I. -IGenerated_Source\PSoC5 -Wa,-alh=.\CortexM3\ARM_GCC_493\Debug/Serial.lst -g -Wall -ffunction-sections -O0 -ffat-lto-objects -c Serial.c -o .\CortexM3\ARM_GCC_493\Debug\Serial.o
arm-none-eabi-gcc.exe -mcpu=cortex-m3 -mthumb -I..\..\FreeRTOS_Source\portable\GCC\ARM_CM3 -I..\..\FreeRTOS_Source\include -I..\..\FreeRTOS_Source\portable\MemMang -I..\..\FreeRTOS_Source -I. -IGenerated_Source\PSoC5 -Wa,-alh=.\CortexM3\ARM_GCC_493\Debug/movement.lst -g -Wall -ffunction-sections -O0 -ffat-lto-objects -c movement.c -o .\CortexM3\ARM_GCC_493\Debug\movement.o
movement.c: In function 'update_k':
movement.c:154:9: warning: unused variable 'int7' [-Wunused-variable]
     int int7 = (unsigned char) buffer[7] - 48;
         ^
movement.c:153:9: warning: unused variable 'int6' [-Wunused-variable]
     int int6 = (unsigned char) buffer[6] - 48;
         ^
movement.c: At top level:
movement.c:24:23: warning: 'pxPort' defined but not used [-Wunused-variable]
 static xComPortHandle pxPort = NULL;
                       ^
arm-none-eabi-gcc.exe -mcpu=cortex-m3 -mthumb -I..\..\FreeRTOS_Source\portable\GCC\ARM_CM3 -I..\..\FreeRTOS_Source\include -I..\..\FreeRTOS_Source\portable\MemMang -I..\..\FreeRTOS_Source -I. -IGenerated_Source\PSoC5 -Wa,-alh=.\CortexM3\ARM_GCC_493\Debug/comtest.lst -g -Wall -ffunction-sections -O0 -ffat-lto-objects -c comtest.c -o .\CortexM3\ARM_GCC_493\Debug\comtest.o
arm-none-eabi-gcc.exe -mcpu=cortex-m3 -mthumb -I..\..\FreeRTOS_Source\portable\GCC\ARM_CM3 -I..\..\FreeRTOS_Source\include -I..\..\FreeRTOS_Source\portable\MemMang -I..\..\FreeRTOS_Source -I. -IGenerated_Source\PSoC5 -Wa,-alh=.\CortexM3\ARM_GCC_493\Debug/cyfitter_cfg.lst -g -Wall -ffunction-sections -O0 -ffat-lto-objects -c Generated_Source\PSoC5\cyfitter_cfg.c -o .\CortexM3\ARM_GCC_493\Debug\cyfitter_cfg.o
arm-none-eabi-gcc.exe -mcpu=cortex-m3 -mthumb -I..\..\FreeRTOS_Source\portable\GCC\ARM_CM3 -I..\..\FreeRTOS_Source\include -I..\..\FreeRTOS_Source\portable\MemMang -I..\..\FreeRTOS_Source -I. -IGenerated_Source\PSoC5 -Wa,-alh=.\CortexM3\ARM_GCC_493\Debug/cymetadata.lst -g -Wall -ffunction-sections -O0 -ffat-lto-objects -c Generated_Source\PSoC5\cymetadata.c -o .\CortexM3\ARM_GCC_493\Debug\cymetadata.o
arm-none-eabi-gcc.exe -mcpu=cortex-m3 -mthumb -I..\..\FreeRTOS_Source\portable\GCC\ARM_CM3 -I..\..\FreeRTOS_Source\include -I..\..\FreeRTOS_Source\portable\MemMang -I..\..\FreeRTOS_Source -I. -IGenerated_Source\PSoC5 -Wa,-alh=.\CortexM3\ARM_GCC_493\Debug/UART_1.lst -g -Wall -ffunction-sections -O0 -ffat-lto-objects -c Generated_Source\PSoC5\UART_1.c -o .\CortexM3\ARM_GCC_493\Debug\UART_1.o
arm-none-eabi-gcc.exe -mcpu=cortex-m3 -mthumb -I..\..\FreeRTOS_Source\portable\GCC\ARM_CM3 -I..\..\FreeRTOS_Source\include -I..\..\FreeRTOS_Source\portable\MemMang -I..\..\FreeRTOS_Source -I. -IGenerated_Source\PSoC5 -Wa,-alh=.\CortexM3\ARM_GCC_493\Debug/UART_1_PM.lst -g -Wall -ffunction-sections -O0 -ffat-lto-objects -c Generated_Source\PSoC5\UART_1_PM.c -o .\CortexM3\ARM_GCC_493\Debug\UART_1_PM.o
arm-none-eabi-gcc.exe -mcpu=cortex-m3 -mthumb -I..\..\FreeRTOS_Source\portable\GCC\ARM_CM3 -I..\..\FreeRTOS_Source\include -I..\..\FreeRTOS_Source\portable\MemMang -I..\..\FreeRTOS_Source -I. -IGenerated_Source\PSoC5 -Wa,-alh=.\CortexM3\ARM_GCC_493\Debug/UART_1_INT.lst -g -Wall -ffunction-sections -O0 -ffat-lto-objects -c Generated_Source\PSoC5\UART_1_INT.c -o .\CortexM3\ARM_GCC_493\Debug\UART_1_INT.o
arm-none-eabi-gcc.exe -mcpu=cortex-m3 -mthumb -I..\..\FreeRTOS_Source\portable\GCC\ARM_CM3 -I..\..\FreeRTOS_Source\include -I..\..\FreeRTOS_Source\portable\MemMang -I..\..\FreeRTOS_Source -I. -IGenerated_Source\PSoC5 -Wa,-alh=.\CortexM3\ARM_GCC_493\Debug/UART_1_BOOT.lst -g -Wall -ffunction-sections -O0 -ffat-lto-objects -c Generated_Source\PSoC5\UART_1_BOOT.c -o .\CortexM3\ARM_GCC_493\Debug\UART_1_BOOT.o
arm-none-eabi-gcc.exe -mcpu=cortex-m3 -mthumb -I..\..\FreeRTOS_Source\portable\GCC\ARM_CM3 -I..\..\FreeRTOS_Source\include -I..\..\FreeRTOS_Source\portable\MemMang -I..\..\FreeRTOS_Source -I. -IGenerated_Source\PSoC5 -Wa,-alh=.\CortexM3\ARM_GCC_493\Debug/Tx_1.lst -g -Wall -ffunction-sections -O0 -ffat-lto-objects -c Generated_Source\PSoC5\Tx_1.c -o .\CortexM3\ARM_GCC_493\Debug\Tx_1.o
arm-none-eabi-gcc.exe -mcpu=cortex-m3 -mthumb -I..\..\FreeRTOS_Source\portable\GCC\ARM_CM3 -I..\..\FreeRTOS_Source\include -I..\..\FreeRTOS_Source\portable\MemMang -I..\..\FreeRTOS_Source -I. -IGenerated_Source\PSoC5 -Wa,-alh=.\CortexM3\ARM_GCC_493\Debug/isr_UART1_TX_BYTE_COMPLETE.lst -g -Wall -ffunction-sections -O0 -ffat-lto-objects -c Generated_Source\PSoC5\isr_UART1_TX_BYTE_COMPLETE.c -o .\CortexM3\ARM_GCC_493\Debug\isr_UART1_TX_BYTE_COMPLETE.o
arm-none-eabi-gcc.exe -mcpu=cortex-m3 -mthumb -I..\..\FreeRTOS_Source\portable\GCC\ARM_CM3 -I..\..\FreeRTOS_Source\include -I..\..\FreeRTOS_Source\portable\MemMang -I..\..\FreeRTOS_Source -I. -IGenerated_Source\PSoC5 -Wa,-alh=.\CortexM3\ARM_GCC_493\Debug/isr_UART1_RX_BYTE_RECEIVED.lst -g -Wall -ffunction-sections -O0 -ffat-lto-objects -c Generated_Source\PSoC5\isr_UART1_RX_BYTE_RECEIVED.c -o .\CortexM3\ARM_GCC_493\Debug\isr_UART1_RX_BYTE_RECEIVED.o
arm-none-eabi-gcc.exe -mcpu=cortex-m3 -mthumb -I..\..\FreeRTOS_Source\portable\GCC\ARM_CM3 -I..\..\FreeRTOS_Source\include -I..\..\FreeRTOS_Source\portable\MemMang -I..\..\FreeRTOS_Source -I. -IGenerated_Source\PSoC5 -Wa,-alh=.\CortexM3\ARM_GCC_493\Debug/UART_1_IntClock.lst -g -Wall -ffunction-sections -O0 -ffat-lto-objects -c Generated_Source\PSoC5\UART_1_IntClock.c -o .\CortexM3\ARM_GCC_493\Debug\UART_1_IntClock.o
arm-none-eabi-gcc.exe -mcpu=cortex-m3 -mthumb -I..\..\FreeRTOS_Source\portable\GCC\ARM_CM3 -I..\..\FreeRTOS_Source\include -I..\..\FreeRTOS_Source\portable\MemMang -I..\..\FreeRTOS_Source -I. -IGenerated_Source\PSoC5 -Wa,-alh=.\CortexM3\ARM_GCC_493\Debug/Cm3Start.lst -g -Wall -ffunction-sections -O0 -ffat-lto-objects -c Generated_Source\PSoC5\Cm3Start.c -o .\CortexM3\ARM_GCC_493\Debug\Cm3Start.o
arm-none-eabi-gcc.exe -mcpu=cortex-m3 -mthumb -I..\..\FreeRTOS_Source\portable\GCC\ARM_CM3 -I..\..\FreeRTOS_Source\include -I..\..\FreeRTOS_Source\portable\MemMang -I..\..\FreeRTOS_Source -I. -IGenerated_Source\PSoC5 -Wa,-alh=.\CortexM3\ARM_GCC_493\Debug/CyDmac.lst -g -Wall -ffunction-sections -O0 -ffat-lto-objects -c Generated_Source\PSoC5\CyDmac.c -o .\CortexM3\ARM_GCC_493\Debug\CyDmac.o
arm-none-eabi-gcc.exe -mcpu=cortex-m3 -mthumb -I..\..\FreeRTOS_Source\portable\GCC\ARM_CM3 -I..\..\FreeRTOS_Source\include -I..\..\FreeRTOS_Source\portable\MemMang -I..\..\FreeRTOS_Source -I. -IGenerated_Source\PSoC5 -Wa,-alh=.\CortexM3\ARM_GCC_493\Debug/CyFlash.lst -g -Wall -ffunction-sections -O0 -ffat-lto-objects -c Generated_Source\PSoC5\CyFlash.c -o .\CortexM3\ARM_GCC_493\Debug\CyFlash.o
arm-none-eabi-gcc.exe -mcpu=cortex-m3 -mthumb -I..\..\FreeRTOS_Source\portable\GCC\ARM_CM3 -I..\..\FreeRTOS_Source\include -I..\..\FreeRTOS_Source\portable\MemMang -I..\..\FreeRTOS_Source -I. -IGenerated_Source\PSoC5 -Wa,-alh=.\CortexM3\ARM_GCC_493\Debug/CyLib.lst -g -Wall -ffunction-sections -O0 -ffat-lto-objects -c Generated_Source\PSoC5\CyLib.c -o .\CortexM3\ARM_GCC_493\Debug\CyLib.o
arm-none-eabi-gcc.exe -mcpu=cortex-m3 -mthumb -I..\..\FreeRTOS_Source\portable\GCC\ARM_CM3 -I..\..\FreeRTOS_Source\include -I..\..\FreeRTOS_Source\portable\MemMang -I..\..\FreeRTOS_Source -I. -IGenerated_Source\PSoC5 -Wa,-alh=.\CortexM3\ARM_GCC_493\Debug/cyPm.lst -g -Wall -ffunction-sections -O0 -ffat-lto-objects -c Generated_Source\PSoC5\cyPm.c -o .\CortexM3\ARM_GCC_493\Debug\cyPm.o
arm-none-eabi-gcc.exe -mcpu=cortex-m3 -mthumb -I..\..\FreeRTOS_Source\portable\GCC\ARM_CM3 -I..\..\FreeRTOS_Source\include -I..\..\FreeRTOS_Source\portable\MemMang -I..\..\FreeRTOS_Source -I. -IGenerated_Source\PSoC5 -Wa,-alh=.\CortexM3\ARM_GCC_493\Debug/CySpc.lst -g -Wall -ffunction-sections -O0 -ffat-lto-objects -c Generated_Source\PSoC5\CySpc.c -o .\CortexM3\ARM_GCC_493\Debug\CySpc.o
arm-none-eabi-gcc.exe -mcpu=cortex-m3 -mthumb -I..\..\FreeRTOS_Source\portable\GCC\ARM_CM3 -I..\..\FreeRTOS_Source\include -I..\..\FreeRTOS_Source\portable\MemMang -I..\..\FreeRTOS_Source -I. -IGenerated_Source\PSoC5 -Wa,-alh=.\CortexM3\ARM_GCC_493\Debug/cyutils.lst -g -Wall -ffunction-sections -O0 -ffat-lto-objects -c Generated_Source\PSoC5\cyutils.c -o .\CortexM3\ARM_GCC_493\Debug\cyutils.o
arm-none-eabi-gcc.exe -mcpu=cortex-m3 -mthumb -I..\..\FreeRTOS_Source\portable\GCC\ARM_CM3 -I..\..\FreeRTOS_Source\include -I..\..\FreeRTOS_Source\portable\MemMang -I..\..\FreeRTOS_Source -I. -IGenerated_Source\PSoC5 -Wa,-alh=.\CortexM3\ARM_GCC_493\Debug/PWM_M1.lst -g -Wall -ffunction-sections -O0 -ffat-lto-objects -c Generated_Source\PSoC5\PWM_M1.c -o .\CortexM3\ARM_GCC_493\Debug\PWM_M1.o
arm-none-eabi-gcc.exe -mcpu=cortex-m3 -mthumb -I..\..\FreeRTOS_Source\portable\GCC\ARM_CM3 -I..\..\FreeRTOS_Source\include -I..\..\FreeRTOS_Source\portable\MemMang -I..\..\FreeRTOS_Source -I. -IGenerated_Source\PSoC5 -Wa,-alh=.\CortexM3\ARM_GCC_493\Debug/PWM_M1_PM.lst -g -Wall -ffunction-sections -O0 -ffat-lto-objects -c Generated_Source\PSoC5\PWM_M1_PM.c -o .\CortexM3\ARM_GCC_493\Debug\PWM_M1_PM.o
arm-none-eabi-gcc.exe -mcpu=cortex-m3 -mthumb -I..\..\FreeRTOS_Source\portable\GCC\ARM_CM3 -I..\..\FreeRTOS_Source\include -I..\..\FreeRTOS_Source\portable\MemMang -I..\..\FreeRTOS_Source -I. -IGenerated_Source\PSoC5 -Wa,-alh=.\CortexM3\ARM_GCC_493\Debug/MClock.lst -g -Wall -ffunction-sections -O0 -ffat-lto-objects -c Generated_Source\PSoC5\MClock.c -o .\CortexM3\ARM_GCC_493\Debug\MClock.o
arm-none-eabi-gcc.exe -mcpu=cortex-m3 -mthumb -I..\..\FreeRTOS_Source\portable\GCC\ARM_CM3 -I..\..\FreeRTOS_Source\include -I..\..\FreeRTOS_Source\portable\MemMang -I..\..\FreeRTOS_Source -I. -IGenerated_Source\PSoC5 -Wa,-alh=.\CortexM3\ARM_GCC_493\Debug/M1_FWD.lst -g -Wall -ffunction-sections -O0 -ffat-lto-objects -c Generated_Source\PSoC5\M1_FWD.c -o .\CortexM3\ARM_GCC_493\Debug\M1_FWD.o
arm-none-eabi-gcc.exe -mcpu=cortex-m3 -mthumb -I..\..\FreeRTOS_Source\portable\GCC\ARM_CM3 -I..\..\FreeRTOS_Source\include -I..\..\FreeRTOS_Source\portable\MemMang -I..\..\FreeRTOS_Source -I. -IGenerated_Source\PSoC5 -Wa,-alh=.\CortexM3\ARM_GCC_493\Debug/M1_BWD.lst -g -Wall -ffunction-sections -O0 -ffat-lto-objects -c Generated_Source\PSoC5\M1_BWD.c -o .\CortexM3\ARM_GCC_493\Debug\M1_BWD.o
arm-none-eabi-gcc.exe -mcpu=cortex-m3 -mthumb -I..\..\FreeRTOS_Source\portable\GCC\ARM_CM3 -I..\..\FreeRTOS_Source\include -I..\..\FreeRTOS_Source\portable\MemMang -I..\..\FreeRTOS_Source -I. -IGenerated_Source\PSoC5 -Wa,-alh=.\CortexM3\ARM_GCC_493\Debug/PWM_M2.lst -g -Wall -ffunction-sections -O0 -ffat-lto-objects -c Generated_Source\PSoC5\PWM_M2.c -o .\CortexM3\ARM_GCC_493\Debug\PWM_M2.o
arm-none-eabi-gcc.exe -mcpu=cortex-m3 -mthumb -I..\..\FreeRTOS_Source\portable\GCC\ARM_CM3 -I..\..\FreeRTOS_Source\include -I..\..\FreeRTOS_Source\portable\MemMang -I..\..\FreeRTOS_Source -I. -IGenerated_Source\PSoC5 -Wa,-alh=.\CortexM3\ARM_GCC_493\Debug/PWM_M2_PM.lst -g -Wall -ffunction-sections -O0 -ffat-lto-objects -c Generated_Source\PSoC5\PWM_M2_PM.c -o .\CortexM3\ARM_GCC_493\Debug\PWM_M2_PM.o
arm-none-eabi-gcc.exe -mcpu=cortex-m3 -mthumb -I..\..\FreeRTOS_Source\portable\GCC\ARM_CM3 -I..\..\FreeRTOS_Source\include -I..\..\FreeRTOS_Source\portable\MemMang -I..\..\FreeRTOS_Source -I. -IGenerated_Source\PSoC5 -Wa,-alh=.\CortexM3\ARM_GCC_493\Debug/M2_FWD.lst -g -Wall -ffunction-sections -O0 -ffat-lto-objects -c Generated_Source\PSoC5\M2_FWD.c -o .\CortexM3\ARM_GCC_493\Debug\M2_FWD.o
arm-none-eabi-gcc.exe -mcpu=cortex-m3 -mthumb -I..\..\FreeRTOS_Source\portable\GCC\ARM_CM3 -I..\..\FreeRTOS_Source\include -I..\..\FreeRTOS_Source\portable\MemMang -I..\..\FreeRTOS_Source -I. -IGenerated_Source\PSoC5 -Wa,-alh=.\CortexM3\ARM_GCC_493\Debug/M2_BWD.lst -g -Wall -ffunction-sections -O0 -ffat-lto-objects -c Generated_Source\PSoC5\M2_BWD.c -o .\CortexM3\ARM_GCC_493\Debug\M2_BWD.o
arm-none-eabi-gcc.exe -mcpu=cortex-m3 -mthumb -I..\..\FreeRTOS_Source\portable\GCC\ARM_CM3 -I..\..\FreeRTOS_Source\include -I..\..\FreeRTOS_Source\portable\MemMang -I..\..\FreeRTOS_Source -I. -IGenerated_Source\PSoC5 -Wa,-alh=.\CortexM3\ARM_GCC_493\Debug/PWM_Out_1.lst -g -Wall -ffunction-sections -O0 -ffat-lto-objects -c Generated_Source\PSoC5\PWM_Out_1.c -o .\CortexM3\ARM_GCC_493\Debug\PWM_Out_1.o
arm-none-eabi-gcc.exe -mcpu=cortex-m3 -mthumb -I..\..\FreeRTOS_Source\portable\GCC\ARM_CM3 -I..\..\FreeRTOS_Source\include -I..\..\FreeRTOS_Source\portable\MemMang -I..\..\FreeRTOS_Source -I. -IGenerated_Source\PSoC5 -Wa,-alh=.\CortexM3\ARM_GCC_493\Debug/PWM_Out_2.lst -g -Wall -ffunction-sections -O0 -ffat-lto-objects -c Generated_Source\PSoC5\PWM_Out_2.c -o .\CortexM3\ARM_GCC_493\Debug\PWM_Out_2.o
arm-none-eabi-gcc.exe -mcpu=cortex-m3 -mthumb -I..\..\FreeRTOS_Source\portable\GCC\ARM_CM3 -I..\..\FreeRTOS_Source\include -I..\..\FreeRTOS_Source\portable\MemMang -I..\..\FreeRTOS_Source -I. -IGenerated_Source\PSoC5 -Wa,-alh=.\CortexM3\ARM_GCC_493\Debug/Standby.lst -g -Wall -ffunction-sections -O0 -ffat-lto-objects -c Generated_Source\PSoC5\Standby.c -o .\CortexM3\ARM_GCC_493\Debug\Standby.o
arm-none-eabi-gcc.exe -mcpu=cortex-m3 -mthumb -I..\..\FreeRTOS_Source\portable\GCC\ARM_CM3 -I..\..\FreeRTOS_Source\include -I..\..\FreeRTOS_Source\portable\MemMang -I..\..\FreeRTOS_Source -I. -IGenerated_Source\PSoC5 -Wa,-alh=.\CortexM3\ARM_GCC_493\Debug/M1QuadDec.lst -g -Wall -ffunction-sections -O0 -ffat-lto-objects -c Generated_Source\PSoC5\M1QuadDec.c -o .\CortexM3\ARM_GCC_493\Debug\M1QuadDec.o
arm-none-eabi-gcc.exe -mcpu=cortex-m3 -mthumb -I..\..\FreeRTOS_Source\portable\GCC\ARM_CM3 -I..\..\FreeRTOS_Source\include -I..\..\FreeRTOS_Source\portable\MemMang -I..\..\FreeRTOS_Source -I. -IGenerated_Source\PSoC5 -Wa,-alh=.\CortexM3\ARM_GCC_493\Debug/M1QuadDec_INT.lst -g -Wall -ffunction-sections -O0 -ffat-lto-objects -c Generated_Source\PSoC5\M1QuadDec_INT.c -o .\CortexM3\ARM_GCC_493\Debug\M1QuadDec_INT.o
arm-none-eabi-gcc.exe -mcpu=cortex-m3 -mthumb -I..\..\FreeRTOS_Source\portable\GCC\ARM_CM3 -I..\..\FreeRTOS_Source\include -I..\..\FreeRTOS_Source\portable\MemMang -I..\..\FreeRTOS_Source -I. -IGenerated_Source\PSoC5 -Wa,-alh=.\CortexM3\ARM_GCC_493\Debug/M1QuadDec_PM.lst -g -Wall -ffunction-sections -O0 -ffat-lto-objects -c Generated_Source\PSoC5\M1QuadDec_PM.c -o .\CortexM3\ARM_GCC_493\Debug\M1QuadDec_PM.o
arm-none-eabi-gcc.exe -mcpu=cortex-m3 -mthumb -I..\..\FreeRTOS_Source\portable\GCC\ARM_CM3 -I..\..\FreeRTOS_Source\include -I..\..\FreeRTOS_Source\portable\MemMang -I..\..\FreeRTOS_Source -I. -IGenerated_Source\PSoC5 -Wa,-alh=.\CortexM3\ARM_GCC_493\Debug/M1_Phase1.lst -g -Wall -ffunction-sections -O0 -ffat-lto-objects -c Generated_Source\PSoC5\M1_Phase1.c -o .\CortexM3\ARM_GCC_493\Debug\M1_Phase1.o
arm-none-eabi-gcc.exe -mcpu=cortex-m3 -mthumb -I..\..\FreeRTOS_Source\portable\GCC\ARM_CM3 -I..\..\FreeRTOS_Source\include -I..\..\FreeRTOS_Source\portable\MemMang -I..\..\FreeRTOS_Source -I. -IGenerated_Source\PSoC5 -Wa,-alh=.\CortexM3\ARM_GCC_493\Debug/M1_Phase2.lst -g -Wall -ffunction-sections -O0 -ffat-lto-objects -c Generated_Source\PSoC5\M1_Phase2.c -o .\CortexM3\ARM_GCC_493\Debug\M1_Phase2.o
arm-none-eabi-gcc.exe -mcpu=cortex-m3 -mthumb -I..\..\FreeRTOS_Source\portable\GCC\ARM_CM3 -I..\..\FreeRTOS_Source\include -I..\..\FreeRTOS_Source\portable\MemMang -I..\..\FreeRTOS_Source -I. -IGenerated_Source\PSoC5 -Wa,-alh=.\CortexM3\ARM_GCC_493\Debug/M1Clock.lst -g -Wall -ffunction-sections -O0 -ffat-lto-objects -c Generated_Source\PSoC5\M1Clock.c -o .\CortexM3\ARM_GCC_493\Debug\M1Clock.o
arm-none-eabi-gcc.exe -mcpu=cortex-m3 -mthumb -I..\..\FreeRTOS_Source\portable\GCC\ARM_CM3 -I..\..\FreeRTOS_Source\include -I..\..\FreeRTOS_Source\portable\MemMang -I..\..\FreeRTOS_Source -I. -IGenerated_Source\PSoC5 -Wa,-alh=.\CortexM3\ARM_GCC_493\Debug/M2QuadDec.lst -g -Wall -ffunction-sections -O0 -ffat-lto-objects -c Generated_Source\PSoC5\M2QuadDec.c -o .\CortexM3\ARM_GCC_493\Debug\M2QuadDec.o
arm-none-eabi-gcc.exe -mcpu=cortex-m3 -mthumb -I..\..\FreeRTOS_Source\portable\GCC\ARM_CM3 -I..\..\FreeRTOS_Source\include -I..\..\FreeRTOS_Source\portable\MemMang -I..\..\FreeRTOS_Source -I. -IGenerated_Source\PSoC5 -Wa,-alh=.\CortexM3\ARM_GCC_493\Debug/M2QuadDec_INT.lst -g -Wall -ffunction-sections -O0 -ffat-lto-objects -c Generated_Source\PSoC5\M2QuadDec_INT.c -o .\CortexM3\ARM_GCC_493\Debug\M2QuadDec_INT.o
arm-none-eabi-gcc.exe -mcpu=cortex-m3 -mthumb -I..\..\FreeRTOS_Source\portable\GCC\ARM_CM3 -I..\..\FreeRTOS_Source\include -I..\..\FreeRTOS_Source\portable\MemMang -I..\..\FreeRTOS_Source -I. -IGenerated_Source\PSoC5 -Wa,-alh=.\CortexM3\ARM_GCC_493\Debug/M2QuadDec_PM.lst -g -Wall -ffunction-sections -O0 -ffat-lto-objects -c Generated_Source\PSoC5\M2QuadDec_PM.c -o .\CortexM3\ARM_GCC_493\Debug\M2QuadDec_PM.o
arm-none-eabi-gcc.exe -mcpu=cortex-m3 -mthumb -I..\..\FreeRTOS_Source\portable\GCC\ARM_CM3 -I..\..\FreeRTOS_Source\include -I..\..\FreeRTOS_Source\portable\MemMang -I..\..\FreeRTOS_Source -I. -IGenerated_Source\PSoC5 -Wa,-alh=.\CortexM3\ARM_GCC_493\Debug/M2_Phase1.lst -g -Wall -ffunction-sections -O0 -ffat-lto-objects -c Generated_Source\PSoC5\M2_Phase1.c -o .\CortexM3\ARM_GCC_493\Debug\M2_Phase1.o
arm-none-eabi-gcc.exe -mcpu=cortex-m3 -mthumb -I..\..\FreeRTOS_Source\portable\GCC\ARM_CM3 -I..\..\FreeRTOS_Source\include -I..\..\FreeRTOS_Source\portable\MemMang -I..\..\FreeRTOS_Source -I. -IGenerated_Source\PSoC5 -Wa,-alh=.\CortexM3\ARM_GCC_493\Debug/M2_Phase2.lst -g -Wall -ffunction-sections -O0 -ffat-lto-objects -c Generated_Source\PSoC5\M2_Phase2.c -o .\CortexM3\ARM_GCC_493\Debug\M2_Phase2.o
arm-none-eabi-gcc.exe -mcpu=cortex-m3 -mthumb -I..\..\FreeRTOS_Source\portable\GCC\ARM_CM3 -I..\..\FreeRTOS_Source\include -I..\..\FreeRTOS_Source\portable\MemMang -I..\..\FreeRTOS_Source -I. -IGenerated_Source\PSoC5 -Wa,-alh=.\CortexM3\ARM_GCC_493\Debug/M1QuadDec_isr.lst -g -Wall -ffunction-sections -O0 -ffat-lto-objects -c Generated_Source\PSoC5\M1QuadDec_isr.c -o .\CortexM3\ARM_GCC_493\Debug\M1QuadDec_isr.o
arm-none-eabi-gcc.exe -mcpu=cortex-m3 -mthumb -I..\..\FreeRTOS_Source\portable\GCC\ARM_CM3 -I..\..\FreeRTOS_Source\include -I..\..\FreeRTOS_Source\portable\MemMang -I..\..\FreeRTOS_Source -I. -IGenerated_Source\PSoC5 -Wa,-alh=.\CortexM3\ARM_GCC_493\Debug/M1QuadDec_Cnt16.lst -g -Wall -ffunction-sections -O0 -ffat-lto-objects -c Generated_Source\PSoC5\M1QuadDec_Cnt16.c -o .\CortexM3\ARM_GCC_493\Debug\M1QuadDec_Cnt16.o
arm-none-eabi-gcc.exe -mcpu=cortex-m3 -mthumb -I..\..\FreeRTOS_Source\portable\GCC\ARM_CM3 -I..\..\FreeRTOS_Source\include -I..\..\FreeRTOS_Source\portable\MemMang -I..\..\FreeRTOS_Source -I. -IGenerated_Source\PSoC5 -Wa,-alh=.\CortexM3\ARM_GCC_493\Debug/M1QuadDec_Cnt16_PM.lst -g -Wall -ffunction-sections -O0 -ffat-lto-objects -c Generated_Source\PSoC5\M1QuadDec_Cnt16_PM.c -o .\CortexM3\ARM_GCC_493\Debug\M1QuadDec_Cnt16_PM.o
arm-none-eabi-gcc.exe -mcpu=cortex-m3 -mthumb -I..\..\FreeRTOS_Source\portable\GCC\ARM_CM3 -I..\..\FreeRTOS_Source\include -I..\..\FreeRTOS_Source\portable\MemMang -I..\..\FreeRTOS_Source -I. -IGenerated_Source\PSoC5 -Wa,-alh=.\CortexM3\ARM_GCC_493\Debug/M2QuadDec_isr.lst -g -Wall -ffunction-sections -O0 -ffat-lto-objects -c Generated_Source\PSoC5\M2QuadDec_isr.c -o .\CortexM3\ARM_GCC_493\Debug\M2QuadDec_isr.o
arm-none-eabi-gcc.exe -mcpu=cortex-m3 -mthumb -I..\..\FreeRTOS_Source\portable\GCC\ARM_CM3 -I..\..\FreeRTOS_Source\include -I..\..\FreeRTOS_Source\portable\MemMang -I..\..\FreeRTOS_Source -I. -IGenerated_Source\PSoC5 -Wa,-alh=.\CortexM3\ARM_GCC_493\Debug/M2QuadDec_Cnt16.lst -g -Wall -ffunction-sections -O0 -ffat-lto-objects -c Generated_Source\PSoC5\M2QuadDec_Cnt16.c -o .\CortexM3\ARM_GCC_493\Debug\M2QuadDec_Cnt16.o
arm-none-eabi-gcc.exe -mcpu=cortex-m3 -mthumb -I..\..\FreeRTOS_Source\portable\GCC\ARM_CM3 -I..\..\FreeRTOS_Source\include -I..\..\FreeRTOS_Source\portable\MemMang -I..\..\FreeRTOS_Source -I. -IGenerated_Source\PSoC5 -Wa,-alh=.\CortexM3\ARM_GCC_493\Debug/M2QuadDec_Cnt16_PM.lst -g -Wall -ffunction-sections -O0 -ffat-lto-objects -c Generated_Source\PSoC5\M2QuadDec_Cnt16_PM.c -o .\CortexM3\ARM_GCC_493\Debug\M2QuadDec_Cnt16_PM.o
arm-none-eabi-gcc.exe -mcpu=cortex-m3 -mthumb -I..\..\FreeRTOS_Source\portable\GCC\ARM_CM3 -I..\..\FreeRTOS_Source\include -I..\..\FreeRTOS_Source\portable\MemMang -I..\..\FreeRTOS_Source -I. -IGenerated_Source\PSoC5 -Wa,-alh=.\CortexM3\ARM_GCC_493\Debug/Timer_1.lst -g -Wall -ffunction-sections -O0 -ffat-lto-objects -c Generated_Source\PSoC5\Timer_1.c -o .\CortexM3\ARM_GCC_493\Debug\Timer_1.o
arm-none-eabi-gcc.exe -mcpu=cortex-m3 -mthumb -I..\..\FreeRTOS_Source\portable\GCC\ARM_CM3 -I..\..\FreeRTOS_Source\include -I..\..\FreeRTOS_Source\portable\MemMang -I..\..\FreeRTOS_Source -I. -IGenerated_Source\PSoC5 -Wa,-alh=.\CortexM3\ARM_GCC_493\Debug/Timer_1_PM.lst -g -Wall -ffunction-sections -O0 -ffat-lto-objects -c Generated_Source\PSoC5\Timer_1_PM.c -o .\CortexM3\ARM_GCC_493\Debug\Timer_1_PM.o
arm-none-eabi-gcc.exe -mcpu=cortex-m3 -mthumb -I..\..\FreeRTOS_Source\portable\GCC\ARM_CM3 -I..\..\FreeRTOS_Source\include -I..\..\FreeRTOS_Source\portable\MemMang -I..\..\FreeRTOS_Source -I. -IGenerated_Source\PSoC5 -Wa,-alh=.\CortexM3\ARM_GCC_493\Debug/LED.lst -g -Wall -ffunction-sections -O0 -ffat-lto-objects -c Generated_Source\PSoC5\LED.c -o .\CortexM3\ARM_GCC_493\Debug\LED.o
arm-none-eabi-as.exe -mcpu=cortex-m3 -mthumb -I. -IGenerated_Source\PSoC5 -alh=.\CortexM3\ARM_GCC_493\Debug/CyBootAsmGnu.lst -g -o .\CortexM3\ARM_GCC_493\Debug\CyBootAsmGnu.o Generated_Source\PSoC5\CyBootAsmGnu.s
arm-none-eabi-ar.exe -rs .\CortexM3\ARM_GCC_493\Debug\FreeRTOS_Demo.a .\CortexM3\ARM_GCC_493\Debug\cyfitter_cfg.o .\CortexM3\ARM_GCC_493\Debug\UART_1.o .\CortexM3\ARM_GCC_493\Debug\UART_1_PM.o .\CortexM3\ARM_GCC_493\Debug\UART_1_INT.o .\CortexM3\ARM_GCC_493\Debug\UART_1_BOOT.o .\CortexM3\ARM_GCC_493\Debug\Tx_1.o .\CortexM3\ARM_GCC_493\Debug\isr_UART1_TX_BYTE_COMPLETE.o .\CortexM3\ARM_GCC_493\Debug\isr_UART1_RX_BYTE_RECEIVED.o .\CortexM3\ARM_GCC_493\Debug\UART_1_IntClock.o .\CortexM3\ARM_GCC_493\Debug\CyDmac.o .\CortexM3\ARM_GCC_493\Debug\CyFlash.o .\CortexM3\ARM_GCC_493\Debug\CyLib.o .\CortexM3\ARM_GCC_493\Debug\cyPm.o .\CortexM3\ARM_GCC_493\Debug\CySpc.o .\CortexM3\ARM_GCC_493\Debug\cyutils.o .\CortexM3\ARM_GCC_493\Debug\PWM_M1.o .\CortexM3\ARM_GCC_493\Debug\PWM_M1_PM.o .\CortexM3\ARM_GCC_493\Debug\MClock.o .\CortexM3\ARM_GCC_493\Debug\M1_FWD.o .\CortexM3\ARM_GCC_493\Debug\M1_BWD.o .\CortexM3\ARM_GCC_493\Debug\PWM_M2.o .\CortexM3\ARM_GCC_493\Debug\PWM_M2_PM.o .\CortexM3\ARM_GCC_493\Debug\M2_FWD.o .\CortexM3\ARM_GCC_493\Debug\M2_BWD.o .\CortexM3\ARM_GCC_493\Debug\PWM_Out_1.o .\CortexM3\ARM_GCC_493\Debug\PWM_Out_2.o .\CortexM3\ARM_GCC_493\Debug\Standby.o .\CortexM3\ARM_GCC_493\Debug\M1QuadDec.o .\CortexM3\ARM_GCC_493\Debug\M1QuadDec_INT.o .\CortexM3\ARM_GCC_493\Debug\M1QuadDec_PM.o .\CortexM3\ARM_GCC_493\Debug\M1_Phase1.o .\CortexM3\ARM_GCC_493\Debug\M1_Phase2.o .\CortexM3\ARM_GCC_493\Debug\M1Clock.o .\CortexM3\ARM_GCC_493\Debug\M2QuadDec.o .\CortexM3\ARM_GCC_493\Debug\M2QuadDec_INT.o .\CortexM3\ARM_GCC_493\Debug\M2QuadDec_PM.o .\CortexM3\ARM_GCC_493\Debug\M2_Phase1.o .\CortexM3\ARM_GCC_493\Debug\M2_Phase2.o .\CortexM3\ARM_GCC_493\Debug\M1QuadDec_isr.o .\CortexM3\ARM_GCC_493\Debug\M1QuadDec_Cnt16.o .\CortexM3\ARM_GCC_493\Debug\M1QuadDec_Cnt16_PM.o .\CortexM3\ARM_GCC_493\Debug\M2QuadDec_isr.o .\CortexM3\ARM_GCC_493\Debug\M2QuadDec_Cnt16.o .\CortexM3\ARM_GCC_493\Debug\M2QuadDec_Cnt16_PM.o .\CortexM3\ARM_GCC_493\Debug\Timer_1.o .\CortexM3\ARM_GCC_493\Debug\Timer_1_PM.o .\CortexM3\ARM_GCC_493\Debug\LED.o .\CortexM3\ARM_GCC_493\Debug\CyBootAsmGnu.o
arm-none-eabi-ar.exe: creating .\CortexM3\ARM_GCC_493\Debug\FreeRTOS_Demo.a
arm-none-eabi-gcc.exe -Wl,--start-group -o .\CortexM3\ARM_GCC_493\Debug\FreeRTOS_Demo.elf .\CortexM3\ARM_GCC_493\Debug\croutine.o .\CortexM3\ARM_GCC_493\Debug\list.o .\CortexM3\ARM_GCC_493\Debug\queue.o .\CortexM3\ARM_GCC_493\Debug\tasks.o .\CortexM3\ARM_GCC_493\Debug\port.o .\CortexM3\ARM_GCC_493\Debug\heap_2.o .\CortexM3\ARM_GCC_493\Debug\IntQueueTimer.o .\CortexM3\ARM_GCC_493\Debug\main.o .\CortexM3\ARM_GCC_493\Debug\Serial.o .\CortexM3\ARM_GCC_493\Debug\movement.o .\CortexM3\ARM_GCC_493\Debug\comtest.o .\CortexM3\ARM_GCC_493\Debug\cymetadata.o .\CortexM3\ARM_GCC_493\Debug\Cm3Start.o .\CortexM3\ARM_GCC_493\Debug\FreeRTOS_Demo.a "C:\Program Files (x86)\Cypress\PSoC Creator\4.0\PSoC Creator\psoc\content\cycomponentlibrary\CyComponentLibrary.cylib\CortexM3\ARM_GCC_493\Debug\CyComponentLibrary.a" -mcpu=cortex-m3 -mthumb -g -ffunction-sections -O0 -ffat-lto-objects -L Generated_Source\PSoC5 -Wl,-Map,.\CortexM3\ARM_GCC_493\Debug/FreeRTOS_Demo.map -T C:\Users\tadge\Documents\GitHub\FYP_PSOCCreator_Follower\FYP_New_Test\CORTEX_CY8C5588_PSoC_Creator_GCC\FreeRTOS_Demo.cydsn\Generated_Source\PSoC5\cm3gcc.ld -specs=nano.specs -Wl,--gc-sections -Wl,--end-group
cyelftool.exe -C C:\Users\tadge\Documents\GitHub\FYP_PSOCCreator_Follower\FYP_New_Test\CORTEX_CY8C5588_PSoC_Creator_GCC\FreeRTOS_Demo.cydsn\CortexM3\ARM_GCC_493\Debug\FreeRTOS_Demo.elf --flash_row_size 256 --flash_size 262144
cyelftool.exe -S C:\Users\tadge\Documents\GitHub\FYP_PSOCCreator_Follower\FYP_New_Test\CORTEX_CY8C5588_PSoC_Creator_GCC\FreeRTOS_Demo.cydsn\CortexM3\ARM_GCC_493\Debug\FreeRTOS_Demo.elf
Flash used: 21352 of 262144 bytes (8.1%).
SRAM used: 35741 of 65536 bytes (54.5%). Stack: 1024 bytes. Heap: 0 bytes.
--------------- Build Succeeded: 07/16/2018 14:49:28 ---------------
