ARM GAS  C:\Users\shevi\AppData\Local\Temp\cc2YTEXG.s 			page 1


   1              		.syntax unified
   2              		.cpu cortex-m3
   3              		.fpu softvfp
   4              		.eabi_attribute 20, 1
   5              		.eabi_attribute 21, 1
   6              		.eabi_attribute 23, 3
   7              		.eabi_attribute 24, 1
   8              		.eabi_attribute 25, 1
   9              		.eabi_attribute 26, 1
  10              		.eabi_attribute 30, 6
  11              		.eabi_attribute 34, 1
  12              		.eabi_attribute 18, 4
  13              		.thumb
  14              		.file	"movement.c"
  15              		.text
  16              	.Ltext0:
  17              		.cfi_sections	.debug_frame
  18              		.bss
  19              		.align	2
  20              	pxPort:
  21 0000 00000000 		.space	4
  22              		.section	.text.turn_wheel,"ax",%progbits
  23              		.align	2
  24              		.global	turn_wheel
  25              		.thumb
  26              		.thumb_func
  27              		.type	turn_wheel, %function
  28              	turn_wheel:
  29              	.LFB68:
  30              		.file 1 "movement.c"
   1:movement.c    **** /* Standard includes */
   2:movement.c    **** #include "project.h"
   3:movement.c    **** #include <math.h>
   4:movement.c    **** #include <stdio.h>
   5:movement.c    **** #include <stdint.h>
   6:movement.c    **** #include <stdlib.h>
   7:movement.c    **** #include <time.h>
   8:movement.c    **** 
   9:movement.c    **** /* FreeRTOS includes */
  10:movement.c    **** #include "FreeRTOS.h"
  11:movement.c    **** #include "task.h"
  12:movement.c    **** #include "semphr.h"
  13:movement.c    **** #include "serial.h"
  14:movement.c    **** #include "movement.h"
  15:movement.c    **** 
  16:movement.c    **** #define comRX_BLOCK_TIME			( ( TickType_t ) 0xffff )
  17:movement.c    **** 
  18:movement.c    **** static xComPortHandle pxPort = NULL;
  19:movement.c    **** 
  20:movement.c    **** 
  21:movement.c    **** 
  22:movement.c    **** 
  23:movement.c    **** void turn_wheel(char side, int volt) {
  31              		.loc 1 23 0
  32              		.cfi_startproc
  33              		@ args = 0, pretend = 0, frame = 8
  34              		@ frame_needed = 1, uses_anonymous_args = 0
ARM GAS  C:\Users\shevi\AppData\Local\Temp\cc2YTEXG.s 			page 2


  35 0000 80B5     		push	{r7, lr}
  36              		.cfi_def_cfa_offset 8
  37              		.cfi_offset 7, -8
  38              		.cfi_offset 14, -4
  39 0002 82B0     		sub	sp, sp, #8
  40              		.cfi_def_cfa_offset 16
  41 0004 00AF     		add	r7, sp, #0
  42              		.cfi_def_cfa_register 7
  43 0006 0346     		mov	r3, r0
  44 0008 3960     		str	r1, [r7]
  45 000a FB71     		strb	r3, [r7, #7]
  24:movement.c    ****     // turning right wheel
  25:movement.c    ****     if (side == 'r'){
  46              		.loc 1 25 0
  47 000c FB79     		ldrb	r3, [r7, #7]	@ zero_extendqisi2
  48 000e 722B     		cmp	r3, #114
  49 0010 24D1     		bne	.L2
  26:movement.c    ****         Standby_Write(1);
  50              		.loc 1 26 0
  51 0012 0120     		movs	r0, #1
  52 0014 FFF7FEFF 		bl	Standby_Write
  27:movement.c    ****         PWM_M2_WriteCompare(abs(volt));
  53              		.loc 1 27 0
  54 0018 3B68     		ldr	r3, [r7]
  55 001a 002B     		cmp	r3, #0
  56 001c B8BF     		it	lt
  57 001e 5B42     		rsblt	r3, r3, #0
  58 0020 9BB2     		uxth	r3, r3
  59 0022 1846     		mov	r0, r3
  60 0024 FFF7FEFF 		bl	PWM_M2_WriteCompare
  28:movement.c    ****         
  29:movement.c    ****         if (volt > 0)
  61              		.loc 1 29 0
  62 0028 3B68     		ldr	r3, [r7]
  63 002a 002B     		cmp	r3, #0
  64 002c 06DD     		ble	.L3
  30:movement.c    ****         {
  31:movement.c    ****             M2_FWD_Write(0);
  65              		.loc 1 31 0
  66 002e 0020     		movs	r0, #0
  67 0030 FFF7FEFF 		bl	M2_FWD_Write
  32:movement.c    ****             M2_BWD_Write(1);
  68              		.loc 1 32 0
  69 0034 0120     		movs	r0, #1
  70 0036 FFF7FEFF 		bl	M2_BWD_Write
  71 003a 0FE0     		b	.L2
  72              	.L3:
  33:movement.c    ****         }
  34:movement.c    ****         else if (volt < 0)
  73              		.loc 1 34 0
  74 003c 3B68     		ldr	r3, [r7]
  75 003e 002B     		cmp	r3, #0
  76 0040 06DA     		bge	.L4
  35:movement.c    ****         {
  36:movement.c    ****             M2_FWD_Write(1);
  77              		.loc 1 36 0
  78 0042 0120     		movs	r0, #1
ARM GAS  C:\Users\shevi\AppData\Local\Temp\cc2YTEXG.s 			page 3


  79 0044 FFF7FEFF 		bl	M2_FWD_Write
  37:movement.c    ****             M2_BWD_Write(0);
  80              		.loc 1 37 0
  81 0048 0020     		movs	r0, #0
  82 004a FFF7FEFF 		bl	M2_BWD_Write
  83 004e 05E0     		b	.L2
  84              	.L4:
  38:movement.c    ****         }
  39:movement.c    ****         else
  40:movement.c    ****         {
  41:movement.c    ****             M2_FWD_Write(0);
  85              		.loc 1 41 0
  86 0050 0020     		movs	r0, #0
  87 0052 FFF7FEFF 		bl	M2_FWD_Write
  42:movement.c    ****             M2_BWD_Write(0);
  88              		.loc 1 42 0
  89 0056 0020     		movs	r0, #0
  90 0058 FFF7FEFF 		bl	M2_BWD_Write
  91              	.L2:
  43:movement.c    ****         }
  44:movement.c    ****     }
  45:movement.c    ****     
  46:movement.c    ****     //turning left wheel
  47:movement.c    ****     if (side == 'l'){
  92              		.loc 1 47 0
  93 005c FB79     		ldrb	r3, [r7, #7]	@ zero_extendqisi2
  94 005e 6C2B     		cmp	r3, #108
  95 0060 24D1     		bne	.L1
  48:movement.c    ****         Standby_Write(1);
  96              		.loc 1 48 0
  97 0062 0120     		movs	r0, #1
  98 0064 FFF7FEFF 		bl	Standby_Write
  49:movement.c    ****         PWM_M1_WriteCompare(abs(volt));
  99              		.loc 1 49 0
 100 0068 3B68     		ldr	r3, [r7]
 101 006a 002B     		cmp	r3, #0
 102 006c B8BF     		it	lt
 103 006e 5B42     		rsblt	r3, r3, #0
 104 0070 9BB2     		uxth	r3, r3
 105 0072 1846     		mov	r0, r3
 106 0074 FFF7FEFF 		bl	PWM_M1_WriteCompare
  50:movement.c    ****         
  51:movement.c    ****         if (volt > 0)
 107              		.loc 1 51 0
 108 0078 3B68     		ldr	r3, [r7]
 109 007a 002B     		cmp	r3, #0
 110 007c 06DD     		ble	.L6
  52:movement.c    ****         {
  53:movement.c    ****             M1_FWD_Write(0);
 111              		.loc 1 53 0
 112 007e 0020     		movs	r0, #0
 113 0080 FFF7FEFF 		bl	M1_FWD_Write
  54:movement.c    ****             M1_BWD_Write(1);
 114              		.loc 1 54 0
 115 0084 0120     		movs	r0, #1
 116 0086 FFF7FEFF 		bl	M1_BWD_Write
 117 008a 0FE0     		b	.L1
ARM GAS  C:\Users\shevi\AppData\Local\Temp\cc2YTEXG.s 			page 4


 118              	.L6:
  55:movement.c    ****         }
  56:movement.c    ****         else if (volt < 0)
 119              		.loc 1 56 0
 120 008c 3B68     		ldr	r3, [r7]
 121 008e 002B     		cmp	r3, #0
 122 0090 06DA     		bge	.L7
  57:movement.c    ****         {
  58:movement.c    ****             M1_FWD_Write(1);
 123              		.loc 1 58 0
 124 0092 0120     		movs	r0, #1
 125 0094 FFF7FEFF 		bl	M1_FWD_Write
  59:movement.c    ****             M1_BWD_Write(0);
 126              		.loc 1 59 0
 127 0098 0020     		movs	r0, #0
 128 009a FFF7FEFF 		bl	M1_BWD_Write
 129 009e 05E0     		b	.L1
 130              	.L7:
  60:movement.c    ****         }
  61:movement.c    ****         else
  62:movement.c    ****         {
  63:movement.c    ****             M1_FWD_Write(0);
 131              		.loc 1 63 0
 132 00a0 0020     		movs	r0, #0
 133 00a2 FFF7FEFF 		bl	M1_FWD_Write
  64:movement.c    ****             M1_BWD_Write(0);
 134              		.loc 1 64 0
 135 00a6 0020     		movs	r0, #0
 136 00a8 FFF7FEFF 		bl	M1_BWD_Write
 137              	.L1:
  65:movement.c    ****         }
  66:movement.c    ****     }
  67:movement.c    **** }
 138              		.loc 1 67 0
 139 00ac 0837     		adds	r7, r7, #8
 140              		.cfi_def_cfa_offset 8
 141 00ae BD46     		mov	sp, r7
 142              		.cfi_def_cfa_register 13
 143              		@ sp needed
 144 00b0 80BD     		pop	{r7, pc}
 145              		.cfi_endproc
 146              	.LFE68:
 147              		.size	turn_wheel, .-turn_wheel
 148 00b2 00BF     		.section	.text.mov_update_error,"ax",%progbits
 149              		.align	2
 150              		.global	mov_update_error
 151              		.thumb
 152              		.thumb_func
 153              		.type	mov_update_error, %function
 154              	mov_update_error:
 155              	.LFB69:
  68:movement.c    **** void mov_update_error(wheel_data *left, wheel_data *right) {
 156              		.loc 1 68 0
 157              		.cfi_startproc
 158              		@ args = 0, pretend = 0, frame = 8
 159              		@ frame_needed = 1, uses_anonymous_args = 0
 160 0000 90B5     		push	{r4, r7, lr}
ARM GAS  C:\Users\shevi\AppData\Local\Temp\cc2YTEXG.s 			page 5


 161              		.cfi_def_cfa_offset 12
 162              		.cfi_offset 4, -12
 163              		.cfi_offset 7, -8
 164              		.cfi_offset 14, -4
 165 0002 83B0     		sub	sp, sp, #12
 166              		.cfi_def_cfa_offset 24
 167 0004 00AF     		add	r7, sp, #0
 168              		.cfi_def_cfa_register 7
 169 0006 7860     		str	r0, [r7, #4]
 170 0008 3960     		str	r1, [r7]
  69:movement.c    ****     left->cur_dest = left->cur_dest + left->inc;
 171              		.loc 1 69 0
 172 000a 7B68     		ldr	r3, [r7, #4]
 173 000c 5A68     		ldr	r2, [r3, #4]
 174 000e 7B68     		ldr	r3, [r7, #4]
 175 0010 9B69     		ldr	r3, [r3, #24]
 176 0012 1A44     		add	r2, r2, r3
 177 0014 7B68     		ldr	r3, [r7, #4]
 178 0016 5A60     		str	r2, [r3, #4]
  70:movement.c    ****     right->cur_dest = right->cur_dest + right->inc;
 179              		.loc 1 70 0
 180 0018 3B68     		ldr	r3, [r7]
 181 001a 5A68     		ldr	r2, [r3, #4]
 182 001c 3B68     		ldr	r3, [r7]
 183 001e 9B69     		ldr	r3, [r3, #24]
 184 0020 1A44     		add	r2, r2, r3
 185 0022 3B68     		ldr	r3, [r7]
 186 0024 5A60     		str	r2, [r3, #4]
  71:movement.c    ****     
  72:movement.c    ****     left->time_prev = left->time;
 187              		.loc 1 72 0
 188 0026 7B68     		ldr	r3, [r7, #4]
 189 0028 DA69     		ldr	r2, [r3, #28]
 190 002a 7B68     		ldr	r3, [r7, #4]
 191 002c 1A62     		str	r2, [r3, #32]
  73:movement.c    ****     left->time = 357912 - Timer_1_ReadCounter() / 12000;
 192              		.loc 1 73 0
 193 002e FFF7FEFF 		bl	Timer_1_ReadCounter
 194 0032 0246     		mov	r2, r0
 195 0034 224B     		ldr	r3, .L9
 196 0036 A3FB0223 		umull	r2, r3, r3, r2
 197 003a 1B0A     		lsrs	r3, r3, #8
 198 003c C3F5AE23 		rsb	r3, r3, #356352
 199 0040 03F5C363 		add	r3, r3, #1560
 200 0044 7A68     		ldr	r2, [r7, #4]
 201 0046 D361     		str	r3, [r2, #28]
  74:movement.c    ****     
  75:movement.c    ****     right->time_prev = right->time;
 202              		.loc 1 75 0
 203 0048 3B68     		ldr	r3, [r7]
 204 004a DA69     		ldr	r2, [r3, #28]
 205 004c 3B68     		ldr	r3, [r7]
 206 004e 1A62     		str	r2, [r3, #32]
  76:movement.c    ****     right->time = 357912 - Timer_1_ReadCounter() / 12000;
 207              		.loc 1 76 0
 208 0050 FFF7FEFF 		bl	Timer_1_ReadCounter
 209 0054 0246     		mov	r2, r0
ARM GAS  C:\Users\shevi\AppData\Local\Temp\cc2YTEXG.s 			page 6


 210 0056 1A4B     		ldr	r3, .L9
 211 0058 A3FB0223 		umull	r2, r3, r3, r2
 212 005c 1B0A     		lsrs	r3, r3, #8
 213 005e C3F5AE23 		rsb	r3, r3, #356352
 214 0062 03F5C363 		add	r3, r3, #1560
 215 0066 3A68     		ldr	r2, [r7]
 216 0068 D361     		str	r3, [r2, #28]
  77:movement.c    ****     
  78:movement.c    ****     
  79:movement.c    ****     left->error_prev = left->error;
 217              		.loc 1 79 0
 218 006a 7B68     		ldr	r3, [r7, #4]
 219 006c DA68     		ldr	r2, [r3, #12]
 220 006e 7B68     		ldr	r3, [r7, #4]
 221 0070 9A60     		str	r2, [r3, #8]
  80:movement.c    ****     right->error_prev = right->error;
 222              		.loc 1 80 0
 223 0072 3B68     		ldr	r3, [r7]
 224 0074 DA68     		ldr	r2, [r3, #12]
 225 0076 3B68     		ldr	r3, [r7]
 226 0078 9A60     		str	r2, [r3, #8]
  81:movement.c    ****     
  82:movement.c    ****     left->error = left->cur_dest - (-64*M1QuadDec_GetCounter());
 227              		.loc 1 82 0
 228 007a 7B68     		ldr	r3, [r7, #4]
 229 007c 5C68     		ldr	r4, [r3, #4]
 230 007e FFF7FEFF 		bl	M1QuadDec_GetCounter
 231 0082 0346     		mov	r3, r0
 232 0084 9B01     		lsls	r3, r3, #6
 233 0086 E218     		adds	r2, r4, r3
 234 0088 7B68     		ldr	r3, [r7, #4]
 235 008a DA60     		str	r2, [r3, #12]
  83:movement.c    ****     right->error = right->cur_dest - (-64*M2QuadDec_GetCounter());
 236              		.loc 1 83 0
 237 008c 3B68     		ldr	r3, [r7]
 238 008e 5C68     		ldr	r4, [r3, #4]
 239 0090 FFF7FEFF 		bl	M2QuadDec_GetCounter
 240 0094 0346     		mov	r3, r0
 241 0096 9B01     		lsls	r3, r3, #6
 242 0098 E218     		adds	r2, r4, r3
 243 009a 3B68     		ldr	r3, [r7]
 244 009c DA60     		str	r2, [r3, #12]
  84:movement.c    ****     
  85:movement.c    ****     left->error_sum = left->error_sum + left->error;
 245              		.loc 1 85 0
 246 009e 7B68     		ldr	r3, [r7, #4]
 247 00a0 1A69     		ldr	r2, [r3, #16]
 248 00a2 7B68     		ldr	r3, [r7, #4]
 249 00a4 DB68     		ldr	r3, [r3, #12]
 250 00a6 1A44     		add	r2, r2, r3
 251 00a8 7B68     		ldr	r3, [r7, #4]
 252 00aa 1A61     		str	r2, [r3, #16]
  86:movement.c    ****     right->error_sum = right->error_sum + right->error;
 253              		.loc 1 86 0
 254 00ac 3B68     		ldr	r3, [r7]
 255 00ae 1A69     		ldr	r2, [r3, #16]
 256 00b0 3B68     		ldr	r3, [r7]
ARM GAS  C:\Users\shevi\AppData\Local\Temp\cc2YTEXG.s 			page 7


 257 00b2 DB68     		ldr	r3, [r3, #12]
 258 00b4 1A44     		add	r2, r2, r3
 259 00b6 3B68     		ldr	r3, [r7]
 260 00b8 1A61     		str	r2, [r3, #16]
  87:movement.c    **** 
  88:movement.c    **** }
 261              		.loc 1 88 0
 262 00ba 0C37     		adds	r7, r7, #12
 263              		.cfi_def_cfa_offset 12
 264 00bc BD46     		mov	sp, r7
 265              		.cfi_def_cfa_register 13
 266              		@ sp needed
 267 00be 90BD     		pop	{r4, r7, pc}
 268              	.L10:
 269              		.align	2
 270              	.L9:
 271 00c0 F1197605 		.word	91625969
 272              		.cfi_endproc
 273              	.LFE69:
 274              		.size	mov_update_error, .-mov_update_error
 275              		.global	__aeabi_i2d
 276              		.global	__aeabi_dmul
 277              		.global	__aeabi_dadd
 278              		.global	__aeabi_ui2d
 279              		.global	__aeabi_d2iz
 280              		.section	.text.mov_get_PID,"ax",%progbits
 281              		.align	2
 282              		.global	mov_get_PID
 283              		.thumb
 284              		.thumb_func
 285              		.type	mov_get_PID, %function
 286              	mov_get_PID:
 287              	.LFB70:
  89:movement.c    **** void mov_get_PID(wheel_data *left, wheel_data *right, PID_data *k) {
 288              		.loc 1 89 0
 289              		.cfi_startproc
 290              		@ args = 0, pretend = 0, frame = 24
 291              		@ frame_needed = 1, uses_anonymous_args = 0
 292 0000 2DE9B043 		push	{r4, r5, r7, r8, r9, lr}
 293              		.cfi_def_cfa_offset 24
 294              		.cfi_offset 4, -24
 295              		.cfi_offset 5, -20
 296              		.cfi_offset 7, -16
 297              		.cfi_offset 8, -12
 298              		.cfi_offset 9, -8
 299              		.cfi_offset 14, -4
 300 0004 86B0     		sub	sp, sp, #24
 301              		.cfi_def_cfa_offset 48
 302 0006 00AF     		add	r7, sp, #0
 303              		.cfi_def_cfa_register 7
 304 0008 F860     		str	r0, [r7, #12]
 305 000a B960     		str	r1, [r7, #8]
 306 000c 7A60     		str	r2, [r7, #4]
  90:movement.c    ****     int motor_voltage;
  91:movement.c    ****     motor_voltage =  ( k->Kp * left->error ) + ( k->Ki * left->error_sum ) + ( k->Kd * (left->error
 307              		.loc 1 91 0
 308 000e 7B68     		ldr	r3, [r7, #4]
ARM GAS  C:\Users\shevi\AppData\Local\Temp\cc2YTEXG.s 			page 8


 309 0010 D3E90245 		ldrd	r4, [r3, #8]
 310 0014 FB68     		ldr	r3, [r7, #12]
 311 0016 DB68     		ldr	r3, [r3, #12]
 312 0018 1846     		mov	r0, r3
 313 001a FFF7FEFF 		bl	__aeabi_i2d
 314 001e 0246     		mov	r2, r0
 315 0020 0B46     		mov	r3, r1
 316 0022 2046     		mov	r0, r4
 317 0024 2946     		mov	r1, r5
 318 0026 FFF7FEFF 		bl	__aeabi_dmul
 319 002a 0246     		mov	r2, r0
 320 002c 0B46     		mov	r3, r1
 321 002e 9046     		mov	r8, r2
 322 0030 9946     		mov	r9, r3
 323 0032 7B68     		ldr	r3, [r7, #4]
 324 0034 D3E90045 		ldrd	r4, [r3]
 325 0038 FB68     		ldr	r3, [r7, #12]
 326 003a 1B69     		ldr	r3, [r3, #16]
 327 003c 1846     		mov	r0, r3
 328 003e FFF7FEFF 		bl	__aeabi_i2d
 329 0042 0246     		mov	r2, r0
 330 0044 0B46     		mov	r3, r1
 331 0046 2046     		mov	r0, r4
 332 0048 2946     		mov	r1, r5
 333 004a FFF7FEFF 		bl	__aeabi_dmul
 334 004e 0246     		mov	r2, r0
 335 0050 0B46     		mov	r3, r1
 336 0052 4046     		mov	r0, r8
 337 0054 4946     		mov	r1, r9
 338 0056 FFF7FEFF 		bl	__aeabi_dadd
 339 005a 0246     		mov	r2, r0
 340 005c 0B46     		mov	r3, r1
 341 005e 9046     		mov	r8, r2
 342 0060 9946     		mov	r9, r3
 343 0062 7B68     		ldr	r3, [r7, #4]
 344 0064 D3E90445 		ldrd	r4, [r3, #16]
 345 0068 FB68     		ldr	r3, [r7, #12]
 346 006a DA68     		ldr	r2, [r3, #12]
 347 006c FB68     		ldr	r3, [r7, #12]
 348 006e 9B68     		ldr	r3, [r3, #8]
 349 0070 D31A     		subs	r3, r2, r3
 350 0072 1846     		mov	r0, r3
 351 0074 FFF7FEFF 		bl	__aeabi_i2d
 352 0078 0246     		mov	r2, r0
 353 007a 0B46     		mov	r3, r1
 354 007c 2046     		mov	r0, r4
 355 007e 2946     		mov	r1, r5
 356 0080 FFF7FEFF 		bl	__aeabi_dmul
 357 0084 0246     		mov	r2, r0
 358 0086 0B46     		mov	r3, r1
 359 0088 1446     		mov	r4, r2
 360 008a 1D46     		mov	r5, r3
 361 008c FB68     		ldr	r3, [r7, #12]
 362 008e DA69     		ldr	r2, [r3, #28]
 363 0090 FB68     		ldr	r3, [r7, #12]
 364 0092 1B6A     		ldr	r3, [r3, #32]
 365 0094 D31A     		subs	r3, r2, r3
ARM GAS  C:\Users\shevi\AppData\Local\Temp\cc2YTEXG.s 			page 9


 366 0096 1846     		mov	r0, r3
 367 0098 FFF7FEFF 		bl	__aeabi_ui2d
 368 009c 0246     		mov	r2, r0
 369 009e 0B46     		mov	r3, r1
 370 00a0 2046     		mov	r0, r4
 371 00a2 2946     		mov	r1, r5
 372 00a4 FFF7FEFF 		bl	__aeabi_dmul
 373 00a8 0246     		mov	r2, r0
 374 00aa 0B46     		mov	r3, r1
 375 00ac 4046     		mov	r0, r8
 376 00ae 4946     		mov	r1, r9
 377 00b0 FFF7FEFF 		bl	__aeabi_dadd
 378 00b4 0246     		mov	r2, r0
 379 00b6 0B46     		mov	r3, r1
 380 00b8 1046     		mov	r0, r2
 381 00ba 1946     		mov	r1, r3
 382 00bc FFF7FEFF 		bl	__aeabi_d2iz
 383 00c0 0346     		mov	r3, r0
 384 00c2 7B61     		str	r3, [r7, #20]
  92:movement.c    **** 
  93:movement.c    ****     if (motor_voltage < -65535){
 385              		.loc 1 93 0
 386 00c4 7B69     		ldr	r3, [r7, #20]
 387 00c6 13F5803F 		cmn	r3, #65536
 388 00ca 02DC     		bgt	.L12
  94:movement.c    ****         motor_voltage = -65535;}
 389              		.loc 1 94 0
 390 00cc 3E4B     		ldr	r3, .L16
 391 00ce 7B61     		str	r3, [r7, #20]
 392 00d0 06E0     		b	.L13
 393              	.L12:
  95:movement.c    ****     else if (motor_voltage > 65535){
 394              		.loc 1 95 0
 395 00d2 7B69     		ldr	r3, [r7, #20]
 396 00d4 B3F5803F 		cmp	r3, #65536
 397 00d8 02DB     		blt	.L13
  96:movement.c    ****         motor_voltage = 65535;}
 398              		.loc 1 96 0
 399 00da 4FF6FF73 		movw	r3, #65535
 400 00de 7B61     		str	r3, [r7, #20]
 401              	.L13:
  97:movement.c    ****     
  98:movement.c    ****     left->motor_volt = motor_voltage;
 402              		.loc 1 98 0
 403 00e0 FB68     		ldr	r3, [r7, #12]
 404 00e2 7A69     		ldr	r2, [r7, #20]
 405 00e4 5A61     		str	r2, [r3, #20]
  99:movement.c    ****         
 100:movement.c    ****     motor_voltage =  ( k->Kp * right->error ) + ( k->Ki * right->error_sum ) + ( k->Kd * (right->er
 406              		.loc 1 100 0
 407 00e6 7B68     		ldr	r3, [r7, #4]
 408 00e8 D3E90245 		ldrd	r4, [r3, #8]
 409 00ec BB68     		ldr	r3, [r7, #8]
 410 00ee DB68     		ldr	r3, [r3, #12]
 411 00f0 1846     		mov	r0, r3
 412 00f2 FFF7FEFF 		bl	__aeabi_i2d
 413 00f6 0246     		mov	r2, r0
ARM GAS  C:\Users\shevi\AppData\Local\Temp\cc2YTEXG.s 			page 10


 414 00f8 0B46     		mov	r3, r1
 415 00fa 2046     		mov	r0, r4
 416 00fc 2946     		mov	r1, r5
 417 00fe FFF7FEFF 		bl	__aeabi_dmul
 418 0102 0246     		mov	r2, r0
 419 0104 0B46     		mov	r3, r1
 420 0106 9046     		mov	r8, r2
 421 0108 9946     		mov	r9, r3
 422 010a 7B68     		ldr	r3, [r7, #4]
 423 010c D3E90045 		ldrd	r4, [r3]
 424 0110 BB68     		ldr	r3, [r7, #8]
 425 0112 1B69     		ldr	r3, [r3, #16]
 426 0114 1846     		mov	r0, r3
 427 0116 FFF7FEFF 		bl	__aeabi_i2d
 428 011a 0246     		mov	r2, r0
 429 011c 0B46     		mov	r3, r1
 430 011e 2046     		mov	r0, r4
 431 0120 2946     		mov	r1, r5
 432 0122 FFF7FEFF 		bl	__aeabi_dmul
 433 0126 0246     		mov	r2, r0
 434 0128 0B46     		mov	r3, r1
 435 012a 4046     		mov	r0, r8
 436 012c 4946     		mov	r1, r9
 437 012e FFF7FEFF 		bl	__aeabi_dadd
 438 0132 0246     		mov	r2, r0
 439 0134 0B46     		mov	r3, r1
 440 0136 9046     		mov	r8, r2
 441 0138 9946     		mov	r9, r3
 442 013a 7B68     		ldr	r3, [r7, #4]
 443 013c D3E90445 		ldrd	r4, [r3, #16]
 444 0140 BB68     		ldr	r3, [r7, #8]
 445 0142 DA68     		ldr	r2, [r3, #12]
 446 0144 BB68     		ldr	r3, [r7, #8]
 447 0146 9B68     		ldr	r3, [r3, #8]
 448 0148 D31A     		subs	r3, r2, r3
 449 014a 1846     		mov	r0, r3
 450 014c FFF7FEFF 		bl	__aeabi_i2d
 451 0150 0246     		mov	r2, r0
 452 0152 0B46     		mov	r3, r1
 453 0154 2046     		mov	r0, r4
 454 0156 2946     		mov	r1, r5
 455 0158 FFF7FEFF 		bl	__aeabi_dmul
 456 015c 0246     		mov	r2, r0
 457 015e 0B46     		mov	r3, r1
 458 0160 1446     		mov	r4, r2
 459 0162 1D46     		mov	r5, r3
 460 0164 BB68     		ldr	r3, [r7, #8]
 461 0166 DA69     		ldr	r2, [r3, #28]
 462 0168 BB68     		ldr	r3, [r7, #8]
 463 016a 1B6A     		ldr	r3, [r3, #32]
 464 016c D31A     		subs	r3, r2, r3
 465 016e 1846     		mov	r0, r3
 466 0170 FFF7FEFF 		bl	__aeabi_ui2d
 467 0174 0246     		mov	r2, r0
 468 0176 0B46     		mov	r3, r1
 469 0178 2046     		mov	r0, r4
 470 017a 2946     		mov	r1, r5
ARM GAS  C:\Users\shevi\AppData\Local\Temp\cc2YTEXG.s 			page 11


 471 017c FFF7FEFF 		bl	__aeabi_dmul
 472 0180 0246     		mov	r2, r0
 473 0182 0B46     		mov	r3, r1
 474 0184 4046     		mov	r0, r8
 475 0186 4946     		mov	r1, r9
 476 0188 FFF7FEFF 		bl	__aeabi_dadd
 477 018c 0246     		mov	r2, r0
 478 018e 0B46     		mov	r3, r1
 479 0190 1046     		mov	r0, r2
 480 0192 1946     		mov	r1, r3
 481 0194 FFF7FEFF 		bl	__aeabi_d2iz
 482 0198 0346     		mov	r3, r0
 483 019a 7B61     		str	r3, [r7, #20]
 101:movement.c    **** 
 102:movement.c    ****     if (motor_voltage < -65535){
 484              		.loc 1 102 0
 485 019c 7B69     		ldr	r3, [r7, #20]
 486 019e 13F5803F 		cmn	r3, #65536
 487 01a2 02DC     		bgt	.L14
 103:movement.c    ****         motor_voltage = -65535;}
 488              		.loc 1 103 0
 489 01a4 084B     		ldr	r3, .L16
 490 01a6 7B61     		str	r3, [r7, #20]
 491 01a8 06E0     		b	.L15
 492              	.L14:
 104:movement.c    ****     else if (motor_voltage > 65535){
 493              		.loc 1 104 0
 494 01aa 7B69     		ldr	r3, [r7, #20]
 495 01ac B3F5803F 		cmp	r3, #65536
 496 01b0 02DB     		blt	.L15
 105:movement.c    ****         motor_voltage = 65535;}
 497              		.loc 1 105 0
 498 01b2 4FF6FF73 		movw	r3, #65535
 499 01b6 7B61     		str	r3, [r7, #20]
 500              	.L15:
 106:movement.c    ****     
 107:movement.c    ****     right->motor_volt = motor_voltage;
 501              		.loc 1 107 0
 502 01b8 BB68     		ldr	r3, [r7, #8]
 503 01ba 7A69     		ldr	r2, [r7, #20]
 504 01bc 5A61     		str	r2, [r3, #20]
 108:movement.c    **** }    
 505              		.loc 1 108 0
 506 01be 1837     		adds	r7, r7, #24
 507              		.cfi_def_cfa_offset 24
 508 01c0 BD46     		mov	sp, r7
 509              		.cfi_def_cfa_register 13
 510              		@ sp needed
 511 01c2 BDE8B083 		pop	{r4, r5, r7, r8, r9, pc}
 512              	.L17:
 513 01c6 00BF     		.align	2
 514              	.L16:
 515 01c8 0100FFFF 		.word	-65535
 516              		.cfi_endproc
 517              	.LFE70:
 518              		.size	mov_get_PID, .-mov_get_PID
 519              		.section	.text.mov_Adj_Volt,"ax",%progbits
ARM GAS  C:\Users\shevi\AppData\Local\Temp\cc2YTEXG.s 			page 12


 520              		.align	2
 521              		.global	mov_Adj_Volt
 522              		.thumb
 523              		.thumb_func
 524              		.type	mov_Adj_Volt, %function
 525              	mov_Adj_Volt:
 526              	.LFB71:
 109:movement.c    **** void mov_Adj_Volt(wheel_data *left, wheel_data *right) {
 527              		.loc 1 109 0
 528              		.cfi_startproc
 529              		@ args = 0, pretend = 0, frame = 8
 530              		@ frame_needed = 1, uses_anonymous_args = 0
 531 0000 80B5     		push	{r7, lr}
 532              		.cfi_def_cfa_offset 8
 533              		.cfi_offset 7, -8
 534              		.cfi_offset 14, -4
 535 0002 82B0     		sub	sp, sp, #8
 536              		.cfi_def_cfa_offset 16
 537 0004 00AF     		add	r7, sp, #0
 538              		.cfi_def_cfa_register 7
 539 0006 7860     		str	r0, [r7, #4]
 540 0008 3960     		str	r1, [r7]
 110:movement.c    ****     turn_wheel('l', left->motor_volt);
 541              		.loc 1 110 0
 542 000a 7B68     		ldr	r3, [r7, #4]
 543 000c 5B69     		ldr	r3, [r3, #20]
 544 000e 6C20     		movs	r0, #108
 545 0010 1946     		mov	r1, r3
 546 0012 FFF7FEFF 		bl	turn_wheel
 111:movement.c    ****     turn_wheel('r', right->motor_volt);
 547              		.loc 1 111 0
 548 0016 3B68     		ldr	r3, [r7]
 549 0018 5B69     		ldr	r3, [r3, #20]
 550 001a 7220     		movs	r0, #114
 551 001c 1946     		mov	r1, r3
 552 001e FFF7FEFF 		bl	turn_wheel
 112:movement.c    **** }
 553              		.loc 1 112 0
 554 0022 0837     		adds	r7, r7, #8
 555              		.cfi_def_cfa_offset 8
 556 0024 BD46     		mov	sp, r7
 557              		.cfi_def_cfa_register 13
 558              		@ sp needed
 559 0026 80BD     		pop	{r7, pc}
 560              		.cfi_endproc
 561              	.LFE71:
 562              		.size	mov_Adj_Volt, .-mov_Adj_Volt
 563              		.section	.text.initialise_wheel_data,"ax",%progbits
 564              		.align	2
 565              		.global	initialise_wheel_data
 566              		.thumb
 567              		.thumb_func
 568              		.type	initialise_wheel_data, %function
 569              	initialise_wheel_data:
 570              	.LFB72:
 113:movement.c    **** void initialise_wheel_data(wheel_data *w){
 571              		.loc 1 113 0
ARM GAS  C:\Users\shevi\AppData\Local\Temp\cc2YTEXG.s 			page 13


 572              		.cfi_startproc
 573              		@ args = 0, pretend = 0, frame = 8
 574              		@ frame_needed = 1, uses_anonymous_args = 0
 575              		@ link register save eliminated.
 576 0000 80B4     		push	{r7}
 577              		.cfi_def_cfa_offset 4
 578              		.cfi_offset 7, -4
 579 0002 83B0     		sub	sp, sp, #12
 580              		.cfi_def_cfa_offset 16
 581 0004 00AF     		add	r7, sp, #0
 582              		.cfi_def_cfa_register 7
 583 0006 7860     		str	r0, [r7, #4]
 114:movement.c    ****     w->cur_dest = 0;
 584              		.loc 1 114 0
 585 0008 7B68     		ldr	r3, [r7, #4]
 586 000a 0022     		movs	r2, #0
 587 000c 5A60     		str	r2, [r3, #4]
 115:movement.c    ****     w->error = 0;
 588              		.loc 1 115 0
 589 000e 7B68     		ldr	r3, [r7, #4]
 590 0010 0022     		movs	r2, #0
 591 0012 DA60     		str	r2, [r3, #12]
 116:movement.c    ****     w->error_prev = 0;
 592              		.loc 1 116 0
 593 0014 7B68     		ldr	r3, [r7, #4]
 594 0016 0022     		movs	r2, #0
 595 0018 9A60     		str	r2, [r3, #8]
 117:movement.c    ****     w->error_sum = 0;
 596              		.loc 1 117 0
 597 001a 7B68     		ldr	r3, [r7, #4]
 598 001c 0022     		movs	r2, #0
 599 001e 1A61     		str	r2, [r3, #16]
 118:movement.c    ****     w->inc = 0;
 600              		.loc 1 118 0
 601 0020 7B68     		ldr	r3, [r7, #4]
 602 0022 0022     		movs	r2, #0
 603 0024 9A61     		str	r2, [r3, #24]
 119:movement.c    ****     w->motor_volt = 0;
 604              		.loc 1 119 0
 605 0026 7B68     		ldr	r3, [r7, #4]
 606 0028 0022     		movs	r2, #0
 607 002a 5A61     		str	r2, [r3, #20]
 120:movement.c    ****     w->prev_dest = 0;
 608              		.loc 1 120 0
 609 002c 7B68     		ldr	r3, [r7, #4]
 610 002e 0022     		movs	r2, #0
 611 0030 1A60     		str	r2, [r3]
 121:movement.c    ****     w->time_prev = 0;
 612              		.loc 1 121 0
 613 0032 7B68     		ldr	r3, [r7, #4]
 614 0034 0022     		movs	r2, #0
 615 0036 1A62     		str	r2, [r3, #32]
 122:movement.c    ****     w->time = 0;
 616              		.loc 1 122 0
 617 0038 7B68     		ldr	r3, [r7, #4]
 618 003a 0022     		movs	r2, #0
 619 003c DA61     		str	r2, [r3, #28]
ARM GAS  C:\Users\shevi\AppData\Local\Temp\cc2YTEXG.s 			page 14


 123:movement.c    **** }
 620              		.loc 1 123 0
 621 003e 0C37     		adds	r7, r7, #12
 622              		.cfi_def_cfa_offset 4
 623 0040 BD46     		mov	sp, r7
 624              		.cfi_def_cfa_register 13
 625              		@ sp needed
 626 0042 5DF8047B 		ldr	r7, [sp], #4
 627              		.cfi_restore 7
 628              		.cfi_def_cfa_offset 0
 629 0046 7047     		bx	lr
 630              		.cfi_endproc
 631              	.LFE72:
 632              		.size	initialise_wheel_data, .-initialise_wheel_data
 633              		.section	.text.update_inc,"ax",%progbits
 634              		.align	2
 635              		.global	update_inc
 636              		.thumb
 637              		.thumb_func
 638              		.type	update_inc, %function
 639              	update_inc:
 640              	.LFB73:
 124:movement.c    **** void update_inc( wheel_data *left, wheel_data *right, unsigned char *buffer){
 641              		.loc 1 124 0
 642              		.cfi_startproc
 643              		@ args = 0, pretend = 0, frame = 48
 644              		@ frame_needed = 1, uses_anonymous_args = 0
 645              		@ link register save eliminated.
 646 0000 80B4     		push	{r7}
 647              		.cfi_def_cfa_offset 4
 648              		.cfi_offset 7, -4
 649 0002 8DB0     		sub	sp, sp, #52
 650              		.cfi_def_cfa_offset 56
 651 0004 00AF     		add	r7, sp, #0
 652              		.cfi_def_cfa_register 7
 653 0006 F860     		str	r0, [r7, #12]
 654 0008 B960     		str	r1, [r7, #8]
 655 000a 7A60     		str	r2, [r7, #4]
 125:movement.c    ****     
 126:movement.c    ****     int int0 = (unsigned char) buffer[0] - 48;
 656              		.loc 1 126 0
 657 000c 7B68     		ldr	r3, [r7, #4]
 658 000e 1B78     		ldrb	r3, [r3]	@ zero_extendqisi2
 659 0010 303B     		subs	r3, r3, #48
 660 0012 FB62     		str	r3, [r7, #44]
 127:movement.c    ****     int int1 = (unsigned char) buffer[1] - 48;
 661              		.loc 1 127 0
 662 0014 7B68     		ldr	r3, [r7, #4]
 663 0016 0133     		adds	r3, r3, #1
 664 0018 1B78     		ldrb	r3, [r3]	@ zero_extendqisi2
 665 001a 303B     		subs	r3, r3, #48
 666 001c BB62     		str	r3, [r7, #40]
 128:movement.c    ****     int int2 = (unsigned char) buffer[2] - 48;
 667              		.loc 1 128 0
 668 001e 7B68     		ldr	r3, [r7, #4]
 669 0020 0233     		adds	r3, r3, #2
 670 0022 1B78     		ldrb	r3, [r3]	@ zero_extendqisi2
ARM GAS  C:\Users\shevi\AppData\Local\Temp\cc2YTEXG.s 			page 15


 671 0024 303B     		subs	r3, r3, #48
 672 0026 7B62     		str	r3, [r7, #36]
 129:movement.c    ****     int int3 = (unsigned char) buffer[3] - 48;
 673              		.loc 1 129 0
 674 0028 7B68     		ldr	r3, [r7, #4]
 675 002a 0333     		adds	r3, r3, #3
 676 002c 1B78     		ldrb	r3, [r3]	@ zero_extendqisi2
 677 002e 303B     		subs	r3, r3, #48
 678 0030 3B62     		str	r3, [r7, #32]
 130:movement.c    ****     int int4 = (unsigned char) buffer[4] - 48;
 679              		.loc 1 130 0
 680 0032 7B68     		ldr	r3, [r7, #4]
 681 0034 0433     		adds	r3, r3, #4
 682 0036 1B78     		ldrb	r3, [r3]	@ zero_extendqisi2
 683 0038 303B     		subs	r3, r3, #48
 684 003a FB61     		str	r3, [r7, #28]
 131:movement.c    ****     int int5 = (unsigned char) buffer[5] - 48;
 685              		.loc 1 131 0
 686 003c 7B68     		ldr	r3, [r7, #4]
 687 003e 0533     		adds	r3, r3, #5
 688 0040 1B78     		ldrb	r3, [r3]	@ zero_extendqisi2
 689 0042 303B     		subs	r3, r3, #48
 690 0044 BB61     		str	r3, [r7, #24]
 132:movement.c    ****     int int6 = (unsigned char) buffer[6] - 48;
 691              		.loc 1 132 0
 692 0046 7B68     		ldr	r3, [r7, #4]
 693 0048 0633     		adds	r3, r3, #6
 694 004a 1B78     		ldrb	r3, [r3]	@ zero_extendqisi2
 695 004c 303B     		subs	r3, r3, #48
 696 004e 7B61     		str	r3, [r7, #20]
 133:movement.c    ****     int int7 = (unsigned char) buffer[7] - 48;
 697              		.loc 1 133 0
 698 0050 7B68     		ldr	r3, [r7, #4]
 699 0052 0733     		adds	r3, r3, #7
 700 0054 1B78     		ldrb	r3, [r3]	@ zero_extendqisi2
 701 0056 303B     		subs	r3, r3, #48
 702 0058 3B61     		str	r3, [r7, #16]
 134:movement.c    ****     
 135:movement.c    ****     
 136:movement.c    ****     left->inc = int0*1000 + int1*100 + int2*10 + int3*1;
 703              		.loc 1 136 0
 704 005a FB6A     		ldr	r3, [r7, #44]
 705 005c 4FF47A72 		mov	r2, #1000
 706 0060 02FB03F2 		mul	r2, r2, r3
 707 0064 BB6A     		ldr	r3, [r7, #40]
 708 0066 6421     		movs	r1, #100
 709 0068 01FB03F3 		mul	r3, r1, r3
 710 006c D118     		adds	r1, r2, r3
 711 006e 7A6A     		ldr	r2, [r7, #36]
 712 0070 1346     		mov	r3, r2
 713 0072 9B00     		lsls	r3, r3, #2
 714 0074 1344     		add	r3, r3, r2
 715 0076 5B00     		lsls	r3, r3, #1
 716 0078 CA18     		adds	r2, r1, r3
 717 007a 3B6A     		ldr	r3, [r7, #32]
 718 007c 1A44     		add	r2, r2, r3
 719 007e FB68     		ldr	r3, [r7, #12]
ARM GAS  C:\Users\shevi\AppData\Local\Temp\cc2YTEXG.s 			page 16


 720 0080 9A61     		str	r2, [r3, #24]
 137:movement.c    ****     right->inc = int4*1000 + int5*100 + int6*10 + int7*1;
 721              		.loc 1 137 0
 722 0082 FB69     		ldr	r3, [r7, #28]
 723 0084 4FF47A72 		mov	r2, #1000
 724 0088 02FB03F2 		mul	r2, r2, r3
 725 008c BB69     		ldr	r3, [r7, #24]
 726 008e 6421     		movs	r1, #100
 727 0090 01FB03F3 		mul	r3, r1, r3
 728 0094 D118     		adds	r1, r2, r3
 729 0096 7A69     		ldr	r2, [r7, #20]
 730 0098 1346     		mov	r3, r2
 731 009a 9B00     		lsls	r3, r3, #2
 732 009c 1344     		add	r3, r3, r2
 733 009e 5B00     		lsls	r3, r3, #1
 734 00a0 CA18     		adds	r2, r1, r3
 735 00a2 3B69     		ldr	r3, [r7, #16]
 736 00a4 1A44     		add	r2, r2, r3
 737 00a6 BB68     		ldr	r3, [r7, #8]
 738 00a8 9A61     		str	r2, [r3, #24]
 138:movement.c    **** }
 739              		.loc 1 138 0
 740 00aa 3437     		adds	r7, r7, #52
 741              		.cfi_def_cfa_offset 4
 742 00ac BD46     		mov	sp, r7
 743              		.cfi_def_cfa_register 13
 744              		@ sp needed
 745 00ae 5DF8047B 		ldr	r7, [sp], #4
 746              		.cfi_restore 7
 747              		.cfi_def_cfa_offset 0
 748 00b2 7047     		bx	lr
 749              		.cfi_endproc
 750              	.LFE73:
 751              		.size	update_inc, .-update_inc
 752              		.section	.text.update_k,"ax",%progbits
 753              		.align	2
 754              		.global	update_k
 755              		.thumb
 756              		.thumb_func
 757              		.type	update_k, %function
 758              	update_k:
 759              	.LFB74:
 139:movement.c    **** void update_k( PID_data *K, unsigned char *buffer){
 760              		.loc 1 139 0
 761              		.cfi_startproc
 762              		@ args = 0, pretend = 0, frame = 40
 763              		@ frame_needed = 1, uses_anonymous_args = 0
 764 0000 80B5     		push	{r7, lr}
 765              		.cfi_def_cfa_offset 8
 766              		.cfi_offset 7, -8
 767              		.cfi_offset 14, -4
 768 0002 8AB0     		sub	sp, sp, #40
 769              		.cfi_def_cfa_offset 48
 770 0004 00AF     		add	r7, sp, #0
 771              		.cfi_def_cfa_register 7
 772 0006 7860     		str	r0, [r7, #4]
 773 0008 3960     		str	r1, [r7]
ARM GAS  C:\Users\shevi\AppData\Local\Temp\cc2YTEXG.s 			page 17


 140:movement.c    ****     
 141:movement.c    ****     int int0 = (unsigned char) buffer[0] - 48;
 774              		.loc 1 141 0
 775 000a 3B68     		ldr	r3, [r7]
 776 000c 1B78     		ldrb	r3, [r3]	@ zero_extendqisi2
 777 000e 303B     		subs	r3, r3, #48
 778 0010 7B62     		str	r3, [r7, #36]
 142:movement.c    ****     int int1 = (unsigned char) buffer[1] - 48;
 779              		.loc 1 142 0
 780 0012 3B68     		ldr	r3, [r7]
 781 0014 0133     		adds	r3, r3, #1
 782 0016 1B78     		ldrb	r3, [r3]	@ zero_extendqisi2
 783 0018 303B     		subs	r3, r3, #48
 784 001a 3B62     		str	r3, [r7, #32]
 143:movement.c    ****     int int2 = (unsigned char) buffer[2] - 48;
 785              		.loc 1 143 0
 786 001c 3B68     		ldr	r3, [r7]
 787 001e 0233     		adds	r3, r3, #2
 788 0020 1B78     		ldrb	r3, [r3]	@ zero_extendqisi2
 789 0022 303B     		subs	r3, r3, #48
 790 0024 FB61     		str	r3, [r7, #28]
 144:movement.c    ****     int int3 = (unsigned char) buffer[3] - 48;
 791              		.loc 1 144 0
 792 0026 3B68     		ldr	r3, [r7]
 793 0028 0333     		adds	r3, r3, #3
 794 002a 1B78     		ldrb	r3, [r3]	@ zero_extendqisi2
 795 002c 303B     		subs	r3, r3, #48
 796 002e BB61     		str	r3, [r7, #24]
 145:movement.c    ****     int int4 = (unsigned char) buffer[4] - 48;
 797              		.loc 1 145 0
 798 0030 3B68     		ldr	r3, [r7]
 799 0032 0433     		adds	r3, r3, #4
 800 0034 1B78     		ldrb	r3, [r3]	@ zero_extendqisi2
 801 0036 303B     		subs	r3, r3, #48
 802 0038 7B61     		str	r3, [r7, #20]
 146:movement.c    ****     int int5 = (unsigned char) buffer[5] - 48;
 803              		.loc 1 146 0
 804 003a 3B68     		ldr	r3, [r7]
 805 003c 0533     		adds	r3, r3, #5
 806 003e 1B78     		ldrb	r3, [r3]	@ zero_extendqisi2
 807 0040 303B     		subs	r3, r3, #48
 808 0042 3B61     		str	r3, [r7, #16]
 147:movement.c    ****     int int6 = (unsigned char) buffer[6] - 48;
 809              		.loc 1 147 0
 810 0044 3B68     		ldr	r3, [r7]
 811 0046 0633     		adds	r3, r3, #6
 812 0048 1B78     		ldrb	r3, [r3]	@ zero_extendqisi2
 813 004a 303B     		subs	r3, r3, #48
 814 004c FB60     		str	r3, [r7, #12]
 148:movement.c    ****     int int7 = (unsigned char) buffer[7] - 48;
 815              		.loc 1 148 0
 816 004e 3B68     		ldr	r3, [r7]
 817 0050 0733     		adds	r3, r3, #7
 818 0052 1B78     		ldrb	r3, [r3]	@ zero_extendqisi2
 819 0054 303B     		subs	r3, r3, #48
 820 0056 BB60     		str	r3, [r7, #8]
 149:movement.c    ****     
ARM GAS  C:\Users\shevi\AppData\Local\Temp\cc2YTEXG.s 			page 18


 150:movement.c    ****     
 151:movement.c    ****     K->Kp = (int0*100000 + int1*10000 + int2*1000 + int3*100 +int4*10 +int5*1)*10^-2;
 821              		.loc 1 151 0
 822 0058 7B6A     		ldr	r3, [r7, #36]
 823 005a 1E4A     		ldr	r2, .L22
 824 005c 02FB03F2 		mul	r2, r2, r3
 825 0060 3B6A     		ldr	r3, [r7, #32]
 826 0062 42F21071 		movw	r1, #10000
 827 0066 01FB03F3 		mul	r3, r1, r3
 828 006a 1A44     		add	r2, r2, r3
 829 006c FB69     		ldr	r3, [r7, #28]
 830 006e 4FF47A71 		mov	r1, #1000
 831 0072 01FB03F3 		mul	r3, r1, r3
 832 0076 1A44     		add	r2, r2, r3
 833 0078 BB69     		ldr	r3, [r7, #24]
 834 007a 6421     		movs	r1, #100
 835 007c 01FB03F3 		mul	r3, r1, r3
 836 0080 D118     		adds	r1, r2, r3
 837 0082 7A69     		ldr	r2, [r7, #20]
 838 0084 1346     		mov	r3, r2
 839 0086 9B00     		lsls	r3, r3, #2
 840 0088 1344     		add	r3, r3, r2
 841 008a 5B00     		lsls	r3, r3, #1
 842 008c CA18     		adds	r2, r1, r3
 843 008e 3B69     		ldr	r3, [r7, #16]
 844 0090 1A44     		add	r2, r2, r3
 845 0092 1346     		mov	r3, r2
 846 0094 9B00     		lsls	r3, r3, #2
 847 0096 1344     		add	r3, r3, r2
 848 0098 5B00     		lsls	r3, r3, #1
 849 009a 83F00103 		eor	r3, r3, #1
 850 009e DB43     		mvns	r3, r3
 851 00a0 1846     		mov	r0, r3
 852 00a2 FFF7FEFF 		bl	__aeabi_i2d
 853 00a6 0246     		mov	r2, r0
 854 00a8 0B46     		mov	r3, r1
 855 00aa 7968     		ldr	r1, [r7, #4]
 856 00ac C1E90223 		strd	r2, [r1, #8]
 152:movement.c    ****     K->Kd =0;
 857              		.loc 1 152 0
 858 00b0 7968     		ldr	r1, [r7, #4]
 859 00b2 4FF00002 		mov	r2, #0
 860 00b6 4FF00003 		mov	r3, #0
 861 00ba C1E90423 		strd	r2, [r1, #16]
 153:movement.c    ****     K->Ki = 0;
 862              		.loc 1 153 0
 863 00be 7968     		ldr	r1, [r7, #4]
 864 00c0 4FF00002 		mov	r2, #0
 865 00c4 4FF00003 		mov	r3, #0
 866 00c8 C1E90023 		strd	r2, [r1]
 154:movement.c    **** }
 867              		.loc 1 154 0
 868 00cc 2837     		adds	r7, r7, #40
 869              		.cfi_def_cfa_offset 8
 870 00ce BD46     		mov	sp, r7
 871              		.cfi_def_cfa_register 13
 872              		@ sp needed
ARM GAS  C:\Users\shevi\AppData\Local\Temp\cc2YTEXG.s 			page 19


 873 00d0 80BD     		pop	{r7, pc}
 874              	.L23:
 875 00d2 00BF     		.align	2
 876              	.L22:
 877 00d4 A0860100 		.word	100000
 878              		.cfi_endproc
 879              	.LFE74:
 880              		.size	update_k, .-update_k
 881              		.text
 882              	.Letext0:
 883              		.file 2 "c:\\program files (x86)\\cypress\\psoc creator\\4.0\\psoc creator\\import\\gnu\\arm\\4.9.
 884              		.file 3 "c:\\program files (x86)\\cypress\\psoc creator\\4.0\\psoc creator\\import\\gnu\\arm\\4.9.
 885              		.file 4 "..\\..\\FreeRTOS_Source\\include/serial.h"
 886              		.file 5 "movement.h"
 887              		.file 6 "Generated_Source\\PSoC5/core_cm3.h"
 888              		.section	.debug_info,"",%progbits
 889              	.Ldebug_info0:
 890 0000 01040000 		.4byte	0x401
 891 0004 0400     		.2byte	0x4
 892 0006 00000000 		.4byte	.Ldebug_abbrev0
 893 000a 04       		.byte	0x4
 894 000b 01       		.uleb128 0x1
 895 000c 3F000000 		.4byte	.LASF51
 896 0010 01       		.byte	0x1
 897 0011 52020000 		.4byte	.LASF52
 898 0015 ED000000 		.4byte	.LASF53
 899 0019 00000000 		.4byte	.Ldebug_ranges0+0
 900 001d 00000000 		.4byte	0
 901 0021 00000000 		.4byte	.Ldebug_line0
 902 0025 02       		.uleb128 0x2
 903 0026 01       		.byte	0x1
 904 0027 06       		.byte	0x6
 905 0028 76010000 		.4byte	.LASF0
 906 002c 02       		.uleb128 0x2
 907 002d 01       		.byte	0x1
 908 002e 08       		.byte	0x8
 909 002f 82010000 		.4byte	.LASF1
 910 0033 02       		.uleb128 0x2
 911 0034 02       		.byte	0x2
 912 0035 05       		.byte	0x5
 913 0036 9B020000 		.4byte	.LASF2
 914 003a 02       		.uleb128 0x2
 915 003b 02       		.byte	0x2
 916 003c 07       		.byte	0x7
 917 003d FF020000 		.4byte	.LASF3
 918 0041 03       		.uleb128 0x3
 919 0042 18000000 		.4byte	.LASF5
 920 0046 02       		.byte	0x2
 921 0047 3F       		.byte	0x3f
 922 0048 4C000000 		.4byte	0x4c
 923 004c 02       		.uleb128 0x2
 924 004d 04       		.byte	0x4
 925 004e 05       		.byte	0x5
 926 004f D5020000 		.4byte	.LASF4
 927 0053 03       		.uleb128 0x3
 928 0054 97010000 		.4byte	.LASF6
 929 0058 02       		.byte	0x2
ARM GAS  C:\Users\shevi\AppData\Local\Temp\cc2YTEXG.s 			page 20


 930 0059 41       		.byte	0x41
 931 005a 5E000000 		.4byte	0x5e
 932 005e 02       		.uleb128 0x2
 933 005f 04       		.byte	0x4
 934 0060 07       		.byte	0x7
 935 0061 F0010000 		.4byte	.LASF7
 936 0065 02       		.uleb128 0x2
 937 0066 08       		.byte	0x8
 938 0067 05       		.byte	0x5
 939 0068 79020000 		.4byte	.LASF8
 940 006c 02       		.uleb128 0x2
 941 006d 08       		.byte	0x8
 942 006e 07       		.byte	0x7
 943 006f 0F020000 		.4byte	.LASF9
 944 0073 04       		.uleb128 0x4
 945 0074 04       		.byte	0x4
 946 0075 05       		.byte	0x5
 947 0076 696E7400 		.ascii	"int\000"
 948 007a 02       		.uleb128 0x2
 949 007b 04       		.byte	0x4
 950 007c 07       		.byte	0x7
 951 007d 02020000 		.4byte	.LASF10
 952 0081 03       		.uleb128 0x3
 953 0082 5D020000 		.4byte	.LASF11
 954 0086 03       		.byte	0x3
 955 0087 2C       		.byte	0x2c
 956 0088 41000000 		.4byte	0x41
 957 008c 03       		.uleb128 0x3
 958 008d CC020000 		.4byte	.LASF12
 959 0091 03       		.byte	0x3
 960 0092 2D       		.byte	0x2d
 961 0093 53000000 		.4byte	0x53
 962 0097 02       		.uleb128 0x2
 963 0098 04       		.byte	0x4
 964 0099 04       		.byte	0x4
 965 009a 70010000 		.4byte	.LASF13
 966 009e 02       		.uleb128 0x2
 967 009f 08       		.byte	0x8
 968 00a0 04       		.byte	0x4
 969 00a1 F8020000 		.4byte	.LASF14
 970 00a5 02       		.uleb128 0x2
 971 00a6 01       		.byte	0x1
 972 00a7 08       		.byte	0x8
 973 00a8 91020000 		.4byte	.LASF15
 974 00ac 02       		.uleb128 0x2
 975 00ad 04       		.byte	0x4
 976 00ae 07       		.byte	0x7
 977 00af 65020000 		.4byte	.LASF16
 978 00b3 05       		.uleb128 0x5
 979 00b4 04       		.byte	0x4
 980 00b5 06       		.uleb128 0x6
 981 00b6 04       		.byte	0x4
 982 00b7 2C000000 		.4byte	0x2c
 983 00bb 02       		.uleb128 0x2
 984 00bc 08       		.byte	0x8
 985 00bd 04       		.byte	0x4
 986 00be DE020000 		.4byte	.LASF17
ARM GAS  C:\Users\shevi\AppData\Local\Temp\cc2YTEXG.s 			page 21


 987 00c2 03       		.uleb128 0x3
 988 00c3 22000000 		.4byte	.LASF18
 989 00c7 04       		.byte	0x4
 990 00c8 1F       		.byte	0x1f
 991 00c9 B3000000 		.4byte	0xb3
 992 00cd 07       		.uleb128 0x7
 993 00ce 24       		.byte	0x24
 994 00cf 05       		.byte	0x5
 995 00d0 03       		.byte	0x3
 996 00d1 42010000 		.4byte	0x142
 997 00d5 08       		.uleb128 0x8
 998 00d6 B7020000 		.4byte	.LASF19
 999 00da 05       		.byte	0x5
 1000 00db 04       		.byte	0x4
 1001 00dc 4C000000 		.4byte	0x4c
 1002 00e0 00       		.byte	0
 1003 00e1 08       		.uleb128 0x8
 1004 00e2 CD000000 		.4byte	.LASF20
 1005 00e6 05       		.byte	0x5
 1006 00e7 05       		.byte	0x5
 1007 00e8 4C000000 		.4byte	0x4c
 1008 00ec 04       		.byte	0x4
 1009 00ed 08       		.uleb128 0x8
 1010 00ee 12030000 		.4byte	.LASF21
 1011 00f2 05       		.byte	0x5
 1012 00f3 06       		.byte	0x6
 1013 00f4 73000000 		.4byte	0x73
 1014 00f8 08       		.byte	0x8
 1015 00f9 08       		.uleb128 0x8
 1016 00fa 73020000 		.4byte	.LASF22
 1017 00fe 05       		.byte	0x5
 1018 00ff 07       		.byte	0x7
 1019 0100 73000000 		.4byte	0x73
 1020 0104 0C       		.byte	0xc
 1021 0105 08       		.uleb128 0x8
 1022 0106 87020000 		.4byte	.LASF23
 1023 010a 05       		.byte	0x5
 1024 010b 08       		.byte	0x8
 1025 010c 73000000 		.4byte	0x73
 1026 0110 10       		.byte	0x10
 1027 0111 08       		.uleb128 0x8
 1028 0112 AC020000 		.4byte	.LASF24
 1029 0116 05       		.byte	0x5
 1030 0117 09       		.byte	0x9
 1031 0118 73000000 		.4byte	0x73
 1032 011c 14       		.byte	0x14
 1033 011d 09       		.uleb128 0x9
 1034 011e 696E6300 		.ascii	"inc\000"
 1035 0122 05       		.byte	0x5
 1036 0123 0A       		.byte	0xa
 1037 0124 73000000 		.4byte	0x73
 1038 0128 18       		.byte	0x18
 1039 0129 08       		.uleb128 0x8
 1040 012a 4D020000 		.4byte	.LASF25
 1041 012e 05       		.byte	0x5
 1042 012f 0B       		.byte	0xb
 1043 0130 8C000000 		.4byte	0x8c
ARM GAS  C:\Users\shevi\AppData\Local\Temp\cc2YTEXG.s 			page 22


 1044 0134 1C       		.byte	0x1c
 1045 0135 08       		.uleb128 0x8
 1046 0136 A8010000 		.4byte	.LASF26
 1047 013a 05       		.byte	0x5
 1048 013b 0C       		.byte	0xc
 1049 013c 8C000000 		.4byte	0x8c
 1050 0140 20       		.byte	0x20
 1051 0141 00       		.byte	0
 1052 0142 03       		.uleb128 0x3
 1053 0143 D6000000 		.4byte	.LASF27
 1054 0147 05       		.byte	0x5
 1055 0148 0D       		.byte	0xd
 1056 0149 CD000000 		.4byte	0xcd
 1057 014d 07       		.uleb128 0x7
 1058 014e 18       		.byte	0x18
 1059 014f 05       		.byte	0x5
 1060 0150 0F       		.byte	0xf
 1061 0151 77010000 		.4byte	0x177
 1062 0155 09       		.uleb128 0x9
 1063 0156 4B6900   		.ascii	"Ki\000"
 1064 0159 05       		.byte	0x5
 1065 015a 10       		.byte	0x10
 1066 015b 9E000000 		.4byte	0x9e
 1067 015f 00       		.byte	0
 1068 0160 09       		.uleb128 0x9
 1069 0161 4B7000   		.ascii	"Kp\000"
 1070 0164 05       		.byte	0x5
 1071 0165 11       		.byte	0x11
 1072 0166 9E000000 		.4byte	0x9e
 1073 016a 08       		.byte	0x8
 1074 016b 09       		.uleb128 0x9
 1075 016c 4B6400   		.ascii	"Kd\000"
 1076 016f 05       		.byte	0x5
 1077 0170 12       		.byte	0x12
 1078 0171 9E000000 		.4byte	0x9e
 1079 0175 10       		.byte	0x10
 1080 0176 00       		.byte	0
 1081 0177 03       		.uleb128 0x3
 1082 0178 B2010000 		.4byte	.LASF28
 1083 017c 05       		.byte	0x5
 1084 017d 13       		.byte	0x13
 1085 017e 4D010000 		.4byte	0x14d
 1086 0182 0A       		.uleb128 0xa
 1087 0183 00000000 		.4byte	.LASF31
 1088 0187 01       		.byte	0x1
 1089 0188 17       		.byte	0x17
 1090 0189 00000000 		.4byte	.LFB68
 1091 018d B2000000 		.4byte	.LFE68-.LFB68
 1092 0191 01       		.uleb128 0x1
 1093 0192 9C       		.byte	0x9c
 1094 0193 B4010000 		.4byte	0x1b4
 1095 0197 0B       		.uleb128 0xb
 1096 0198 6E020000 		.4byte	.LASF29
 1097 019c 01       		.byte	0x1
 1098 019d 17       		.byte	0x17
 1099 019e A5000000 		.4byte	0xa5
 1100 01a2 02       		.uleb128 0x2
ARM GAS  C:\Users\shevi\AppData\Local\Temp\cc2YTEXG.s 			page 23


 1101 01a3 91       		.byte	0x91
 1102 01a4 77       		.sleb128 -9
 1103 01a5 0B       		.uleb128 0xb
 1104 01a6 96020000 		.4byte	.LASF30
 1105 01aa 01       		.byte	0x1
 1106 01ab 17       		.byte	0x17
 1107 01ac 73000000 		.4byte	0x73
 1108 01b0 02       		.uleb128 0x2
 1109 01b1 91       		.byte	0x91
 1110 01b2 70       		.sleb128 -16
 1111 01b3 00       		.byte	0
 1112 01b4 0A       		.uleb128 0xa
 1113 01b5 3C020000 		.4byte	.LASF32
 1114 01b9 01       		.byte	0x1
 1115 01ba 44       		.byte	0x44
 1116 01bb 00000000 		.4byte	.LFB69
 1117 01bf C4000000 		.4byte	.LFE69-.LFB69
 1118 01c3 01       		.uleb128 0x1
 1119 01c4 9C       		.byte	0x9c
 1120 01c5 E6010000 		.4byte	0x1e6
 1121 01c9 0B       		.uleb128 0xb
 1122 01ca 31000000 		.4byte	.LASF33
 1123 01ce 01       		.byte	0x1
 1124 01cf 44       		.byte	0x44
 1125 01d0 E6010000 		.4byte	0x1e6
 1126 01d4 02       		.uleb128 0x2
 1127 01d5 91       		.byte	0x91
 1128 01d6 6C       		.sleb128 -20
 1129 01d7 0B       		.uleb128 0xb
 1130 01d8 A2010000 		.4byte	.LASF34
 1131 01dc 01       		.byte	0x1
 1132 01dd 44       		.byte	0x44
 1133 01de E6010000 		.4byte	0x1e6
 1134 01e2 02       		.uleb128 0x2
 1135 01e3 91       		.byte	0x91
 1136 01e4 68       		.sleb128 -24
 1137 01e5 00       		.byte	0
 1138 01e6 06       		.uleb128 0x6
 1139 01e7 04       		.byte	0x4
 1140 01e8 42010000 		.4byte	0x142
 1141 01ec 0A       		.uleb128 0xa
 1142 01ed E1000000 		.4byte	.LASF35
 1143 01f1 01       		.byte	0x1
 1144 01f2 59       		.byte	0x59
 1145 01f3 00000000 		.4byte	.LFB70
 1146 01f7 CC010000 		.4byte	.LFE70-.LFB70
 1147 01fb 01       		.uleb128 0x1
 1148 01fc 9C       		.byte	0x9c
 1149 01fd 38020000 		.4byte	0x238
 1150 0201 0B       		.uleb128 0xb
 1151 0202 31000000 		.4byte	.LASF33
 1152 0206 01       		.byte	0x1
 1153 0207 59       		.byte	0x59
 1154 0208 E6010000 		.4byte	0x1e6
 1155 020c 02       		.uleb128 0x2
 1156 020d 91       		.byte	0x91
 1157 020e 5C       		.sleb128 -36
ARM GAS  C:\Users\shevi\AppData\Local\Temp\cc2YTEXG.s 			page 24


 1158 020f 0B       		.uleb128 0xb
 1159 0210 A2010000 		.4byte	.LASF34
 1160 0214 01       		.byte	0x1
 1161 0215 59       		.byte	0x59
 1162 0216 E6010000 		.4byte	0x1e6
 1163 021a 02       		.uleb128 0x2
 1164 021b 91       		.byte	0x91
 1165 021c 58       		.sleb128 -40
 1166 021d 0C       		.uleb128 0xc
 1167 021e 6B00     		.ascii	"k\000"
 1168 0220 01       		.byte	0x1
 1169 0221 59       		.byte	0x59
 1170 0222 38020000 		.4byte	0x238
 1171 0226 02       		.uleb128 0x2
 1172 0227 91       		.byte	0x91
 1173 0228 54       		.sleb128 -44
 1174 0229 0D       		.uleb128 0xd
 1175 022a EA020000 		.4byte	.LASF40
 1176 022e 01       		.byte	0x1
 1177 022f 5A       		.byte	0x5a
 1178 0230 73000000 		.4byte	0x73
 1179 0234 02       		.uleb128 0x2
 1180 0235 91       		.byte	0x91
 1181 0236 64       		.sleb128 -28
 1182 0237 00       		.byte	0
 1183 0238 06       		.uleb128 0x6
 1184 0239 04       		.byte	0x4
 1185 023a 77010000 		.4byte	0x177
 1186 023e 0A       		.uleb128 0xa
 1187 023f 0B000000 		.4byte	.LASF36
 1188 0243 01       		.byte	0x1
 1189 0244 6D       		.byte	0x6d
 1190 0245 00000000 		.4byte	.LFB71
 1191 0249 28000000 		.4byte	.LFE71-.LFB71
 1192 024d 01       		.uleb128 0x1
 1193 024e 9C       		.byte	0x9c
 1194 024f 70020000 		.4byte	0x270
 1195 0253 0B       		.uleb128 0xb
 1196 0254 31000000 		.4byte	.LASF33
 1197 0258 01       		.byte	0x1
 1198 0259 6D       		.byte	0x6d
 1199 025a E6010000 		.4byte	0x1e6
 1200 025e 02       		.uleb128 0x2
 1201 025f 91       		.byte	0x91
 1202 0260 74       		.sleb128 -12
 1203 0261 0B       		.uleb128 0xb
 1204 0262 A2010000 		.4byte	.LASF34
 1205 0266 01       		.byte	0x1
 1206 0267 6D       		.byte	0x6d
 1207 0268 E6010000 		.4byte	0x1e6
 1208 026c 02       		.uleb128 0x2
 1209 026d 91       		.byte	0x91
 1210 026e 70       		.sleb128 -16
 1211 026f 00       		.byte	0
 1212 0270 0E       		.uleb128 0xe
 1213 0271 26020000 		.4byte	.LASF37
 1214 0275 01       		.byte	0x1
ARM GAS  C:\Users\shevi\AppData\Local\Temp\cc2YTEXG.s 			page 25


 1215 0276 71       		.byte	0x71
 1216 0277 00000000 		.4byte	.LFB72
 1217 027b 48000000 		.4byte	.LFE72-.LFB72
 1218 027f 01       		.uleb128 0x1
 1219 0280 9C       		.byte	0x9c
 1220 0281 92020000 		.4byte	0x292
 1221 0285 0C       		.uleb128 0xc
 1222 0286 7700     		.ascii	"w\000"
 1223 0288 01       		.byte	0x1
 1224 0289 71       		.byte	0x71
 1225 028a E6010000 		.4byte	0x1e6
 1226 028e 02       		.uleb128 0x2
 1227 028f 91       		.byte	0x91
 1228 0290 74       		.sleb128 -12
 1229 0291 00       		.byte	0
 1230 0292 0E       		.uleb128 0xe
 1231 0293 C1020000 		.4byte	.LASF38
 1232 0297 01       		.byte	0x1
 1233 0298 7C       		.byte	0x7c
 1234 0299 00000000 		.4byte	.LFB73
 1235 029d B4000000 		.4byte	.LFE73-.LFB73
 1236 02a1 01       		.uleb128 0x1
 1237 02a2 9C       		.byte	0x9c
 1238 02a3 42030000 		.4byte	0x342
 1239 02a7 0B       		.uleb128 0xb
 1240 02a8 31000000 		.4byte	.LASF33
 1241 02ac 01       		.byte	0x1
 1242 02ad 7C       		.byte	0x7c
 1243 02ae E6010000 		.4byte	0x1e6
 1244 02b2 02       		.uleb128 0x2
 1245 02b3 91       		.byte	0x91
 1246 02b4 54       		.sleb128 -44
 1247 02b5 0B       		.uleb128 0xb
 1248 02b6 A2010000 		.4byte	.LASF34
 1249 02ba 01       		.byte	0x1
 1250 02bb 7C       		.byte	0x7c
 1251 02bc E6010000 		.4byte	0x1e6
 1252 02c0 02       		.uleb128 0x2
 1253 02c1 91       		.byte	0x91
 1254 02c2 50       		.sleb128 -48
 1255 02c3 0B       		.uleb128 0xb
 1256 02c4 A5020000 		.4byte	.LASF39
 1257 02c8 01       		.byte	0x1
 1258 02c9 7C       		.byte	0x7c
 1259 02ca B5000000 		.4byte	0xb5
 1260 02ce 02       		.uleb128 0x2
 1261 02cf 91       		.byte	0x91
 1262 02d0 4C       		.sleb128 -52
 1263 02d1 0D       		.uleb128 0xd
 1264 02d2 C8010000 		.4byte	.LASF41
 1265 02d6 01       		.byte	0x1
 1266 02d7 7E       		.byte	0x7e
 1267 02d8 73000000 		.4byte	0x73
 1268 02dc 02       		.uleb128 0x2
 1269 02dd 91       		.byte	0x91
 1270 02de 74       		.sleb128 -12
 1271 02df 0D       		.uleb128 0xd
ARM GAS  C:\Users\shevi\AppData\Local\Temp\cc2YTEXG.s 			page 26


 1272 02e0 CD010000 		.4byte	.LASF42
 1273 02e4 01       		.byte	0x1
 1274 02e5 7F       		.byte	0x7f
 1275 02e6 73000000 		.4byte	0x73
 1276 02ea 02       		.uleb128 0x2
 1277 02eb 91       		.byte	0x91
 1278 02ec 70       		.sleb128 -16
 1279 02ed 0D       		.uleb128 0xd
 1280 02ee D2010000 		.4byte	.LASF43
 1281 02f2 01       		.byte	0x1
 1282 02f3 80       		.byte	0x80
 1283 02f4 73000000 		.4byte	0x73
 1284 02f8 02       		.uleb128 0x2
 1285 02f9 91       		.byte	0x91
 1286 02fa 6C       		.sleb128 -20
 1287 02fb 0D       		.uleb128 0xd
 1288 02fc D7010000 		.4byte	.LASF44
 1289 0300 01       		.byte	0x1
 1290 0301 81       		.byte	0x81
 1291 0302 73000000 		.4byte	0x73
 1292 0306 02       		.uleb128 0x2
 1293 0307 91       		.byte	0x91
 1294 0308 68       		.sleb128 -24
 1295 0309 0D       		.uleb128 0xd
 1296 030a DC010000 		.4byte	.LASF45
 1297 030e 01       		.byte	0x1
 1298 030f 82       		.byte	0x82
 1299 0310 73000000 		.4byte	0x73
 1300 0314 02       		.uleb128 0x2
 1301 0315 91       		.byte	0x91
 1302 0316 64       		.sleb128 -28
 1303 0317 0D       		.uleb128 0xd
 1304 0318 E1010000 		.4byte	.LASF46
 1305 031c 01       		.byte	0x1
 1306 031d 83       		.byte	0x83
 1307 031e 73000000 		.4byte	0x73
 1308 0322 02       		.uleb128 0x2
 1309 0323 91       		.byte	0x91
 1310 0324 60       		.sleb128 -32
 1311 0325 0D       		.uleb128 0xd
 1312 0326 E6010000 		.4byte	.LASF47
 1313 032a 01       		.byte	0x1
 1314 032b 84       		.byte	0x84
 1315 032c 73000000 		.4byte	0x73
 1316 0330 02       		.uleb128 0x2
 1317 0331 91       		.byte	0x91
 1318 0332 5C       		.sleb128 -36
 1319 0333 0D       		.uleb128 0xd
 1320 0334 EB010000 		.4byte	.LASF48
 1321 0338 01       		.byte	0x1
 1322 0339 85       		.byte	0x85
 1323 033a 73000000 		.4byte	0x73
 1324 033e 02       		.uleb128 0x2
 1325 033f 91       		.byte	0x91
 1326 0340 58       		.sleb128 -40
 1327 0341 00       		.byte	0
 1328 0342 0A       		.uleb128 0xa
ARM GAS  C:\Users\shevi\AppData\Local\Temp\cc2YTEXG.s 			page 27


 1329 0343 36000000 		.4byte	.LASF49
 1330 0347 01       		.byte	0x1
 1331 0348 8B       		.byte	0x8b
 1332 0349 00000000 		.4byte	.LFB74
 1333 034d D8000000 		.4byte	.LFE74-.LFB74
 1334 0351 01       		.uleb128 0x1
 1335 0352 9C       		.byte	0x9c
 1336 0353 E2030000 		.4byte	0x3e2
 1337 0357 0C       		.uleb128 0xc
 1338 0358 4B00     		.ascii	"K\000"
 1339 035a 01       		.byte	0x1
 1340 035b 8B       		.byte	0x8b
 1341 035c 38020000 		.4byte	0x238
 1342 0360 02       		.uleb128 0x2
 1343 0361 91       		.byte	0x91
 1344 0362 54       		.sleb128 -44
 1345 0363 0B       		.uleb128 0xb
 1346 0364 A5020000 		.4byte	.LASF39
 1347 0368 01       		.byte	0x1
 1348 0369 8B       		.byte	0x8b
 1349 036a B5000000 		.4byte	0xb5
 1350 036e 02       		.uleb128 0x2
 1351 036f 91       		.byte	0x91
 1352 0370 50       		.sleb128 -48
 1353 0371 0D       		.uleb128 0xd
 1354 0372 C8010000 		.4byte	.LASF41
 1355 0376 01       		.byte	0x1
 1356 0377 8D       		.byte	0x8d
 1357 0378 73000000 		.4byte	0x73
 1358 037c 02       		.uleb128 0x2
 1359 037d 91       		.byte	0x91
 1360 037e 74       		.sleb128 -12
 1361 037f 0D       		.uleb128 0xd
 1362 0380 CD010000 		.4byte	.LASF42
 1363 0384 01       		.byte	0x1
 1364 0385 8E       		.byte	0x8e
 1365 0386 73000000 		.4byte	0x73
 1366 038a 02       		.uleb128 0x2
 1367 038b 91       		.byte	0x91
 1368 038c 70       		.sleb128 -16
 1369 038d 0D       		.uleb128 0xd
 1370 038e D2010000 		.4byte	.LASF43
 1371 0392 01       		.byte	0x1
 1372 0393 8F       		.byte	0x8f
 1373 0394 73000000 		.4byte	0x73
 1374 0398 02       		.uleb128 0x2
 1375 0399 91       		.byte	0x91
 1376 039a 6C       		.sleb128 -20
 1377 039b 0D       		.uleb128 0xd
 1378 039c D7010000 		.4byte	.LASF44
 1379 03a0 01       		.byte	0x1
 1380 03a1 90       		.byte	0x90
 1381 03a2 73000000 		.4byte	0x73
 1382 03a6 02       		.uleb128 0x2
 1383 03a7 91       		.byte	0x91
 1384 03a8 68       		.sleb128 -24
 1385 03a9 0D       		.uleb128 0xd
ARM GAS  C:\Users\shevi\AppData\Local\Temp\cc2YTEXG.s 			page 28


 1386 03aa DC010000 		.4byte	.LASF45
 1387 03ae 01       		.byte	0x1
 1388 03af 91       		.byte	0x91
 1389 03b0 73000000 		.4byte	0x73
 1390 03b4 02       		.uleb128 0x2
 1391 03b5 91       		.byte	0x91
 1392 03b6 64       		.sleb128 -28
 1393 03b7 0D       		.uleb128 0xd
 1394 03b8 E1010000 		.4byte	.LASF46
 1395 03bc 01       		.byte	0x1
 1396 03bd 92       		.byte	0x92
 1397 03be 73000000 		.4byte	0x73
 1398 03c2 02       		.uleb128 0x2
 1399 03c3 91       		.byte	0x91
 1400 03c4 60       		.sleb128 -32
 1401 03c5 0D       		.uleb128 0xd
 1402 03c6 E6010000 		.4byte	.LASF47
 1403 03ca 01       		.byte	0x1
 1404 03cb 93       		.byte	0x93
 1405 03cc 73000000 		.4byte	0x73
 1406 03d0 02       		.uleb128 0x2
 1407 03d1 91       		.byte	0x91
 1408 03d2 5C       		.sleb128 -36
 1409 03d3 0D       		.uleb128 0xd
 1410 03d4 EB010000 		.4byte	.LASF48
 1411 03d8 01       		.byte	0x1
 1412 03d9 94       		.byte	0x94
 1413 03da 73000000 		.4byte	0x73
 1414 03de 02       		.uleb128 0x2
 1415 03df 91       		.byte	0x91
 1416 03e0 58       		.sleb128 -40
 1417 03e1 00       		.byte	0
 1418 03e2 0D       		.uleb128 0xd
 1419 03e3 90010000 		.4byte	.LASF50
 1420 03e7 01       		.byte	0x1
 1421 03e8 12       		.byte	0x12
 1422 03e9 C2000000 		.4byte	0xc2
 1423 03ed 05       		.uleb128 0x5
 1424 03ee 03       		.byte	0x3
 1425 03ef 00000000 		.4byte	pxPort
 1426 03f3 0F       		.uleb128 0xf
 1427 03f4 BB010000 		.4byte	.LASF54
 1428 03f8 06       		.byte	0x6
 1429 03f9 9606     		.2byte	0x696
 1430 03fb FF030000 		.4byte	0x3ff
 1431 03ff 10       		.uleb128 0x10
 1432 0400 81000000 		.4byte	0x81
 1433 0404 00       		.byte	0
 1434              		.section	.debug_abbrev,"",%progbits
 1435              	.Ldebug_abbrev0:
 1436 0000 01       		.uleb128 0x1
 1437 0001 11       		.uleb128 0x11
 1438 0002 01       		.byte	0x1
 1439 0003 25       		.uleb128 0x25
 1440 0004 0E       		.uleb128 0xe
 1441 0005 13       		.uleb128 0x13
 1442 0006 0B       		.uleb128 0xb
ARM GAS  C:\Users\shevi\AppData\Local\Temp\cc2YTEXG.s 			page 29


 1443 0007 03       		.uleb128 0x3
 1444 0008 0E       		.uleb128 0xe
 1445 0009 1B       		.uleb128 0x1b
 1446 000a 0E       		.uleb128 0xe
 1447 000b 55       		.uleb128 0x55
 1448 000c 17       		.uleb128 0x17
 1449 000d 11       		.uleb128 0x11
 1450 000e 01       		.uleb128 0x1
 1451 000f 10       		.uleb128 0x10
 1452 0010 17       		.uleb128 0x17
 1453 0011 00       		.byte	0
 1454 0012 00       		.byte	0
 1455 0013 02       		.uleb128 0x2
 1456 0014 24       		.uleb128 0x24
 1457 0015 00       		.byte	0
 1458 0016 0B       		.uleb128 0xb
 1459 0017 0B       		.uleb128 0xb
 1460 0018 3E       		.uleb128 0x3e
 1461 0019 0B       		.uleb128 0xb
 1462 001a 03       		.uleb128 0x3
 1463 001b 0E       		.uleb128 0xe
 1464 001c 00       		.byte	0
 1465 001d 00       		.byte	0
 1466 001e 03       		.uleb128 0x3
 1467 001f 16       		.uleb128 0x16
 1468 0020 00       		.byte	0
 1469 0021 03       		.uleb128 0x3
 1470 0022 0E       		.uleb128 0xe
 1471 0023 3A       		.uleb128 0x3a
 1472 0024 0B       		.uleb128 0xb
 1473 0025 3B       		.uleb128 0x3b
 1474 0026 0B       		.uleb128 0xb
 1475 0027 49       		.uleb128 0x49
 1476 0028 13       		.uleb128 0x13
 1477 0029 00       		.byte	0
 1478 002a 00       		.byte	0
 1479 002b 04       		.uleb128 0x4
 1480 002c 24       		.uleb128 0x24
 1481 002d 00       		.byte	0
 1482 002e 0B       		.uleb128 0xb
 1483 002f 0B       		.uleb128 0xb
 1484 0030 3E       		.uleb128 0x3e
 1485 0031 0B       		.uleb128 0xb
 1486 0032 03       		.uleb128 0x3
 1487 0033 08       		.uleb128 0x8
 1488 0034 00       		.byte	0
 1489 0035 00       		.byte	0
 1490 0036 05       		.uleb128 0x5
 1491 0037 0F       		.uleb128 0xf
 1492 0038 00       		.byte	0
 1493 0039 0B       		.uleb128 0xb
 1494 003a 0B       		.uleb128 0xb
 1495 003b 00       		.byte	0
 1496 003c 00       		.byte	0
 1497 003d 06       		.uleb128 0x6
 1498 003e 0F       		.uleb128 0xf
 1499 003f 00       		.byte	0
ARM GAS  C:\Users\shevi\AppData\Local\Temp\cc2YTEXG.s 			page 30


 1500 0040 0B       		.uleb128 0xb
 1501 0041 0B       		.uleb128 0xb
 1502 0042 49       		.uleb128 0x49
 1503 0043 13       		.uleb128 0x13
 1504 0044 00       		.byte	0
 1505 0045 00       		.byte	0
 1506 0046 07       		.uleb128 0x7
 1507 0047 13       		.uleb128 0x13
 1508 0048 01       		.byte	0x1
 1509 0049 0B       		.uleb128 0xb
 1510 004a 0B       		.uleb128 0xb
 1511 004b 3A       		.uleb128 0x3a
 1512 004c 0B       		.uleb128 0xb
 1513 004d 3B       		.uleb128 0x3b
 1514 004e 0B       		.uleb128 0xb
 1515 004f 01       		.uleb128 0x1
 1516 0050 13       		.uleb128 0x13
 1517 0051 00       		.byte	0
 1518 0052 00       		.byte	0
 1519 0053 08       		.uleb128 0x8
 1520 0054 0D       		.uleb128 0xd
 1521 0055 00       		.byte	0
 1522 0056 03       		.uleb128 0x3
 1523 0057 0E       		.uleb128 0xe
 1524 0058 3A       		.uleb128 0x3a
 1525 0059 0B       		.uleb128 0xb
 1526 005a 3B       		.uleb128 0x3b
 1527 005b 0B       		.uleb128 0xb
 1528 005c 49       		.uleb128 0x49
 1529 005d 13       		.uleb128 0x13
 1530 005e 38       		.uleb128 0x38
 1531 005f 0B       		.uleb128 0xb
 1532 0060 00       		.byte	0
 1533 0061 00       		.byte	0
 1534 0062 09       		.uleb128 0x9
 1535 0063 0D       		.uleb128 0xd
 1536 0064 00       		.byte	0
 1537 0065 03       		.uleb128 0x3
 1538 0066 08       		.uleb128 0x8
 1539 0067 3A       		.uleb128 0x3a
 1540 0068 0B       		.uleb128 0xb
 1541 0069 3B       		.uleb128 0x3b
 1542 006a 0B       		.uleb128 0xb
 1543 006b 49       		.uleb128 0x49
 1544 006c 13       		.uleb128 0x13
 1545 006d 38       		.uleb128 0x38
 1546 006e 0B       		.uleb128 0xb
 1547 006f 00       		.byte	0
 1548 0070 00       		.byte	0
 1549 0071 0A       		.uleb128 0xa
 1550 0072 2E       		.uleb128 0x2e
 1551 0073 01       		.byte	0x1
 1552 0074 3F       		.uleb128 0x3f
 1553 0075 19       		.uleb128 0x19
 1554 0076 03       		.uleb128 0x3
 1555 0077 0E       		.uleb128 0xe
 1556 0078 3A       		.uleb128 0x3a
ARM GAS  C:\Users\shevi\AppData\Local\Temp\cc2YTEXG.s 			page 31


 1557 0079 0B       		.uleb128 0xb
 1558 007a 3B       		.uleb128 0x3b
 1559 007b 0B       		.uleb128 0xb
 1560 007c 27       		.uleb128 0x27
 1561 007d 19       		.uleb128 0x19
 1562 007e 11       		.uleb128 0x11
 1563 007f 01       		.uleb128 0x1
 1564 0080 12       		.uleb128 0x12
 1565 0081 06       		.uleb128 0x6
 1566 0082 40       		.uleb128 0x40
 1567 0083 18       		.uleb128 0x18
 1568 0084 9642     		.uleb128 0x2116
 1569 0086 19       		.uleb128 0x19
 1570 0087 01       		.uleb128 0x1
 1571 0088 13       		.uleb128 0x13
 1572 0089 00       		.byte	0
 1573 008a 00       		.byte	0
 1574 008b 0B       		.uleb128 0xb
 1575 008c 05       		.uleb128 0x5
 1576 008d 00       		.byte	0
 1577 008e 03       		.uleb128 0x3
 1578 008f 0E       		.uleb128 0xe
 1579 0090 3A       		.uleb128 0x3a
 1580 0091 0B       		.uleb128 0xb
 1581 0092 3B       		.uleb128 0x3b
 1582 0093 0B       		.uleb128 0xb
 1583 0094 49       		.uleb128 0x49
 1584 0095 13       		.uleb128 0x13
 1585 0096 02       		.uleb128 0x2
 1586 0097 18       		.uleb128 0x18
 1587 0098 00       		.byte	0
 1588 0099 00       		.byte	0
 1589 009a 0C       		.uleb128 0xc
 1590 009b 05       		.uleb128 0x5
 1591 009c 00       		.byte	0
 1592 009d 03       		.uleb128 0x3
 1593 009e 08       		.uleb128 0x8
 1594 009f 3A       		.uleb128 0x3a
 1595 00a0 0B       		.uleb128 0xb
 1596 00a1 3B       		.uleb128 0x3b
 1597 00a2 0B       		.uleb128 0xb
 1598 00a3 49       		.uleb128 0x49
 1599 00a4 13       		.uleb128 0x13
 1600 00a5 02       		.uleb128 0x2
 1601 00a6 18       		.uleb128 0x18
 1602 00a7 00       		.byte	0
 1603 00a8 00       		.byte	0
 1604 00a9 0D       		.uleb128 0xd
 1605 00aa 34       		.uleb128 0x34
 1606 00ab 00       		.byte	0
 1607 00ac 03       		.uleb128 0x3
 1608 00ad 0E       		.uleb128 0xe
 1609 00ae 3A       		.uleb128 0x3a
 1610 00af 0B       		.uleb128 0xb
 1611 00b0 3B       		.uleb128 0x3b
 1612 00b1 0B       		.uleb128 0xb
 1613 00b2 49       		.uleb128 0x49
ARM GAS  C:\Users\shevi\AppData\Local\Temp\cc2YTEXG.s 			page 32


 1614 00b3 13       		.uleb128 0x13
 1615 00b4 02       		.uleb128 0x2
 1616 00b5 18       		.uleb128 0x18
 1617 00b6 00       		.byte	0
 1618 00b7 00       		.byte	0
 1619 00b8 0E       		.uleb128 0xe
 1620 00b9 2E       		.uleb128 0x2e
 1621 00ba 01       		.byte	0x1
 1622 00bb 3F       		.uleb128 0x3f
 1623 00bc 19       		.uleb128 0x19
 1624 00bd 03       		.uleb128 0x3
 1625 00be 0E       		.uleb128 0xe
 1626 00bf 3A       		.uleb128 0x3a
 1627 00c0 0B       		.uleb128 0xb
 1628 00c1 3B       		.uleb128 0x3b
 1629 00c2 0B       		.uleb128 0xb
 1630 00c3 27       		.uleb128 0x27
 1631 00c4 19       		.uleb128 0x19
 1632 00c5 11       		.uleb128 0x11
 1633 00c6 01       		.uleb128 0x1
 1634 00c7 12       		.uleb128 0x12
 1635 00c8 06       		.uleb128 0x6
 1636 00c9 40       		.uleb128 0x40
 1637 00ca 18       		.uleb128 0x18
 1638 00cb 9742     		.uleb128 0x2117
 1639 00cd 19       		.uleb128 0x19
 1640 00ce 01       		.uleb128 0x1
 1641 00cf 13       		.uleb128 0x13
 1642 00d0 00       		.byte	0
 1643 00d1 00       		.byte	0
 1644 00d2 0F       		.uleb128 0xf
 1645 00d3 34       		.uleb128 0x34
 1646 00d4 00       		.byte	0
 1647 00d5 03       		.uleb128 0x3
 1648 00d6 0E       		.uleb128 0xe
 1649 00d7 3A       		.uleb128 0x3a
 1650 00d8 0B       		.uleb128 0xb
 1651 00d9 3B       		.uleb128 0x3b
 1652 00da 05       		.uleb128 0x5
 1653 00db 49       		.uleb128 0x49
 1654 00dc 13       		.uleb128 0x13
 1655 00dd 3F       		.uleb128 0x3f
 1656 00de 19       		.uleb128 0x19
 1657 00df 3C       		.uleb128 0x3c
 1658 00e0 19       		.uleb128 0x19
 1659 00e1 00       		.byte	0
 1660 00e2 00       		.byte	0
 1661 00e3 10       		.uleb128 0x10
 1662 00e4 35       		.uleb128 0x35
 1663 00e5 00       		.byte	0
 1664 00e6 49       		.uleb128 0x49
 1665 00e7 13       		.uleb128 0x13
 1666 00e8 00       		.byte	0
 1667 00e9 00       		.byte	0
 1668 00ea 00       		.byte	0
 1669              		.section	.debug_aranges,"",%progbits
 1670 0000 4C000000 		.4byte	0x4c
ARM GAS  C:\Users\shevi\AppData\Local\Temp\cc2YTEXG.s 			page 33


 1671 0004 0200     		.2byte	0x2
 1672 0006 00000000 		.4byte	.Ldebug_info0
 1673 000a 04       		.byte	0x4
 1674 000b 00       		.byte	0
 1675 000c 0000     		.2byte	0
 1676 000e 0000     		.2byte	0
 1677 0010 00000000 		.4byte	.LFB68
 1678 0014 B2000000 		.4byte	.LFE68-.LFB68
 1679 0018 00000000 		.4byte	.LFB69
 1680 001c C4000000 		.4byte	.LFE69-.LFB69
 1681 0020 00000000 		.4byte	.LFB70
 1682 0024 CC010000 		.4byte	.LFE70-.LFB70
 1683 0028 00000000 		.4byte	.LFB71
 1684 002c 28000000 		.4byte	.LFE71-.LFB71
 1685 0030 00000000 		.4byte	.LFB72
 1686 0034 48000000 		.4byte	.LFE72-.LFB72
 1687 0038 00000000 		.4byte	.LFB73
 1688 003c B4000000 		.4byte	.LFE73-.LFB73
 1689 0040 00000000 		.4byte	.LFB74
 1690 0044 D8000000 		.4byte	.LFE74-.LFB74
 1691 0048 00000000 		.4byte	0
 1692 004c 00000000 		.4byte	0
 1693              		.section	.debug_ranges,"",%progbits
 1694              	.Ldebug_ranges0:
 1695 0000 00000000 		.4byte	.LFB68
 1696 0004 B2000000 		.4byte	.LFE68
 1697 0008 00000000 		.4byte	.LFB69
 1698 000c C4000000 		.4byte	.LFE69
 1699 0010 00000000 		.4byte	.LFB70
 1700 0014 CC010000 		.4byte	.LFE70
 1701 0018 00000000 		.4byte	.LFB71
 1702 001c 28000000 		.4byte	.LFE71
 1703 0020 00000000 		.4byte	.LFB72
 1704 0024 48000000 		.4byte	.LFE72
 1705 0028 00000000 		.4byte	.LFB73
 1706 002c B4000000 		.4byte	.LFE73
 1707 0030 00000000 		.4byte	.LFB74
 1708 0034 D8000000 		.4byte	.LFE74
 1709 0038 00000000 		.4byte	0
 1710 003c 00000000 		.4byte	0
 1711              		.section	.debug_line,"",%progbits
 1712              	.Ldebug_line0:
 1713 0000 48020000 		.section	.debug_str,"MS",%progbits,1
 1713      02007601 
 1713      00000201 
 1713      FB0E0D00 
 1713      01010101 
 1714              	.LASF31:
 1715 0000 7475726E 		.ascii	"turn_wheel\000"
 1715      5F776865 
 1715      656C00
 1716              	.LASF36:
 1717 000b 6D6F765F 		.ascii	"mov_Adj_Volt\000"
 1717      41646A5F 
 1717      566F6C74 
 1717      00
 1718              	.LASF5:
ARM GAS  C:\Users\shevi\AppData\Local\Temp\cc2YTEXG.s 			page 34


 1719 0018 5F5F696E 		.ascii	"__int32_t\000"
 1719      7433325F 
 1719      7400
 1720              	.LASF18:
 1721 0022 78436F6D 		.ascii	"xComPortHandle\000"
 1721      506F7274 
 1721      48616E64 
 1721      6C6500
 1722              	.LASF33:
 1723 0031 6C656674 		.ascii	"left\000"
 1723      00
 1724              	.LASF49:
 1725 0036 75706461 		.ascii	"update_k\000"
 1725      74655F6B 
 1725      00
 1726              	.LASF51:
 1727 003f 474E5520 		.ascii	"GNU C 4.9.3 20150303 (release) [ARM/embedded-4_9-br"
 1727      4320342E 
 1727      392E3320 
 1727      32303135 
 1727      30333033 
 1728 0072 616E6368 		.ascii	"anch revision 221220] -mcpu=cortex-m3 -mthumb -g -O"
 1728      20726576 
 1728      6973696F 
 1728      6E203232 
 1728      31323230 
 1729 00a5 30202D66 		.ascii	"0 -ffunction-sections -ffat-lto-objects\000"
 1729      66756E63 
 1729      74696F6E 
 1729      2D736563 
 1729      74696F6E 
 1730              	.LASF20:
 1731 00cd 6375725F 		.ascii	"cur_dest\000"
 1731      64657374 
 1731      00
 1732              	.LASF27:
 1733 00d6 77686565 		.ascii	"wheel_data\000"
 1733      6C5F6461 
 1733      746100
 1734              	.LASF35:
 1735 00e1 6D6F765F 		.ascii	"mov_get_PID\000"
 1735      6765745F 
 1735      50494400 
 1736              	.LASF53:
 1737 00ed 433A5C55 		.ascii	"C:\\Users\\shevi\\Documents\\GitHub\\FYP_POSCCreato"
 1737      73657273 
 1737      5C736865 
 1737      76695C44 
 1737      6F63756D 
 1738 011b 725F4D61 		.ascii	"r_Master\\FYP_PSOCCreator_Master\\CORTEX_CY8C5588_P"
 1738      73746572 
 1738      5C465950 
 1738      5F50534F 
 1738      43437265 
 1739 014c 536F435F 		.ascii	"SoC_Creator_GCC\\FreeRTOS_Demo.cydsn\000"
 1739      43726561 
 1739      746F725F 
ARM GAS  C:\Users\shevi\AppData\Local\Temp\cc2YTEXG.s 			page 35


 1739      4743435C 
 1739      46726565 
 1740              	.LASF13:
 1741 0170 666C6F61 		.ascii	"float\000"
 1741      7400
 1742              	.LASF0:
 1743 0176 7369676E 		.ascii	"signed char\000"
 1743      65642063 
 1743      68617200 
 1744              	.LASF1:
 1745 0182 756E7369 		.ascii	"unsigned char\000"
 1745      676E6564 
 1745      20636861 
 1745      7200
 1746              	.LASF50:
 1747 0190 7078506F 		.ascii	"pxPort\000"
 1747      727400
 1748              	.LASF6:
 1749 0197 5F5F7569 		.ascii	"__uint32_t\000"
 1749      6E743332 
 1749      5F7400
 1750              	.LASF34:
 1751 01a2 72696768 		.ascii	"right\000"
 1751      7400
 1752              	.LASF26:
 1753 01a8 74696D65 		.ascii	"time_prev\000"
 1753      5F707265 
 1753      7600
 1754              	.LASF28:
 1755 01b2 5049445F 		.ascii	"PID_data\000"
 1755      64617461 
 1755      00
 1756              	.LASF54:
 1757 01bb 49544D5F 		.ascii	"ITM_RxBuffer\000"
 1757      52784275 
 1757      66666572 
 1757      00
 1758              	.LASF41:
 1759 01c8 696E7430 		.ascii	"int0\000"
 1759      00
 1760              	.LASF42:
 1761 01cd 696E7431 		.ascii	"int1\000"
 1761      00
 1762              	.LASF43:
 1763 01d2 696E7432 		.ascii	"int2\000"
 1763      00
 1764              	.LASF44:
 1765 01d7 696E7433 		.ascii	"int3\000"
 1765      00
 1766              	.LASF45:
 1767 01dc 696E7434 		.ascii	"int4\000"
 1767      00
 1768              	.LASF46:
 1769 01e1 696E7435 		.ascii	"int5\000"
 1769      00
 1770              	.LASF47:
 1771 01e6 696E7436 		.ascii	"int6\000"
ARM GAS  C:\Users\shevi\AppData\Local\Temp\cc2YTEXG.s 			page 36


 1771      00
 1772              	.LASF48:
 1773 01eb 696E7437 		.ascii	"int7\000"
 1773      00
 1774              	.LASF7:
 1775 01f0 6C6F6E67 		.ascii	"long unsigned int\000"
 1775      20756E73 
 1775      69676E65 
 1775      6420696E 
 1775      7400
 1776              	.LASF10:
 1777 0202 756E7369 		.ascii	"unsigned int\000"
 1777      676E6564 
 1777      20696E74 
 1777      00
 1778              	.LASF9:
 1779 020f 6C6F6E67 		.ascii	"long long unsigned int\000"
 1779      206C6F6E 
 1779      6720756E 
 1779      7369676E 
 1779      65642069 
 1780              	.LASF37:
 1781 0226 696E6974 		.ascii	"initialise_wheel_data\000"
 1781      69616C69 
 1781      73655F77 
 1781      6865656C 
 1781      5F646174 
 1782              	.LASF32:
 1783 023c 6D6F765F 		.ascii	"mov_update_error\000"
 1783      75706461 
 1783      74655F65 
 1783      72726F72 
 1783      00
 1784              	.LASF25:
 1785 024d 74696D65 		.ascii	"time\000"
 1785      00
 1786              	.LASF52:
 1787 0252 6D6F7665 		.ascii	"movement.c\000"
 1787      6D656E74 
 1787      2E6300
 1788              	.LASF11:
 1789 025d 696E7433 		.ascii	"int32_t\000"
 1789      325F7400 
 1790              	.LASF16:
 1791 0265 73697A65 		.ascii	"sizetype\000"
 1791      74797065 
 1791      00
 1792              	.LASF29:
 1793 026e 73696465 		.ascii	"side\000"
 1793      00
 1794              	.LASF22:
 1795 0273 6572726F 		.ascii	"error\000"
 1795      7200
 1796              	.LASF8:
 1797 0279 6C6F6E67 		.ascii	"long long int\000"
 1797      206C6F6E 
 1797      6720696E 
ARM GAS  C:\Users\shevi\AppData\Local\Temp\cc2YTEXG.s 			page 37


 1797      7400
 1798              	.LASF23:
 1799 0287 6572726F 		.ascii	"error_sum\000"
 1799      725F7375 
 1799      6D00
 1800              	.LASF15:
 1801 0291 63686172 		.ascii	"char\000"
 1801      00
 1802              	.LASF30:
 1803 0296 766F6C74 		.ascii	"volt\000"
 1803      00
 1804              	.LASF2:
 1805 029b 73686F72 		.ascii	"short int\000"
 1805      7420696E 
 1805      7400
 1806              	.LASF39:
 1807 02a5 62756666 		.ascii	"buffer\000"
 1807      657200
 1808              	.LASF24:
 1809 02ac 6D6F746F 		.ascii	"motor_volt\000"
 1809      725F766F 
 1809      6C7400
 1810              	.LASF19:
 1811 02b7 70726576 		.ascii	"prev_dest\000"
 1811      5F646573 
 1811      7400
 1812              	.LASF38:
 1813 02c1 75706461 		.ascii	"update_inc\000"
 1813      74655F69 
 1813      6E6300
 1814              	.LASF12:
 1815 02cc 75696E74 		.ascii	"uint32_t\000"
 1815      33325F74 
 1815      00
 1816              	.LASF4:
 1817 02d5 6C6F6E67 		.ascii	"long int\000"
 1817      20696E74 
 1817      00
 1818              	.LASF17:
 1819 02de 6C6F6E67 		.ascii	"long double\000"
 1819      20646F75 
 1819      626C6500 
 1820              	.LASF40:
 1821 02ea 6D6F746F 		.ascii	"motor_voltage\000"
 1821      725F766F 
 1821      6C746167 
 1821      6500
 1822              	.LASF14:
 1823 02f8 646F7562 		.ascii	"double\000"
 1823      6C6500
 1824              	.LASF3:
 1825 02ff 73686F72 		.ascii	"short unsigned int\000"
 1825      7420756E 
 1825      7369676E 
 1825      65642069 
 1825      6E7400
 1826              	.LASF21:
ARM GAS  C:\Users\shevi\AppData\Local\Temp\cc2YTEXG.s 			page 38


 1827 0312 6572726F 		.ascii	"error_prev\000"
 1827      725F7072 
 1827      657600
 1828              		.ident	"GCC: (GNU Tools for ARM Embedded Processors) 4.9.3 20150303 (release) [ARM/embedded-4_9-br
