ARM GAS  C:\Users\sdsir3\AppData\Local\Temp\ccIW5bXg.s 			page 1


   1              		.syntax unified
   2              		.cpu cortex-m3
   3              		.fpu softvfp
   4              		.eabi_attribute 20, 1
   5              		.eabi_attribute 21, 1
   6              		.eabi_attribute 23, 3
   7              		.eabi_attribute 24, 1
   8              		.eabi_attribute 25, 1
   9              		.eabi_attribute 26, 1
  10              		.eabi_attribute 30, 6
  11              		.eabi_attribute 34, 1
  12              		.eabi_attribute 18, 4
  13              		.thumb
  14              		.syntax unified
  15              		.file	"Filter_1_Coefficients.c"
  16              		.text
  17              	.Ltext0:
  18              		.cfi_sections	.debug_frame
  19              		.global	Filter_1_ChannelAFirCoefficients
  20              		.section	.rodata
  21              		.align	2
  22              		.type	Filter_1_ChannelAFirCoefficients, %object
  23              		.size	Filter_1_ChannelAFirCoefficients, 64
  24              	Filter_1_ChannelAFirCoefficients:
  25 0000 CC       		.byte	-52
  26 0001 76       		.byte	118
  27 0002 00       		.byte	0
  28 0003 00       		.byte	0
  29 0004 FC       		.byte	-4
  30 0005 F4       		.byte	-12
  31 0006 00       		.byte	0
  32 0007 00       		.byte	0
  33 0008 DC       		.byte	-36
  34 0009 F1       		.byte	-15
  35 000a 01       		.byte	1
  36 000b 00       		.byte	0
  37 000c 11       		.byte	17
  38 000d 5F       		.byte	95
  39 000e 03       		.byte	3
  40 000f 00       		.byte	0
  41 0010 63       		.byte	99
  42 0011 0D       		.byte	13
  43 0012 05       		.byte	5
  44 0013 00       		.byte	0
  45 0014 DD       		.byte	-35
  46 0015 B5       		.byte	-75
  47 0016 06       		.byte	6
  48 0017 00       		.byte	0
  49 0018 15       		.byte	21
  50 0019 0A       		.byte	10
  51 001a 08       		.byte	8
  52 001b 00       		.byte	0
  53 001c 50       		.byte	80
  54 001d C7       		.byte	-57
  55 001e 08       		.byte	8
  56 001f 00       		.byte	0
  57 0020 50       		.byte	80
ARM GAS  C:\Users\sdsir3\AppData\Local\Temp\ccIW5bXg.s 			page 2


  58 0021 C7       		.byte	-57
  59 0022 08       		.byte	8
  60 0023 00       		.byte	0
  61 0024 15       		.byte	21
  62 0025 0A       		.byte	10
  63 0026 08       		.byte	8
  64 0027 00       		.byte	0
  65 0028 DD       		.byte	-35
  66 0029 B5       		.byte	-75
  67 002a 06       		.byte	6
  68 002b 00       		.byte	0
  69 002c 63       		.byte	99
  70 002d 0D       		.byte	13
  71 002e 05       		.byte	5
  72 002f 00       		.byte	0
  73 0030 11       		.byte	17
  74 0031 5F       		.byte	95
  75 0032 03       		.byte	3
  76 0033 00       		.byte	0
  77 0034 DC       		.byte	-36
  78 0035 F1       		.byte	-15
  79 0036 01       		.byte	1
  80 0037 00       		.byte	0
  81 0038 FC       		.byte	-4
  82 0039 F4       		.byte	-12
  83 003a 00       		.byte	0
  84 003b 00       		.byte	0
  85 003c CC       		.byte	-52
  86 003d 76       		.byte	118
  87 003e 00       		.byte	0
  88 003f 00       		.byte	0
  89              		.text
  90              	.Letext0:
  91              		.file 1 "Generated_Source\\PSoC5\\cytypes.h"
  92              		.file 2 "Generated_Source\\PSoC5\\Filter_1_Coefficients.c"
  93              		.section	.debug_info,"",%progbits
  94              	.Ldebug_info0:
  95 0000 BA000000 		.4byte	0xba
  96 0004 0400     		.2byte	0x4
  97 0006 00000000 		.4byte	.Ldebug_abbrev0
  98 000a 04       		.byte	0x4
  99 000b 01       		.uleb128 0x1
 100 000c 17010000 		.4byte	.LASF14
 101 0010 0C       		.byte	0xc
 102 0011 E2000000 		.4byte	.LASF15
 103 0015 1B000000 		.4byte	.LASF16
 104 0019 00000000 		.4byte	.Ldebug_line0
 105 001d 02       		.uleb128 0x2
 106 001e 04       		.byte	0x4
 107 001f 05       		.byte	0x5
 108 0020 696E7400 		.ascii	"int\000"
 109 0024 03       		.uleb128 0x3
 110 0025 04       		.byte	0x4
 111 0026 07       		.byte	0x7
 112 0027 0E000000 		.4byte	.LASF0
 113 002b 03       		.uleb128 0x3
 114 002c 08       		.byte	0x8
ARM GAS  C:\Users\sdsir3\AppData\Local\Temp\ccIW5bXg.s 			page 3


 115 002d 05       		.byte	0x5
 116 002e 00000000 		.4byte	.LASF1
 117 0032 03       		.uleb128 0x3
 118 0033 08       		.byte	0x8
 119 0034 04       		.byte	0x4
 120 0035 08020000 		.4byte	.LASF2
 121 0039 03       		.uleb128 0x3
 122 003a 01       		.byte	0x1
 123 003b 06       		.byte	0x6
 124 003c FC010000 		.4byte	.LASF3
 125 0040 03       		.uleb128 0x3
 126 0041 01       		.byte	0x1
 127 0042 08       		.byte	0x8
 128 0043 A5010000 		.4byte	.LASF4
 129 0047 03       		.uleb128 0x3
 130 0048 02       		.byte	0x2
 131 0049 05       		.byte	0x5
 132 004a 14020000 		.4byte	.LASF5
 133 004e 03       		.uleb128 0x3
 134 004f 02       		.byte	0x2
 135 0050 07       		.byte	0x7
 136 0051 E9010000 		.4byte	.LASF6
 137 0055 03       		.uleb128 0x3
 138 0056 04       		.byte	0x4
 139 0057 05       		.byte	0x5
 140 0058 B8010000 		.4byte	.LASF7
 141 005c 03       		.uleb128 0x3
 142 005d 04       		.byte	0x4
 143 005e 07       		.byte	0x7
 144 005f B9000000 		.4byte	.LASF8
 145 0063 03       		.uleb128 0x3
 146 0064 08       		.byte	0x8
 147 0065 07       		.byte	0x7
 148 0066 CB000000 		.4byte	.LASF9
 149 006a 03       		.uleb128 0x3
 150 006b 04       		.byte	0x4
 151 006c 07       		.byte	0x7
 152 006d 1E020000 		.4byte	.LASF10
 153 0071 03       		.uleb128 0x3
 154 0072 01       		.byte	0x1
 155 0073 08       		.byte	0x8
 156 0074 B3010000 		.4byte	.LASF11
 157 0078 04       		.uleb128 0x4
 158 0079 B3000000 		.4byte	.LASF17
 159 007d 01       		.byte	0x1
 160 007e 9201     		.2byte	0x192
 161 0080 40000000 		.4byte	0x40
 162 0084 03       		.uleb128 0x3
 163 0085 04       		.byte	0x4
 164 0086 04       		.byte	0x4
 165 0087 11010000 		.4byte	.LASF12
 166 008b 03       		.uleb128 0x3
 167 008c 08       		.byte	0x8
 168 008d 04       		.byte	0x4
 169 008e E2010000 		.4byte	.LASF13
 170 0092 05       		.uleb128 0x5
 171 0093 A2000000 		.4byte	0xa2
ARM GAS  C:\Users\sdsir3\AppData\Local\Temp\ccIW5bXg.s 			page 4


 172 0097 A2000000 		.4byte	0xa2
 173 009b 06       		.uleb128 0x6
 174 009c 6A000000 		.4byte	0x6a
 175 00a0 3F       		.byte	0x3f
 176 00a1 00       		.byte	0
 177 00a2 07       		.uleb128 0x7
 178 00a3 78000000 		.4byte	0x78
 179 00a7 08       		.uleb128 0x8
 180 00a8 C1010000 		.4byte	.LASF18
 181 00ac 02       		.byte	0x2
 182 00ad 11       		.byte	0x11
 183 00ae B8000000 		.4byte	0xb8
 184 00b2 05       		.uleb128 0x5
 185 00b3 03       		.byte	0x3
 186 00b4 00000000 		.4byte	Filter_1_ChannelAFirCoefficients
 187 00b8 07       		.uleb128 0x7
 188 00b9 92000000 		.4byte	0x92
 189 00bd 00       		.byte	0
 190              		.section	.debug_abbrev,"",%progbits
 191              	.Ldebug_abbrev0:
 192 0000 01       		.uleb128 0x1
 193 0001 11       		.uleb128 0x11
 194 0002 01       		.byte	0x1
 195 0003 25       		.uleb128 0x25
 196 0004 0E       		.uleb128 0xe
 197 0005 13       		.uleb128 0x13
 198 0006 0B       		.uleb128 0xb
 199 0007 03       		.uleb128 0x3
 200 0008 0E       		.uleb128 0xe
 201 0009 1B       		.uleb128 0x1b
 202 000a 0E       		.uleb128 0xe
 203 000b 10       		.uleb128 0x10
 204 000c 17       		.uleb128 0x17
 205 000d 00       		.byte	0
 206 000e 00       		.byte	0
 207 000f 02       		.uleb128 0x2
 208 0010 24       		.uleb128 0x24
 209 0011 00       		.byte	0
 210 0012 0B       		.uleb128 0xb
 211 0013 0B       		.uleb128 0xb
 212 0014 3E       		.uleb128 0x3e
 213 0015 0B       		.uleb128 0xb
 214 0016 03       		.uleb128 0x3
 215 0017 08       		.uleb128 0x8
 216 0018 00       		.byte	0
 217 0019 00       		.byte	0
 218 001a 03       		.uleb128 0x3
 219 001b 24       		.uleb128 0x24
 220 001c 00       		.byte	0
 221 001d 0B       		.uleb128 0xb
 222 001e 0B       		.uleb128 0xb
 223 001f 3E       		.uleb128 0x3e
 224 0020 0B       		.uleb128 0xb
 225 0021 03       		.uleb128 0x3
 226 0022 0E       		.uleb128 0xe
 227 0023 00       		.byte	0
 228 0024 00       		.byte	0
ARM GAS  C:\Users\sdsir3\AppData\Local\Temp\ccIW5bXg.s 			page 5


 229 0025 04       		.uleb128 0x4
 230 0026 16       		.uleb128 0x16
 231 0027 00       		.byte	0
 232 0028 03       		.uleb128 0x3
 233 0029 0E       		.uleb128 0xe
 234 002a 3A       		.uleb128 0x3a
 235 002b 0B       		.uleb128 0xb
 236 002c 3B       		.uleb128 0x3b
 237 002d 05       		.uleb128 0x5
 238 002e 49       		.uleb128 0x49
 239 002f 13       		.uleb128 0x13
 240 0030 00       		.byte	0
 241 0031 00       		.byte	0
 242 0032 05       		.uleb128 0x5
 243 0033 01       		.uleb128 0x1
 244 0034 01       		.byte	0x1
 245 0035 49       		.uleb128 0x49
 246 0036 13       		.uleb128 0x13
 247 0037 01       		.uleb128 0x1
 248 0038 13       		.uleb128 0x13
 249 0039 00       		.byte	0
 250 003a 00       		.byte	0
 251 003b 06       		.uleb128 0x6
 252 003c 21       		.uleb128 0x21
 253 003d 00       		.byte	0
 254 003e 49       		.uleb128 0x49
 255 003f 13       		.uleb128 0x13
 256 0040 2F       		.uleb128 0x2f
 257 0041 0B       		.uleb128 0xb
 258 0042 00       		.byte	0
 259 0043 00       		.byte	0
 260 0044 07       		.uleb128 0x7
 261 0045 26       		.uleb128 0x26
 262 0046 00       		.byte	0
 263 0047 49       		.uleb128 0x49
 264 0048 13       		.uleb128 0x13
 265 0049 00       		.byte	0
 266 004a 00       		.byte	0
 267 004b 08       		.uleb128 0x8
 268 004c 34       		.uleb128 0x34
 269 004d 00       		.byte	0
 270 004e 03       		.uleb128 0x3
 271 004f 0E       		.uleb128 0xe
 272 0050 3A       		.uleb128 0x3a
 273 0051 0B       		.uleb128 0xb
 274 0052 3B       		.uleb128 0x3b
 275 0053 0B       		.uleb128 0xb
 276 0054 49       		.uleb128 0x49
 277 0055 13       		.uleb128 0x13
 278 0056 3F       		.uleb128 0x3f
 279 0057 19       		.uleb128 0x19
 280 0058 02       		.uleb128 0x2
 281 0059 18       		.uleb128 0x18
 282 005a 00       		.byte	0
 283 005b 00       		.byte	0
 284 005c 00       		.byte	0
 285              		.section	.debug_aranges,"",%progbits
ARM GAS  C:\Users\sdsir3\AppData\Local\Temp\ccIW5bXg.s 			page 6


 286 0000 14000000 		.4byte	0x14
 287 0004 0200     		.2byte	0x2
 288 0006 00000000 		.4byte	.Ldebug_info0
 289 000a 04       		.byte	0x4
 290 000b 00       		.byte	0
 291 000c 0000     		.2byte	0
 292 000e 0000     		.2byte	0
 293 0010 00000000 		.4byte	0
 294 0014 00000000 		.4byte	0
 295              		.section	.debug_line,"",%progbits
 296              	.Ldebug_line0:
 297 0000 58000000 		.section	.debug_str,"MS",%progbits,1
 297      02005200 
 297      00000201 
 297      FB0E0D00 
 297      01010101 
 298              	.LASF1:
 299 0000 6C6F6E67 		.ascii	"long long int\000"
 299      206C6F6E 
 299      6720696E 
 299      7400
 300              	.LASF0:
 301 000e 756E7369 		.ascii	"unsigned int\000"
 301      676E6564 
 301      20696E74 
 301      00
 302              	.LASF16:
 303 001b 5C5C6164 		.ascii	"\\\\ad.monash.edu\\home\\User041\\sdsir3\\Documents"
 303      2E6D6F6E 
 303      6173682E 
 303      6564755C 
 303      686F6D65 
 304 0048 5C476974 		.ascii	"\\GitHub\\FYP_POSCCreator_Master\\FYP_PSOCCreator_M"
 304      4875625C 
 304      4659505F 
 304      504F5343 
 304      43726561 
 305 0078 61737465 		.ascii	"aster\\CORTEX_CY8C5588_PSoC_Creator_GCC\\FreeRTOS_D"
 305      725C434F 
 305      52544558 
 305      5F435938 
 305      43353538 
 306 00a9 656D6F2E 		.ascii	"emo.cydsn\000"
 306      63796473 
 306      6E00
 307              	.LASF17:
 308 00b3 75696E74 		.ascii	"uint8\000"
 308      3800
 309              	.LASF8:
 310 00b9 6C6F6E67 		.ascii	"long unsigned int\000"
 310      20756E73 
 310      69676E65 
 310      6420696E 
 310      7400
 311              	.LASF9:
 312 00cb 6C6F6E67 		.ascii	"long long unsigned int\000"
 312      206C6F6E 
ARM GAS  C:\Users\sdsir3\AppData\Local\Temp\ccIW5bXg.s 			page 7


 312      6720756E 
 312      7369676E 
 312      65642069 
 313              	.LASF15:
 314 00e2 47656E65 		.ascii	"Generated_Source\\PSoC5\\Filter_1_Coefficients.c\000"
 314      72617465 
 314      645F536F 
 314      75726365 
 314      5C50536F 
 315              	.LASF12:
 316 0111 666C6F61 		.ascii	"float\000"
 316      7400
 317              	.LASF14:
 318 0117 474E5520 		.ascii	"GNU C11 5.4.1 20160609 (release) [ARM/embedded-5-br"
 318      43313120 
 318      352E342E 
 318      31203230 
 318      31363036 
 319 014a 616E6368 		.ascii	"anch revision 237715] -mcpu=cortex-m3 -mthumb -g -O"
 319      20726576 
 319      6973696F 
 319      6E203233 
 319      37373135 
 320 017d 30202D66 		.ascii	"0 -ffunction-sections -ffat-lto-objects\000"
 320      66756E63 
 320      74696F6E 
 320      2D736563 
 320      74696F6E 
 321              	.LASF4:
 322 01a5 756E7369 		.ascii	"unsigned char\000"
 322      676E6564 
 322      20636861 
 322      7200
 323              	.LASF11:
 324 01b3 63686172 		.ascii	"char\000"
 324      00
 325              	.LASF7:
 326 01b8 6C6F6E67 		.ascii	"long int\000"
 326      20696E74 
 326      00
 327              	.LASF18:
 328 01c1 46696C74 		.ascii	"Filter_1_ChannelAFirCoefficients\000"
 328      65725F31 
 328      5F436861 
 328      6E6E656C 
 328      41466972 
 329              	.LASF13:
 330 01e2 646F7562 		.ascii	"double\000"
 330      6C6500
 331              	.LASF6:
 332 01e9 73686F72 		.ascii	"short unsigned int\000"
 332      7420756E 
 332      7369676E 
 332      65642069 
 332      6E7400
 333              	.LASF3:
 334 01fc 7369676E 		.ascii	"signed char\000"
ARM GAS  C:\Users\sdsir3\AppData\Local\Temp\ccIW5bXg.s 			page 8


 334      65642063 
 334      68617200 
 335              	.LASF2:
 336 0208 6C6F6E67 		.ascii	"long double\000"
 336      20646F75 
 336      626C6500 
 337              	.LASF5:
 338 0214 73686F72 		.ascii	"short int\000"
 338      7420696E 
 338      7400
 339              	.LASF10:
 340 021e 73697A65 		.ascii	"sizetype\000"
 340      74797065 
 340      00
 341              		.ident	"GCC: (GNU Tools for ARM Embedded Processors) 5.4.1 20160609 (release) [ARM/embedded-5-bran
