ARM GAS  C:\Users\shevi\AppData\Local\Temp\ccUHmlYf.s 			page 1


   1              		.syntax unified
   2              		.cpu cortex-m3
   3              		.fpu softvfp
   4              		.eabi_attribute 20, 1
   5              		.eabi_attribute 21, 1
   6              		.eabi_attribute 23, 3
   7              		.eabi_attribute 24, 1
   8              		.eabi_attribute 25, 1
   9              		.eabi_attribute 26, 1
  10              		.eabi_attribute 30, 6
  11              		.eabi_attribute 34, 1
  12              		.eabi_attribute 18, 4
  13              		.thumb
  14              		.syntax unified
  15              		.file	"IntQueueTimer.c"
  16              		.text
  17              	.Ltext0:
  18              		.cfi_sections	.debug_frame
  19              		.section	.text.vInitialiseTimerForIntQueueTest,"ax",%progbits
  20              		.align	2
  21              		.global	vInitialiseTimerForIntQueueTest
  22              		.thumb
  23              		.thumb_func
  24              		.type	vInitialiseTimerForIntQueueTest, %function
  25              	vInitialiseTimerForIntQueueTest:
  26              	.LFB68:
  27              		.file 1 "IntQueueTimer.c"
   1:IntQueueTimer.c **** /*
   2:IntQueueTimer.c ****  * FreeRTOS Kernel V10.0.1
   3:IntQueueTimer.c ****  * Copyright (C) 2017 Amazon.com, Inc. or its affiliates.  All Rights Reserved.
   4:IntQueueTimer.c ****  *
   5:IntQueueTimer.c ****  * Permission is hereby granted, free of charge, to any person obtaining a copy of
   6:IntQueueTimer.c ****  * this software and associated documentation files (the "Software"), to deal in
   7:IntQueueTimer.c ****  * the Software without restriction, including without limitation the rights to
   8:IntQueueTimer.c ****  * use, copy, modify, merge, publish, distribute, sublicense, and/or sell copies of
   9:IntQueueTimer.c ****  * the Software, and to permit persons to whom the Software is furnished to do so,
  10:IntQueueTimer.c ****  * subject to the following conditions:
  11:IntQueueTimer.c ****  *
  12:IntQueueTimer.c ****  * The above copyright notice and this permission notice shall be included in all
  13:IntQueueTimer.c ****  * copies or substantial portions of the Software.
  14:IntQueueTimer.c ****  *
  15:IntQueueTimer.c ****  * THE SOFTWARE IS PROVIDED "AS IS", WITHOUT WARRANTY OF ANY KIND, EXPRESS OR
  16:IntQueueTimer.c ****  * IMPLIED, INCLUDING BUT NOT LIMITED TO THE WARRANTIES OF MERCHANTABILITY, FITNESS
  17:IntQueueTimer.c ****  * FOR A PARTICULAR PURPOSE AND NONINFRINGEMENT. IN NO EVENT SHALL THE AUTHORS OR
  18:IntQueueTimer.c ****  * COPYRIGHT HOLDERS BE LIABLE FOR ANY CLAIM, DAMAGES OR OTHER LIABILITY, WHETHER
  19:IntQueueTimer.c ****  * IN AN ACTION OF CONTRACT, TORT OR OTHERWISE, ARISING FROM, OUT OF OR IN
  20:IntQueueTimer.c ****  * CONNECTION WITH THE SOFTWARE OR THE USE OR OTHER DEALINGS IN THE SOFTWARE.
  21:IntQueueTimer.c ****  *
  22:IntQueueTimer.c ****  * http://www.FreeRTOS.org
  23:IntQueueTimer.c ****  * http://aws.amazon.com/freertos
  24:IntQueueTimer.c ****  *
  25:IntQueueTimer.c ****  * 1 tab == 4 spaces!
  26:IntQueueTimer.c ****  */
  27:IntQueueTimer.c **** 
  28:IntQueueTimer.c **** #include <device.h>
  29:IntQueueTimer.c **** #include "FreeRTOS.h"
  30:IntQueueTimer.c **** #include "task.h"
ARM GAS  C:\Users\shevi\AppData\Local\Temp\ccUHmlYf.s 			page 2


  31:IntQueueTimer.c **** /*---------------------------------------------------------------------------*/
  32:IntQueueTimer.c **** 
  33:IntQueueTimer.c **** extern portBASE_TYPE xFirstTimerHandler( void );
  34:IntQueueTimer.c **** extern portBASE_TYPE xSecondTimerHandler( void );
  35:IntQueueTimer.c **** /*---------------------------------------------------------------------------*/
  36:IntQueueTimer.c **** 
  37:IntQueueTimer.c **** CY_ISR_PROTO( vHighFrequencyFirstISR );
  38:IntQueueTimer.c **** CY_ISR_PROTO( vHighFrequencySecondISR );
  39:IntQueueTimer.c **** /*---------------------------------------------------------------------------*/
  40:IntQueueTimer.c **** 
  41:IntQueueTimer.c **** /**
  42:IntQueueTimer.c ****  * Installs and starts the ISRs that drive the Interupt Queue Tests.
  43:IntQueueTimer.c ****  */
  44:IntQueueTimer.c **** void vInitialiseTimerForIntQueueTest( void )
  45:IntQueueTimer.c **** {
  28              		.loc 1 45 0
  29              		.cfi_startproc
  30              		@ args = 0, pretend = 0, frame = 0
  31              		@ frame_needed = 1, uses_anonymous_args = 0
  32 0000 80B5     		push	{r7, lr}
  33              		.cfi_def_cfa_offset 8
  34              		.cfi_offset 7, -8
  35              		.cfi_offset 14, -4
  36 0002 00AF     		add	r7, sp, #0
  37              		.cfi_def_cfa_register 7
  46:IntQueueTimer.c **** 	taskENTER_CRITICAL();
  38              		.loc 1 46 0
  39 0004 FFF7FEFF 		bl	vPortEnterCritical
  40              	.LBB2:
  47:IntQueueTimer.c **** 	{
  48:IntQueueTimer.c **** 		/* Initialise and start the First Timer ISR. */
  49:IntQueueTimer.c **** 		isr_High_Frequency_2000Hz_ClearPending();
  41              		.loc 1 49 0
  42 0008 FFF7FEFF 		bl	isr_High_Frequency_2000Hz_ClearPending
  50:IntQueueTimer.c **** 		isr_High_Frequency_2000Hz_StartEx( ( cyisraddress ) vHighFrequencyFirstISR );
  43              		.loc 1 50 0
  44 000c 0548     		ldr	r0, .L2
  45 000e FFF7FEFF 		bl	isr_High_Frequency_2000Hz_StartEx
  51:IntQueueTimer.c **** 
  52:IntQueueTimer.c **** 		/* Initialise and start the Second Timer ISR. */
  53:IntQueueTimer.c **** 		isr_High_Frequency_2001Hz_ClearPending();
  46              		.loc 1 53 0
  47 0012 FFF7FEFF 		bl	isr_High_Frequency_2001Hz_ClearPending
  54:IntQueueTimer.c **** 		isr_High_Frequency_2001Hz_StartEx( ( cyisraddress ) vHighFrequencySecondISR );
  48              		.loc 1 54 0
  49 0016 0448     		ldr	r0, .L2+4
  50 0018 FFF7FEFF 		bl	isr_High_Frequency_2001Hz_StartEx
  51              	.LBE2:
  55:IntQueueTimer.c **** 	}
  56:IntQueueTimer.c **** 	taskEXIT_CRITICAL();
  52              		.loc 1 56 0
  53 001c FFF7FEFF 		bl	vPortExitCritical
  57:IntQueueTimer.c **** }
  54              		.loc 1 57 0
  55 0020 00BF     		nop
  56 0022 80BD     		pop	{r7, pc}
  57              	.L3:
ARM GAS  C:\Users\shevi\AppData\Local\Temp\ccUHmlYf.s 			page 3


  58              		.align	2
  59              	.L2:
  60 0024 00000000 		.word	vHighFrequencyFirstISR
  61 0028 00000000 		.word	vHighFrequencySecondISR
  62              		.cfi_endproc
  63              	.LFE68:
  64              		.size	vInitialiseTimerForIntQueueTest, .-vInitialiseTimerForIntQueueTest
  65              		.section	.text.vHighFrequencyFirstISR,"ax",%progbits
  66              		.align	2
  67              		.global	vHighFrequencyFirstISR
  68              		.thumb
  69              		.thumb_func
  70              		.type	vHighFrequencyFirstISR, %function
  71              	vHighFrequencyFirstISR:
  72              	.LFB69:
  58:IntQueueTimer.c **** /*---------------------------------------------------------------------------*/
  59:IntQueueTimer.c **** 
  60:IntQueueTimer.c **** CY_ISR(vHighFrequencyFirstISR)
  61:IntQueueTimer.c **** {
  73              		.loc 1 61 0
  74              		.cfi_startproc
  75              		@ args = 0, pretend = 0, frame = 0
  76              		@ frame_needed = 1, uses_anonymous_args = 0
  77 0000 80B5     		push	{r7, lr}
  78              		.cfi_def_cfa_offset 8
  79              		.cfi_offset 7, -8
  80              		.cfi_offset 14, -4
  81 0002 00AF     		add	r7, sp, #0
  82              		.cfi_def_cfa_register 7
  62:IntQueueTimer.c **** 	/* Call back into the test code and context switch if necessary. */
  63:IntQueueTimer.c **** 	portEND_SWITCHING_ISR( xFirstTimerHandler() );
  83              		.loc 1 63 0
  84 0004 FFF7FEFF 		bl	xFirstTimerHandler
  85 0008 0346     		mov	r3, r0
  86 000a 002B     		cmp	r3, #0
  87 000c 07D0     		beq	.L6
  88              		.loc 1 63 0 is_stmt 0 discriminator 1
  89 000e 054B     		ldr	r3, .L7
  90 0010 4FF08052 		mov	r2, #268435456
  91 0014 1A60     		str	r2, [r3]
  92              		.syntax unified
  93              	@ 63 "IntQueueTimer.c" 1
  94 0016 BFF34F8F 		dsb
  95              	@ 0 "" 2
  96              	@ 63 "IntQueueTimer.c" 1
  97 001a BFF36F8F 		isb
  98              	@ 0 "" 2
  99              		.thumb
 100              		.syntax unified
 101              	.L6:
  64:IntQueueTimer.c **** }
 102              		.loc 1 64 0 is_stmt 1
 103 001e 00BF     		nop
 104 0020 80BD     		pop	{r7, pc}
 105              	.L8:
 106 0022 00BF     		.align	2
 107              	.L7:
ARM GAS  C:\Users\shevi\AppData\Local\Temp\ccUHmlYf.s 			page 4


 108 0024 04ED00E0 		.word	-536810236
 109              		.cfi_endproc
 110              	.LFE69:
 111              		.size	vHighFrequencyFirstISR, .-vHighFrequencyFirstISR
 112              		.section	.text.vHighFrequencySecondISR,"ax",%progbits
 113              		.align	2
 114              		.global	vHighFrequencySecondISR
 115              		.thumb
 116              		.thumb_func
 117              		.type	vHighFrequencySecondISR, %function
 118              	vHighFrequencySecondISR:
 119              	.LFB70:
  65:IntQueueTimer.c **** /*---------------------------------------------------------------------------*/
  66:IntQueueTimer.c **** 
  67:IntQueueTimer.c **** CY_ISR(vHighFrequencySecondISR)
  68:IntQueueTimer.c **** {
 120              		.loc 1 68 0
 121              		.cfi_startproc
 122              		@ args = 0, pretend = 0, frame = 0
 123              		@ frame_needed = 1, uses_anonymous_args = 0
 124 0000 80B5     		push	{r7, lr}
 125              		.cfi_def_cfa_offset 8
 126              		.cfi_offset 7, -8
 127              		.cfi_offset 14, -4
 128 0002 00AF     		add	r7, sp, #0
 129              		.cfi_def_cfa_register 7
  69:IntQueueTimer.c **** 	/* Call back into the test code and context switch if necessary. */
  70:IntQueueTimer.c **** 	portEND_SWITCHING_ISR( xSecondTimerHandler() );
 130              		.loc 1 70 0
 131 0004 FFF7FEFF 		bl	xSecondTimerHandler
 132 0008 0346     		mov	r3, r0
 133 000a 002B     		cmp	r3, #0
 134 000c 07D0     		beq	.L11
 135              		.loc 1 70 0 is_stmt 0 discriminator 1
 136 000e 054B     		ldr	r3, .L12
 137 0010 4FF08052 		mov	r2, #268435456
 138 0014 1A60     		str	r2, [r3]
 139              		.syntax unified
 140              	@ 70 "IntQueueTimer.c" 1
 141 0016 BFF34F8F 		dsb
 142              	@ 0 "" 2
 143              	@ 70 "IntQueueTimer.c" 1
 144 001a BFF36F8F 		isb
 145              	@ 0 "" 2
 146              		.thumb
 147              		.syntax unified
 148              	.L11:
  71:IntQueueTimer.c **** }
 149              		.loc 1 71 0 is_stmt 1
 150 001e 00BF     		nop
 151 0020 80BD     		pop	{r7, pc}
 152              	.L13:
 153 0022 00BF     		.align	2
 154              	.L12:
 155 0024 04ED00E0 		.word	-536810236
 156              		.cfi_endproc
 157              	.LFE70:
ARM GAS  C:\Users\shevi\AppData\Local\Temp\ccUHmlYf.s 			page 5


 158              		.size	vHighFrequencySecondISR, .-vHighFrequencySecondISR
 159              		.text
 160              	.Letext0:
 161              		.file 2 "c:\\program files (x86)\\cypress\\psoc creator\\4.1\\psoc creator\\import\\gnu\\arm\\5.4.
 162              		.file 3 "c:\\program files (x86)\\cypress\\psoc creator\\4.1\\psoc creator\\import\\gnu\\arm\\5.4.
 163              		.file 4 "Generated_Source\\PSoC5/cytypes.h"
 164              		.file 5 "..\\..\\FreeRTOS_Source\\portable\\GCC\\ARM_CM3/portmacro.h"
 165              		.file 6 "Generated_Source\\PSoC5/core_cm3.h"
 166              		.section	.debug_info,"",%progbits
 167              	.Ldebug_info0:
 168 0000 68010000 		.4byte	0x168
 169 0004 0400     		.2byte	0x4
 170 0006 00000000 		.4byte	.Ldebug_abbrev0
 171 000a 04       		.byte	0x4
 172 000b 01       		.uleb128 0x1
 173 000c 00000000 		.4byte	.LASF25
 174 0010 0C       		.byte	0xc
 175 0011 B1010000 		.4byte	.LASF26
 176 0015 F7010000 		.4byte	.LASF27
 177 0019 00000000 		.4byte	.Ldebug_ranges0+0
 178 001d 00000000 		.4byte	0
 179 0021 00000000 		.4byte	.Ldebug_line0
 180 0025 02       		.uleb128 0x2
 181 0026 01       		.byte	0x1
 182 0027 06       		.byte	0x6
 183 0028 C1020000 		.4byte	.LASF0
 184 002c 02       		.uleb128 0x2
 185 002d 01       		.byte	0x1
 186 002e 08       		.byte	0x8
 187 002f B6000000 		.4byte	.LASF1
 188 0033 02       		.uleb128 0x2
 189 0034 02       		.byte	0x2
 190 0035 05       		.byte	0x5
 191 0036 ED010000 		.4byte	.LASF2
 192 003a 02       		.uleb128 0x2
 193 003b 02       		.byte	0x2
 194 003c 07       		.byte	0x7
 195 003d F8000000 		.4byte	.LASF3
 196 0041 03       		.uleb128 0x3
 197 0042 8E000000 		.4byte	.LASF5
 198 0046 02       		.byte	0x2
 199 0047 3F       		.byte	0x3f
 200 0048 4C000000 		.4byte	0x4c
 201 004c 02       		.uleb128 0x2
 202 004d 04       		.byte	0x4
 203 004e 05       		.byte	0x5
 204 004f A1020000 		.4byte	.LASF4
 205 0053 03       		.uleb128 0x3
 206 0054 56010000 		.4byte	.LASF6
 207 0058 02       		.byte	0x2
 208 0059 41       		.byte	0x41
 209 005a 5E000000 		.4byte	0x5e
 210 005e 02       		.uleb128 0x2
 211 005f 04       		.byte	0x4
 212 0060 07       		.byte	0x7
 213 0061 C4000000 		.4byte	.LASF7
 214 0065 02       		.uleb128 0x2
ARM GAS  C:\Users\shevi\AppData\Local\Temp\ccUHmlYf.s 			page 6


 215 0066 08       		.byte	0x8
 216 0067 05       		.byte	0x5
 217 0068 A3010000 		.4byte	.LASF8
 218 006c 02       		.uleb128 0x2
 219 006d 08       		.byte	0x8
 220 006e 07       		.byte	0x7
 221 006f 6E010000 		.4byte	.LASF9
 222 0073 04       		.uleb128 0x4
 223 0074 04       		.byte	0x4
 224 0075 05       		.byte	0x5
 225 0076 696E7400 		.ascii	"int\000"
 226 007a 02       		.uleb128 0x2
 227 007b 04       		.byte	0x4
 228 007c 07       		.byte	0x7
 229 007d 61010000 		.4byte	.LASF10
 230 0081 03       		.uleb128 0x3
 231 0082 92010000 		.4byte	.LASF11
 232 0086 03       		.byte	0x3
 233 0087 2C       		.byte	0x2c
 234 0088 41000000 		.4byte	0x41
 235 008c 03       		.uleb128 0x3
 236 008d 98020000 		.4byte	.LASF12
 237 0091 03       		.byte	0x3
 238 0092 30       		.byte	0x30
 239 0093 53000000 		.4byte	0x53
 240 0097 02       		.uleb128 0x2
 241 0098 04       		.byte	0x4
 242 0099 04       		.byte	0x4
 243 009a B0000000 		.4byte	.LASF13
 244 009e 02       		.uleb128 0x2
 245 009f 08       		.byte	0x8
 246 00a0 04       		.byte	0x4
 247 00a1 4F010000 		.4byte	.LASF14
 248 00a5 02       		.uleb128 0x2
 249 00a6 01       		.byte	0x1
 250 00a7 08       		.byte	0x8
 251 00a8 C1010000 		.4byte	.LASF15
 252 00ac 05       		.uleb128 0x5
 253 00ad 85010000 		.4byte	.LASF16
 254 00b1 04       		.byte	0x4
 255 00b2 4E02     		.2byte	0x24e
 256 00b4 B8000000 		.4byte	0xb8
 257 00b8 06       		.uleb128 0x6
 258 00b9 04       		.byte	0x4
 259 00ba BE000000 		.4byte	0xbe
 260 00be 07       		.uleb128 0x7
 261 00bf 02       		.uleb128 0x2
 262 00c0 08       		.byte	0x8
 263 00c1 04       		.byte	0x4
 264 00c2 B5020000 		.4byte	.LASF17
 265 00c6 02       		.uleb128 0x2
 266 00c7 04       		.byte	0x4
 267 00c8 07       		.byte	0x7
 268 00c9 9A010000 		.4byte	.LASF18
 269 00cd 03       		.uleb128 0x3
 270 00ce AA020000 		.4byte	.LASF19
 271 00d2 05       		.byte	0x5
ARM GAS  C:\Users\shevi\AppData\Local\Temp\ccUHmlYf.s 			page 7


 272 00d3 38       		.byte	0x38
 273 00d4 4C000000 		.4byte	0x4c
 274 00d8 08       		.uleb128 0x8
 275 00d9 2F010000 		.4byte	.LASF28
 276 00dd 01       		.byte	0x1
 277 00de 2C       		.byte	0x2c
 278 00df 00000000 		.4byte	.LFB68
 279 00e3 2C000000 		.4byte	.LFE68-.LFB68
 280 00e7 01       		.uleb128 0x1
 281 00e8 9C       		.byte	0x9c
 282 00e9 38010000 		.4byte	0x138
 283 00ed 09       		.uleb128 0x9
 284 00ee 08000000 		.4byte	.LBB2
 285 00f2 14000000 		.4byte	.LBE2-.LBB2
 286 00f6 0A       		.uleb128 0xa
 287 00f7 C6010000 		.4byte	.LASF20
 288 00fb 01       		.byte	0x1
 289 00fc 31       		.byte	0x31
 290 00fd 73000000 		.4byte	0x73
 291 0101 07010000 		.4byte	0x107
 292 0105 0B       		.uleb128 0xb
 293 0106 00       		.byte	0
 294 0107 0A       		.uleb128 0xa
 295 0108 D6000000 		.4byte	.LASF21
 296 010c 01       		.byte	0x1
 297 010d 32       		.byte	0x32
 298 010e 73000000 		.4byte	0x73
 299 0112 18010000 		.4byte	0x118
 300 0116 0B       		.uleb128 0xb
 301 0117 00       		.byte	0
 302 0118 0A       		.uleb128 0xa
 303 0119 CD020000 		.4byte	.LASF22
 304 011d 01       		.byte	0x1
 305 011e 35       		.byte	0x35
 306 011f 73000000 		.4byte	0x73
 307 0123 29010000 		.4byte	0x129
 308 0127 0B       		.uleb128 0xb
 309 0128 00       		.byte	0
 310 0129 0C       		.uleb128 0xc
 311 012a F4020000 		.4byte	.LASF29
 312 012e 01       		.byte	0x1
 313 012f 36       		.byte	0x36
 314 0130 73000000 		.4byte	0x73
 315 0134 0B       		.uleb128 0xb
 316 0135 00       		.byte	0
 317 0136 00       		.byte	0
 318 0137 00       		.byte	0
 319 0138 0D       		.uleb128 0xd
 320 0139 18010000 		.4byte	.LASF23
 321 013d 01       		.byte	0x1
 322 013e 3C       		.byte	0x3c
 323 013f 00000000 		.4byte	.LFB69
 324 0143 28000000 		.4byte	.LFE69-.LFB69
 325 0147 01       		.uleb128 0x1
 326 0148 9C       		.byte	0x9c
 327 0149 0D       		.uleb128 0xd
 328 014a 98000000 		.4byte	.LASF24
ARM GAS  C:\Users\shevi\AppData\Local\Temp\ccUHmlYf.s 			page 8


 329 014e 01       		.byte	0x1
 330 014f 43       		.byte	0x43
 331 0150 00000000 		.4byte	.LFB70
 332 0154 28000000 		.4byte	.LFE70-.LFB70
 333 0158 01       		.uleb128 0x1
 334 0159 9C       		.byte	0x9c
 335 015a 0E       		.uleb128 0xe
 336 015b 0B010000 		.4byte	.LASF30
 337 015f 06       		.byte	0x6
 338 0160 9606     		.2byte	0x696
 339 0162 66010000 		.4byte	0x166
 340 0166 0F       		.uleb128 0xf
 341 0167 81000000 		.4byte	0x81
 342 016b 00       		.byte	0
 343              		.section	.debug_abbrev,"",%progbits
 344              	.Ldebug_abbrev0:
 345 0000 01       		.uleb128 0x1
 346 0001 11       		.uleb128 0x11
 347 0002 01       		.byte	0x1
 348 0003 25       		.uleb128 0x25
 349 0004 0E       		.uleb128 0xe
 350 0005 13       		.uleb128 0x13
 351 0006 0B       		.uleb128 0xb
 352 0007 03       		.uleb128 0x3
 353 0008 0E       		.uleb128 0xe
 354 0009 1B       		.uleb128 0x1b
 355 000a 0E       		.uleb128 0xe
 356 000b 55       		.uleb128 0x55
 357 000c 17       		.uleb128 0x17
 358 000d 11       		.uleb128 0x11
 359 000e 01       		.uleb128 0x1
 360 000f 10       		.uleb128 0x10
 361 0010 17       		.uleb128 0x17
 362 0011 00       		.byte	0
 363 0012 00       		.byte	0
 364 0013 02       		.uleb128 0x2
 365 0014 24       		.uleb128 0x24
 366 0015 00       		.byte	0
 367 0016 0B       		.uleb128 0xb
 368 0017 0B       		.uleb128 0xb
 369 0018 3E       		.uleb128 0x3e
 370 0019 0B       		.uleb128 0xb
 371 001a 03       		.uleb128 0x3
 372 001b 0E       		.uleb128 0xe
 373 001c 00       		.byte	0
 374 001d 00       		.byte	0
 375 001e 03       		.uleb128 0x3
 376 001f 16       		.uleb128 0x16
 377 0020 00       		.byte	0
 378 0021 03       		.uleb128 0x3
 379 0022 0E       		.uleb128 0xe
 380 0023 3A       		.uleb128 0x3a
 381 0024 0B       		.uleb128 0xb
 382 0025 3B       		.uleb128 0x3b
 383 0026 0B       		.uleb128 0xb
 384 0027 49       		.uleb128 0x49
 385 0028 13       		.uleb128 0x13
ARM GAS  C:\Users\shevi\AppData\Local\Temp\ccUHmlYf.s 			page 9


 386 0029 00       		.byte	0
 387 002a 00       		.byte	0
 388 002b 04       		.uleb128 0x4
 389 002c 24       		.uleb128 0x24
 390 002d 00       		.byte	0
 391 002e 0B       		.uleb128 0xb
 392 002f 0B       		.uleb128 0xb
 393 0030 3E       		.uleb128 0x3e
 394 0031 0B       		.uleb128 0xb
 395 0032 03       		.uleb128 0x3
 396 0033 08       		.uleb128 0x8
 397 0034 00       		.byte	0
 398 0035 00       		.byte	0
 399 0036 05       		.uleb128 0x5
 400 0037 16       		.uleb128 0x16
 401 0038 00       		.byte	0
 402 0039 03       		.uleb128 0x3
 403 003a 0E       		.uleb128 0xe
 404 003b 3A       		.uleb128 0x3a
 405 003c 0B       		.uleb128 0xb
 406 003d 3B       		.uleb128 0x3b
 407 003e 05       		.uleb128 0x5
 408 003f 49       		.uleb128 0x49
 409 0040 13       		.uleb128 0x13
 410 0041 00       		.byte	0
 411 0042 00       		.byte	0
 412 0043 06       		.uleb128 0x6
 413 0044 0F       		.uleb128 0xf
 414 0045 00       		.byte	0
 415 0046 0B       		.uleb128 0xb
 416 0047 0B       		.uleb128 0xb
 417 0048 49       		.uleb128 0x49
 418 0049 13       		.uleb128 0x13
 419 004a 00       		.byte	0
 420 004b 00       		.byte	0
 421 004c 07       		.uleb128 0x7
 422 004d 15       		.uleb128 0x15
 423 004e 00       		.byte	0
 424 004f 27       		.uleb128 0x27
 425 0050 19       		.uleb128 0x19
 426 0051 00       		.byte	0
 427 0052 00       		.byte	0
 428 0053 08       		.uleb128 0x8
 429 0054 2E       		.uleb128 0x2e
 430 0055 01       		.byte	0x1
 431 0056 3F       		.uleb128 0x3f
 432 0057 19       		.uleb128 0x19
 433 0058 03       		.uleb128 0x3
 434 0059 0E       		.uleb128 0xe
 435 005a 3A       		.uleb128 0x3a
 436 005b 0B       		.uleb128 0xb
 437 005c 3B       		.uleb128 0x3b
 438 005d 0B       		.uleb128 0xb
 439 005e 27       		.uleb128 0x27
 440 005f 19       		.uleb128 0x19
 441 0060 11       		.uleb128 0x11
 442 0061 01       		.uleb128 0x1
ARM GAS  C:\Users\shevi\AppData\Local\Temp\ccUHmlYf.s 			page 10


 443 0062 12       		.uleb128 0x12
 444 0063 06       		.uleb128 0x6
 445 0064 40       		.uleb128 0x40
 446 0065 18       		.uleb128 0x18
 447 0066 9642     		.uleb128 0x2116
 448 0068 19       		.uleb128 0x19
 449 0069 01       		.uleb128 0x1
 450 006a 13       		.uleb128 0x13
 451 006b 00       		.byte	0
 452 006c 00       		.byte	0
 453 006d 09       		.uleb128 0x9
 454 006e 0B       		.uleb128 0xb
 455 006f 01       		.byte	0x1
 456 0070 11       		.uleb128 0x11
 457 0071 01       		.uleb128 0x1
 458 0072 12       		.uleb128 0x12
 459 0073 06       		.uleb128 0x6
 460 0074 00       		.byte	0
 461 0075 00       		.byte	0
 462 0076 0A       		.uleb128 0xa
 463 0077 2E       		.uleb128 0x2e
 464 0078 01       		.byte	0x1
 465 0079 3F       		.uleb128 0x3f
 466 007a 19       		.uleb128 0x19
 467 007b 03       		.uleb128 0x3
 468 007c 0E       		.uleb128 0xe
 469 007d 3A       		.uleb128 0x3a
 470 007e 0B       		.uleb128 0xb
 471 007f 3B       		.uleb128 0x3b
 472 0080 0B       		.uleb128 0xb
 473 0081 49       		.uleb128 0x49
 474 0082 13       		.uleb128 0x13
 475 0083 3C       		.uleb128 0x3c
 476 0084 19       		.uleb128 0x19
 477 0085 01       		.uleb128 0x1
 478 0086 13       		.uleb128 0x13
 479 0087 00       		.byte	0
 480 0088 00       		.byte	0
 481 0089 0B       		.uleb128 0xb
 482 008a 18       		.uleb128 0x18
 483 008b 00       		.byte	0
 484 008c 00       		.byte	0
 485 008d 00       		.byte	0
 486 008e 0C       		.uleb128 0xc
 487 008f 2E       		.uleb128 0x2e
 488 0090 01       		.byte	0x1
 489 0091 3F       		.uleb128 0x3f
 490 0092 19       		.uleb128 0x19
 491 0093 03       		.uleb128 0x3
 492 0094 0E       		.uleb128 0xe
 493 0095 3A       		.uleb128 0x3a
 494 0096 0B       		.uleb128 0xb
 495 0097 3B       		.uleb128 0x3b
 496 0098 0B       		.uleb128 0xb
 497 0099 49       		.uleb128 0x49
 498 009a 13       		.uleb128 0x13
 499 009b 3C       		.uleb128 0x3c
ARM GAS  C:\Users\shevi\AppData\Local\Temp\ccUHmlYf.s 			page 11


 500 009c 19       		.uleb128 0x19
 501 009d 00       		.byte	0
 502 009e 00       		.byte	0
 503 009f 0D       		.uleb128 0xd
 504 00a0 2E       		.uleb128 0x2e
 505 00a1 00       		.byte	0
 506 00a2 3F       		.uleb128 0x3f
 507 00a3 19       		.uleb128 0x19
 508 00a4 03       		.uleb128 0x3
 509 00a5 0E       		.uleb128 0xe
 510 00a6 3A       		.uleb128 0x3a
 511 00a7 0B       		.uleb128 0xb
 512 00a8 3B       		.uleb128 0x3b
 513 00a9 0B       		.uleb128 0xb
 514 00aa 27       		.uleb128 0x27
 515 00ab 19       		.uleb128 0x19
 516 00ac 11       		.uleb128 0x11
 517 00ad 01       		.uleb128 0x1
 518 00ae 12       		.uleb128 0x12
 519 00af 06       		.uleb128 0x6
 520 00b0 40       		.uleb128 0x40
 521 00b1 18       		.uleb128 0x18
 522 00b2 9642     		.uleb128 0x2116
 523 00b4 19       		.uleb128 0x19
 524 00b5 00       		.byte	0
 525 00b6 00       		.byte	0
 526 00b7 0E       		.uleb128 0xe
 527 00b8 34       		.uleb128 0x34
 528 00b9 00       		.byte	0
 529 00ba 03       		.uleb128 0x3
 530 00bb 0E       		.uleb128 0xe
 531 00bc 3A       		.uleb128 0x3a
 532 00bd 0B       		.uleb128 0xb
 533 00be 3B       		.uleb128 0x3b
 534 00bf 05       		.uleb128 0x5
 535 00c0 49       		.uleb128 0x49
 536 00c1 13       		.uleb128 0x13
 537 00c2 3F       		.uleb128 0x3f
 538 00c3 19       		.uleb128 0x19
 539 00c4 3C       		.uleb128 0x3c
 540 00c5 19       		.uleb128 0x19
 541 00c6 00       		.byte	0
 542 00c7 00       		.byte	0
 543 00c8 0F       		.uleb128 0xf
 544 00c9 35       		.uleb128 0x35
 545 00ca 00       		.byte	0
 546 00cb 49       		.uleb128 0x49
 547 00cc 13       		.uleb128 0x13
 548 00cd 00       		.byte	0
 549 00ce 00       		.byte	0
 550 00cf 00       		.byte	0
 551              		.section	.debug_aranges,"",%progbits
 552 0000 2C000000 		.4byte	0x2c
 553 0004 0200     		.2byte	0x2
 554 0006 00000000 		.4byte	.Ldebug_info0
 555 000a 04       		.byte	0x4
 556 000b 00       		.byte	0
ARM GAS  C:\Users\shevi\AppData\Local\Temp\ccUHmlYf.s 			page 12


 557 000c 0000     		.2byte	0
 558 000e 0000     		.2byte	0
 559 0010 00000000 		.4byte	.LFB68
 560 0014 2C000000 		.4byte	.LFE68-.LFB68
 561 0018 00000000 		.4byte	.LFB69
 562 001c 28000000 		.4byte	.LFE69-.LFB69
 563 0020 00000000 		.4byte	.LFB70
 564 0024 28000000 		.4byte	.LFE70-.LFB70
 565 0028 00000000 		.4byte	0
 566 002c 00000000 		.4byte	0
 567              		.section	.debug_ranges,"",%progbits
 568              	.Ldebug_ranges0:
 569 0000 00000000 		.4byte	.LFB68
 570 0004 2C000000 		.4byte	.LFE68
 571 0008 00000000 		.4byte	.LFB69
 572 000c 28000000 		.4byte	.LFE69
 573 0010 00000000 		.4byte	.LFB70
 574 0014 28000000 		.4byte	.LFE70
 575 0018 00000000 		.4byte	0
 576 001c 00000000 		.4byte	0
 577              		.section	.debug_line,"",%progbits
 578              	.Ldebug_line0:
 579 0000 DC010000 		.section	.debug_str,"MS",%progbits,1
 579      02008F01 
 579      00000201 
 579      FB0E0D00 
 579      01010101 
 580              	.LASF25:
 581 0000 474E5520 		.ascii	"GNU C11 5.4.1 20160609 (release) [ARM/embedded-5-br"
 581      43313120 
 581      352E342E 
 581      31203230 
 581      31363036 
 582 0033 616E6368 		.ascii	"anch revision 237715] -mcpu=cortex-m3 -mthumb -g -O"
 582      20726576 
 582      6973696F 
 582      6E203233 
 582      37373135 
 583 0066 30202D66 		.ascii	"0 -ffunction-sections -ffat-lto-objects\000"
 583      66756E63 
 583      74696F6E 
 583      2D736563 
 583      74696F6E 
 584              	.LASF5:
 585 008e 5F5F696E 		.ascii	"__int32_t\000"
 585      7433325F 
 585      7400
 586              	.LASF24:
 587 0098 76486967 		.ascii	"vHighFrequencySecondISR\000"
 587      68467265 
 587      7175656E 
 587      63795365 
 587      636F6E64 
 588              	.LASF13:
 589 00b0 666C6F61 		.ascii	"float\000"
 589      7400
 590              	.LASF1:
ARM GAS  C:\Users\shevi\AppData\Local\Temp\ccUHmlYf.s 			page 13


 591 00b6 756E7369 		.ascii	"unsigned char\000"
 591      676E6564 
 591      20636861 
 591      7200
 592              	.LASF7:
 593 00c4 6C6F6E67 		.ascii	"long unsigned int\000"
 593      20756E73 
 593      69676E65 
 593      6420696E 
 593      7400
 594              	.LASF21:
 595 00d6 6973725F 		.ascii	"isr_High_Frequency_2000Hz_StartEx\000"
 595      48696768 
 595      5F467265 
 595      7175656E 
 595      63795F32 
 596              	.LASF3:
 597 00f8 73686F72 		.ascii	"short unsigned int\000"
 597      7420756E 
 597      7369676E 
 597      65642069 
 597      6E7400
 598              	.LASF30:
 599 010b 49544D5F 		.ascii	"ITM_RxBuffer\000"
 599      52784275 
 599      66666572 
 599      00
 600              	.LASF23:
 601 0118 76486967 		.ascii	"vHighFrequencyFirstISR\000"
 601      68467265 
 601      7175656E 
 601      63794669 
 601      72737449 
 602              	.LASF28:
 603 012f 76496E69 		.ascii	"vInitialiseTimerForIntQueueTest\000"
 603      7469616C 
 603      69736554 
 603      696D6572 
 603      466F7249 
 604              	.LASF14:
 605 014f 646F7562 		.ascii	"double\000"
 605      6C6500
 606              	.LASF6:
 607 0156 5F5F7569 		.ascii	"__uint32_t\000"
 607      6E743332 
 607      5F7400
 608              	.LASF10:
 609 0161 756E7369 		.ascii	"unsigned int\000"
 609      676E6564 
 609      20696E74 
 609      00
 610              	.LASF9:
 611 016e 6C6F6E67 		.ascii	"long long unsigned int\000"
 611      206C6F6E 
 611      6720756E 
 611      7369676E 
 611      65642069 
ARM GAS  C:\Users\shevi\AppData\Local\Temp\ccUHmlYf.s 			page 14


 612              	.LASF16:
 613 0185 63796973 		.ascii	"cyisraddress\000"
 613      72616464 
 613      72657373 
 613      00
 614              	.LASF11:
 615 0192 696E7433 		.ascii	"int32_t\000"
 615      325F7400 
 616              	.LASF18:
 617 019a 73697A65 		.ascii	"sizetype\000"
 617      74797065 
 617      00
 618              	.LASF8:
 619 01a3 6C6F6E67 		.ascii	"long long int\000"
 619      206C6F6E 
 619      6720696E 
 619      7400
 620              	.LASF26:
 621 01b1 496E7451 		.ascii	"IntQueueTimer.c\000"
 621      75657565 
 621      54696D65 
 621      722E6300 
 622              	.LASF15:
 623 01c1 63686172 		.ascii	"char\000"
 623      00
 624              	.LASF20:
 625 01c6 6973725F 		.ascii	"isr_High_Frequency_2000Hz_ClearPending\000"
 625      48696768 
 625      5F467265 
 625      7175656E 
 625      63795F32 
 626              	.LASF2:
 627 01ed 73686F72 		.ascii	"short int\000"
 627      7420696E 
 627      7400
 628              	.LASF27:
 629 01f7 433A5C55 		.ascii	"C:\\Users\\shevi\\Downloads\\FYP_POSCCreator_Master"
 629      73657273 
 629      5C736865 
 629      76695C44 
 629      6F776E6C 
 630 0226 2D6D6173 		.ascii	"-master\\FYP_POSCCreator_Master-master\\FYP_PSOCCre"
 630      7465725C 
 630      4659505F 
 630      504F5343 
 630      43726561 
 631 0257 61746F72 		.ascii	"ator_Master\\CORTEX_CY8C5588_PSoC_Creator_GCC\\Free"
 631      5F4D6173 
 631      7465725C 
 631      434F5254 
 631      45585F43 
 632 0288 52544F53 		.ascii	"RTOS_Demo.cydsn\000"
 632      5F44656D 
 632      6F2E6379 
 632      64736E00 
 633              	.LASF12:
 634 0298 75696E74 		.ascii	"uint32_t\000"
ARM GAS  C:\Users\shevi\AppData\Local\Temp\ccUHmlYf.s 			page 15


 634      33325F74 
 634      00
 635              	.LASF4:
 636 02a1 6C6F6E67 		.ascii	"long int\000"
 636      20696E74 
 636      00
 637              	.LASF19:
 638 02aa 42617365 		.ascii	"BaseType_t\000"
 638      54797065 
 638      5F7400
 639              	.LASF17:
 640 02b5 6C6F6E67 		.ascii	"long double\000"
 640      20646F75 
 640      626C6500 
 641              	.LASF0:
 642 02c1 7369676E 		.ascii	"signed char\000"
 642      65642063 
 642      68617200 
 643              	.LASF22:
 644 02cd 6973725F 		.ascii	"isr_High_Frequency_2001Hz_ClearPending\000"
 644      48696768 
 644      5F467265 
 644      7175656E 
 644      63795F32 
 645              	.LASF29:
 646 02f4 6973725F 		.ascii	"isr_High_Frequency_2001Hz_StartEx\000"
 646      48696768 
 646      5F467265 
 646      7175656E 
 646      63795F32 
 647              		.ident	"GCC: (GNU Tools for ARM Embedded Processors) 5.4.1 20160609 (release) [ARM/embedded-5-bran
