ARM GAS  C:\Users\shevi\AppData\Local\Temp\ccUOQTIk.s 			page 1


   1              		.syntax unified
   2              		.cpu cortex-m3
   3              		.fpu softvfp
   4              		.eabi_attribute 20, 1
   5              		.eabi_attribute 21, 1
   6              		.eabi_attribute 23, 3
   7              		.eabi_attribute 24, 1
   8              		.eabi_attribute 25, 1
   9              		.eabi_attribute 26, 1
  10              		.eabi_attribute 30, 6
  11              		.eabi_attribute 34, 1
  12              		.eabi_attribute 18, 4
  13              		.thumb
  14              		.syntax unified
  15              		.file	"movement.c"
  16              		.text
  17              	.Ltext0:
  18              		.cfi_sections	.debug_frame
  19              		.bss
  20              		.align	2
  21              	pxPort:
  22 0000 00000000 		.space	4
  23              		.section	.text.turn_wheel,"ax",%progbits
  24              		.align	2
  25              		.global	turn_wheel
  26              		.thumb
  27              		.thumb_func
  28              		.type	turn_wheel, %function
  29              	turn_wheel:
  30              	.LFB69:
  31              		.file 1 "movement.c"
   1:movement.c    **** /* Standard includes */
   2:movement.c    **** #include "project.h"
   3:movement.c    **** #include <math.h>
   4:movement.c    **** #include <stdio.h>
   5:movement.c    **** #include <stdint.h>
   6:movement.c    **** #include <stdlib.h>
   7:movement.c    **** #include <time.h>
   8:movement.c    **** 
   9:movement.c    **** /* FreeRTOS includes */
  10:movement.c    **** #include "FreeRTOS.h"
  11:movement.c    **** #include "task.h"
  12:movement.c    **** #include "semphr.h"
  13:movement.c    **** #include "serial.h"
  14:movement.c    **** #include "movement.h"
  15:movement.c    **** 
  16:movement.c    **** #define comRX_BLOCK_TIME			( ( TickType_t ) 0xffff )
  17:movement.c    **** 
  18:movement.c    **** static xComPortHandle pxPort = NULL;
  19:movement.c    **** 
  20:movement.c    **** 
  21:movement.c    **** 
  22:movement.c    **** 
  23:movement.c    **** void turn_wheel(char side, int volt) {
  32              		.loc 1 23 0
  33              		.cfi_startproc
  34              		@ args = 0, pretend = 0, frame = 8
ARM GAS  C:\Users\shevi\AppData\Local\Temp\ccUOQTIk.s 			page 2


  35              		@ frame_needed = 1, uses_anonymous_args = 0
  36 0000 80B5     		push	{r7, lr}
  37              		.cfi_def_cfa_offset 8
  38              		.cfi_offset 7, -8
  39              		.cfi_offset 14, -4
  40 0002 82B0     		sub	sp, sp, #8
  41              		.cfi_def_cfa_offset 16
  42 0004 00AF     		add	r7, sp, #0
  43              		.cfi_def_cfa_register 7
  44 0006 0346     		mov	r3, r0
  45 0008 3960     		str	r1, [r7]
  46 000a FB71     		strb	r3, [r7, #7]
  24:movement.c    ****     // turning right wheel
  25:movement.c    ****     if (side == 'r'){
  47              		.loc 1 25 0
  48 000c FB79     		ldrb	r3, [r7, #7]	@ zero_extendqisi2
  49 000e 722B     		cmp	r3, #114
  50 0010 24D1     		bne	.L2
  26:movement.c    ****         Standby_Write(1);
  51              		.loc 1 26 0
  52 0012 0120     		movs	r0, #1
  53 0014 FFF7FEFF 		bl	Standby_Write
  27:movement.c    ****         PWM_M2_WriteCompare(abs(volt));
  54              		.loc 1 27 0
  55 0018 3B68     		ldr	r3, [r7]
  56 001a 002B     		cmp	r3, #0
  57 001c B8BF     		it	lt
  58 001e 5B42     		rsblt	r3, r3, #0
  59 0020 9BB2     		uxth	r3, r3
  60 0022 1846     		mov	r0, r3
  61 0024 FFF7FEFF 		bl	PWM_M2_WriteCompare
  28:movement.c    ****         
  29:movement.c    ****         if (volt > 0)
  62              		.loc 1 29 0
  63 0028 3B68     		ldr	r3, [r7]
  64 002a 002B     		cmp	r3, #0
  65 002c 06DD     		ble	.L3
  30:movement.c    ****         {
  31:movement.c    ****             M2_FWD_Write(0);
  66              		.loc 1 31 0
  67 002e 0020     		movs	r0, #0
  68 0030 FFF7FEFF 		bl	M2_FWD_Write
  32:movement.c    ****             M2_BWD_Write(1);
  69              		.loc 1 32 0
  70 0034 0120     		movs	r0, #1
  71 0036 FFF7FEFF 		bl	M2_BWD_Write
  72 003a 0FE0     		b	.L2
  73              	.L3:
  33:movement.c    ****         }
  34:movement.c    ****         else if (volt < 0)
  74              		.loc 1 34 0
  75 003c 3B68     		ldr	r3, [r7]
  76 003e 002B     		cmp	r3, #0
  77 0040 06DA     		bge	.L4
  35:movement.c    ****         {
  36:movement.c    ****             M2_FWD_Write(1);
  78              		.loc 1 36 0
ARM GAS  C:\Users\shevi\AppData\Local\Temp\ccUOQTIk.s 			page 3


  79 0042 0120     		movs	r0, #1
  80 0044 FFF7FEFF 		bl	M2_FWD_Write
  37:movement.c    ****             M2_BWD_Write(0);
  81              		.loc 1 37 0
  82 0048 0020     		movs	r0, #0
  83 004a FFF7FEFF 		bl	M2_BWD_Write
  84 004e 05E0     		b	.L2
  85              	.L4:
  38:movement.c    ****         }
  39:movement.c    ****         else
  40:movement.c    ****         {
  41:movement.c    ****             M2_FWD_Write(0);
  86              		.loc 1 41 0
  87 0050 0020     		movs	r0, #0
  88 0052 FFF7FEFF 		bl	M2_FWD_Write
  42:movement.c    ****             M2_BWD_Write(0);
  89              		.loc 1 42 0
  90 0056 0020     		movs	r0, #0
  91 0058 FFF7FEFF 		bl	M2_BWD_Write
  92              	.L2:
  43:movement.c    ****         }
  44:movement.c    ****     }
  45:movement.c    ****     
  46:movement.c    ****     //turning left wheel
  47:movement.c    ****     if (side == 'l'){
  93              		.loc 1 47 0
  94 005c FB79     		ldrb	r3, [r7, #7]	@ zero_extendqisi2
  95 005e 6C2B     		cmp	r3, #108
  96 0060 24D1     		bne	.L8
  48:movement.c    ****         Standby_Write(1);
  97              		.loc 1 48 0
  98 0062 0120     		movs	r0, #1
  99 0064 FFF7FEFF 		bl	Standby_Write
  49:movement.c    ****         PWM_M1_WriteCompare(abs(volt));
 100              		.loc 1 49 0
 101 0068 3B68     		ldr	r3, [r7]
 102 006a 002B     		cmp	r3, #0
 103 006c B8BF     		it	lt
 104 006e 5B42     		rsblt	r3, r3, #0
 105 0070 9BB2     		uxth	r3, r3
 106 0072 1846     		mov	r0, r3
 107 0074 FFF7FEFF 		bl	PWM_M1_WriteCompare
  50:movement.c    ****         
  51:movement.c    ****         if (volt > 0)
 108              		.loc 1 51 0
 109 0078 3B68     		ldr	r3, [r7]
 110 007a 002B     		cmp	r3, #0
 111 007c 06DD     		ble	.L6
  52:movement.c    ****         {
  53:movement.c    ****             M1_FWD_Write(0);
 112              		.loc 1 53 0
 113 007e 0020     		movs	r0, #0
 114 0080 FFF7FEFF 		bl	M1_FWD_Write
  54:movement.c    ****             M1_BWD_Write(1);
 115              		.loc 1 54 0
 116 0084 0120     		movs	r0, #1
 117 0086 FFF7FEFF 		bl	M1_BWD_Write
ARM GAS  C:\Users\shevi\AppData\Local\Temp\ccUOQTIk.s 			page 4


  55:movement.c    ****         }
  56:movement.c    ****         else if (volt < 0)
  57:movement.c    ****         {
  58:movement.c    ****             M1_FWD_Write(1);
  59:movement.c    ****             M1_BWD_Write(0);
  60:movement.c    ****         }
  61:movement.c    ****         else
  62:movement.c    ****         {
  63:movement.c    ****             M1_FWD_Write(0);
  64:movement.c    ****             M1_BWD_Write(0);
  65:movement.c    ****         }
  66:movement.c    ****     }
  67:movement.c    **** }
 118              		.loc 1 67 0
 119 008a 0FE0     		b	.L8
 120              	.L6:
  56:movement.c    ****         {
 121              		.loc 1 56 0
 122 008c 3B68     		ldr	r3, [r7]
 123 008e 002B     		cmp	r3, #0
 124 0090 06DA     		bge	.L7
  58:movement.c    ****             M1_BWD_Write(0);
 125              		.loc 1 58 0
 126 0092 0120     		movs	r0, #1
 127 0094 FFF7FEFF 		bl	M1_FWD_Write
  59:movement.c    ****         }
 128              		.loc 1 59 0
 129 0098 0020     		movs	r0, #0
 130 009a FFF7FEFF 		bl	M1_BWD_Write
 131              		.loc 1 67 0
 132 009e 05E0     		b	.L8
 133              	.L7:
  63:movement.c    ****             M1_BWD_Write(0);
 134              		.loc 1 63 0
 135 00a0 0020     		movs	r0, #0
 136 00a2 FFF7FEFF 		bl	M1_FWD_Write
  64:movement.c    ****         }
 137              		.loc 1 64 0
 138 00a6 0020     		movs	r0, #0
 139 00a8 FFF7FEFF 		bl	M1_BWD_Write
 140              	.L8:
 141              		.loc 1 67 0
 142 00ac 00BF     		nop
 143 00ae 0837     		adds	r7, r7, #8
 144              		.cfi_def_cfa_offset 8
 145 00b0 BD46     		mov	sp, r7
 146              		.cfi_def_cfa_register 13
 147              		@ sp needed
 148 00b2 80BD     		pop	{r7, pc}
 149              		.cfi_endproc
 150              	.LFE69:
 151              		.size	turn_wheel, .-turn_wheel
 152              		.section	.text.mov_update_error,"ax",%progbits
 153              		.align	2
 154              		.global	mov_update_error
 155              		.thumb
 156              		.thumb_func
ARM GAS  C:\Users\shevi\AppData\Local\Temp\ccUOQTIk.s 			page 5


 157              		.type	mov_update_error, %function
 158              	mov_update_error:
 159              	.LFB70:
  68:movement.c    **** void mov_update_error(wheel_data *left, wheel_data *right) {
 160              		.loc 1 68 0
 161              		.cfi_startproc
 162              		@ args = 0, pretend = 0, frame = 8
 163              		@ frame_needed = 1, uses_anonymous_args = 0
 164 0000 90B5     		push	{r4, r7, lr}
 165              		.cfi_def_cfa_offset 12
 166              		.cfi_offset 4, -12
 167              		.cfi_offset 7, -8
 168              		.cfi_offset 14, -4
 169 0002 83B0     		sub	sp, sp, #12
 170              		.cfi_def_cfa_offset 24
 171 0004 00AF     		add	r7, sp, #0
 172              		.cfi_def_cfa_register 7
 173 0006 7860     		str	r0, [r7, #4]
 174 0008 3960     		str	r1, [r7]
  69:movement.c    ****     left->cur_dest = left->cur_dest + left->inc;
 175              		.loc 1 69 0
 176 000a 7B68     		ldr	r3, [r7, #4]
 177 000c 5A68     		ldr	r2, [r3, #4]
 178 000e 7B68     		ldr	r3, [r7, #4]
 179 0010 9B69     		ldr	r3, [r3, #24]
 180 0012 1A44     		add	r2, r2, r3
 181 0014 7B68     		ldr	r3, [r7, #4]
 182 0016 5A60     		str	r2, [r3, #4]
  70:movement.c    ****     right->cur_dest = right->cur_dest + right->inc;
 183              		.loc 1 70 0
 184 0018 3B68     		ldr	r3, [r7]
 185 001a 5A68     		ldr	r2, [r3, #4]
 186 001c 3B68     		ldr	r3, [r7]
 187 001e 9B69     		ldr	r3, [r3, #24]
 188 0020 1A44     		add	r2, r2, r3
 189 0022 3B68     		ldr	r3, [r7]
 190 0024 5A60     		str	r2, [r3, #4]
  71:movement.c    ****     
  72:movement.c    ****     left->time_prev = left->time;
 191              		.loc 1 72 0
 192 0026 7B68     		ldr	r3, [r7, #4]
 193 0028 DA69     		ldr	r2, [r3, #28]
 194 002a 7B68     		ldr	r3, [r7, #4]
 195 002c 1A62     		str	r2, [r3, #32]
  73:movement.c    ****     left->time = 357912 - Timer_1_ReadCounter() / 12000;
 196              		.loc 1 73 0
 197 002e FFF7FEFF 		bl	Timer_1_ReadCounter
 198 0032 0246     		mov	r2, r0
 199 0034 234B     		ldr	r3, .L10
 200 0036 A3FB0223 		umull	r2, r3, r3, r2
 201 003a 1B0A     		lsrs	r3, r3, #8
 202 003c C3F5AE23 		rsb	r3, r3, #356352
 203 0040 03F5C363 		add	r3, r3, #1560
 204 0044 7A68     		ldr	r2, [r7, #4]
 205 0046 D361     		str	r3, [r2, #28]
  74:movement.c    ****     
  75:movement.c    ****     right->time_prev = right->time;
ARM GAS  C:\Users\shevi\AppData\Local\Temp\ccUOQTIk.s 			page 6


 206              		.loc 1 75 0
 207 0048 3B68     		ldr	r3, [r7]
 208 004a DA69     		ldr	r2, [r3, #28]
 209 004c 3B68     		ldr	r3, [r7]
 210 004e 1A62     		str	r2, [r3, #32]
  76:movement.c    ****     right->time = 357912 - Timer_1_ReadCounter() / 12000;
 211              		.loc 1 76 0
 212 0050 FFF7FEFF 		bl	Timer_1_ReadCounter
 213 0054 0246     		mov	r2, r0
 214 0056 1B4B     		ldr	r3, .L10
 215 0058 A3FB0223 		umull	r2, r3, r3, r2
 216 005c 1B0A     		lsrs	r3, r3, #8
 217 005e C3F5AE23 		rsb	r3, r3, #356352
 218 0062 03F5C363 		add	r3, r3, #1560
 219 0066 3A68     		ldr	r2, [r7]
 220 0068 D361     		str	r3, [r2, #28]
  77:movement.c    ****     
  78:movement.c    ****     
  79:movement.c    ****     left->error_prev = left->error;
 221              		.loc 1 79 0
 222 006a 7B68     		ldr	r3, [r7, #4]
 223 006c DA68     		ldr	r2, [r3, #12]
 224 006e 7B68     		ldr	r3, [r7, #4]
 225 0070 9A60     		str	r2, [r3, #8]
  80:movement.c    ****     right->error_prev = right->error;
 226              		.loc 1 80 0
 227 0072 3B68     		ldr	r3, [r7]
 228 0074 DA68     		ldr	r2, [r3, #12]
 229 0076 3B68     		ldr	r3, [r7]
 230 0078 9A60     		str	r2, [r3, #8]
  81:movement.c    ****     
  82:movement.c    ****     left->error = left->cur_dest - (-64*M1QuadDec_GetCounter());
 231              		.loc 1 82 0
 232 007a 7B68     		ldr	r3, [r7, #4]
 233 007c 5C68     		ldr	r4, [r3, #4]
 234 007e FFF7FEFF 		bl	M1QuadDec_GetCounter
 235 0082 0346     		mov	r3, r0
 236 0084 9B01     		lsls	r3, r3, #6
 237 0086 E218     		adds	r2, r4, r3
 238 0088 7B68     		ldr	r3, [r7, #4]
 239 008a DA60     		str	r2, [r3, #12]
  83:movement.c    ****     right->error = right->cur_dest - (-64*M2QuadDec_GetCounter());
 240              		.loc 1 83 0
 241 008c 3B68     		ldr	r3, [r7]
 242 008e 5C68     		ldr	r4, [r3, #4]
 243 0090 FFF7FEFF 		bl	M2QuadDec_GetCounter
 244 0094 0346     		mov	r3, r0
 245 0096 9B01     		lsls	r3, r3, #6
 246 0098 E218     		adds	r2, r4, r3
 247 009a 3B68     		ldr	r3, [r7]
 248 009c DA60     		str	r2, [r3, #12]
  84:movement.c    ****     
  85:movement.c    ****     left->error_sum = left->error_sum + left->error;
 249              		.loc 1 85 0
 250 009e 7B68     		ldr	r3, [r7, #4]
 251 00a0 1A69     		ldr	r2, [r3, #16]
 252 00a2 7B68     		ldr	r3, [r7, #4]
ARM GAS  C:\Users\shevi\AppData\Local\Temp\ccUOQTIk.s 			page 7


 253 00a4 DB68     		ldr	r3, [r3, #12]
 254 00a6 1A44     		add	r2, r2, r3
 255 00a8 7B68     		ldr	r3, [r7, #4]
 256 00aa 1A61     		str	r2, [r3, #16]
  86:movement.c    ****     right->error_sum = right->error_sum + right->error;
 257              		.loc 1 86 0
 258 00ac 3B68     		ldr	r3, [r7]
 259 00ae 1A69     		ldr	r2, [r3, #16]
 260 00b0 3B68     		ldr	r3, [r7]
 261 00b2 DB68     		ldr	r3, [r3, #12]
 262 00b4 1A44     		add	r2, r2, r3
 263 00b6 3B68     		ldr	r3, [r7]
 264 00b8 1A61     		str	r2, [r3, #16]
  87:movement.c    **** 
  88:movement.c    **** }
 265              		.loc 1 88 0
 266 00ba 00BF     		nop
 267 00bc 0C37     		adds	r7, r7, #12
 268              		.cfi_def_cfa_offset 12
 269 00be BD46     		mov	sp, r7
 270              		.cfi_def_cfa_register 13
 271              		@ sp needed
 272 00c0 90BD     		pop	{r4, r7, pc}
 273              	.L11:
 274 00c2 00BF     		.align	2
 275              	.L10:
 276 00c4 F1197605 		.word	91625969
 277              		.cfi_endproc
 278              	.LFE70:
 279              		.size	mov_update_error, .-mov_update_error
 280              		.global	__aeabi_i2d
 281              		.global	__aeabi_dmul
 282              		.global	__aeabi_dadd
 283              		.global	__aeabi_ui2d
 284              		.global	__aeabi_d2iz
 285              		.section	.text.mov_get_PID,"ax",%progbits
 286              		.align	2
 287              		.global	mov_get_PID
 288              		.thumb
 289              		.thumb_func
 290              		.type	mov_get_PID, %function
 291              	mov_get_PID:
 292              	.LFB71:
  89:movement.c    **** void mov_get_PID(wheel_data *left, wheel_data *right, PID_data *k) {
 293              		.loc 1 89 0
 294              		.cfi_startproc
 295              		@ args = 0, pretend = 0, frame = 24
 296              		@ frame_needed = 1, uses_anonymous_args = 0
 297 0000 2DE9B043 		push	{r4, r5, r7, r8, r9, lr}
 298              		.cfi_def_cfa_offset 24
 299              		.cfi_offset 4, -24
 300              		.cfi_offset 5, -20
 301              		.cfi_offset 7, -16
 302              		.cfi_offset 8, -12
 303              		.cfi_offset 9, -8
 304              		.cfi_offset 14, -4
 305 0004 86B0     		sub	sp, sp, #24
ARM GAS  C:\Users\shevi\AppData\Local\Temp\ccUOQTIk.s 			page 8


 306              		.cfi_def_cfa_offset 48
 307 0006 00AF     		add	r7, sp, #0
 308              		.cfi_def_cfa_register 7
 309 0008 F860     		str	r0, [r7, #12]
 310 000a B960     		str	r1, [r7, #8]
 311 000c 7A60     		str	r2, [r7, #4]
  90:movement.c    ****     int motor_voltage;
  91:movement.c    ****     motor_voltage =  ( k->Kp * left->error ) + ( k->Ki * left->error_sum ) + ( k->Kd * (left->error
 312              		.loc 1 91 0
 313 000e 7B68     		ldr	r3, [r7, #4]
 314 0010 D3E90245 		ldrd	r4, [r3, #8]
 315 0014 FB68     		ldr	r3, [r7, #12]
 316 0016 DB68     		ldr	r3, [r3, #12]
 317 0018 1846     		mov	r0, r3
 318 001a FFF7FEFF 		bl	__aeabi_i2d
 319 001e 0246     		mov	r2, r0
 320 0020 0B46     		mov	r3, r1
 321 0022 2046     		mov	r0, r4
 322 0024 2946     		mov	r1, r5
 323 0026 FFF7FEFF 		bl	__aeabi_dmul
 324 002a 0346     		mov	r3, r0
 325 002c 0C46     		mov	r4, r1
 326 002e 9846     		mov	r8, r3
 327 0030 A146     		mov	r9, r4
 328 0032 7B68     		ldr	r3, [r7, #4]
 329 0034 D3E90045 		ldrd	r4, [r3]
 330 0038 FB68     		ldr	r3, [r7, #12]
 331 003a 1B69     		ldr	r3, [r3, #16]
 332 003c 1846     		mov	r0, r3
 333 003e FFF7FEFF 		bl	__aeabi_i2d
 334 0042 0246     		mov	r2, r0
 335 0044 0B46     		mov	r3, r1
 336 0046 2046     		mov	r0, r4
 337 0048 2946     		mov	r1, r5
 338 004a FFF7FEFF 		bl	__aeabi_dmul
 339 004e 0346     		mov	r3, r0
 340 0050 0C46     		mov	r4, r1
 341 0052 1A46     		mov	r2, r3
 342 0054 2346     		mov	r3, r4
 343 0056 4046     		mov	r0, r8
 344 0058 4946     		mov	r1, r9
 345 005a FFF7FEFF 		bl	__aeabi_dadd
 346 005e 0346     		mov	r3, r0
 347 0060 0C46     		mov	r4, r1
 348 0062 9846     		mov	r8, r3
 349 0064 A146     		mov	r9, r4
 350 0066 7B68     		ldr	r3, [r7, #4]
 351 0068 D3E90445 		ldrd	r4, [r3, #16]
 352 006c FB68     		ldr	r3, [r7, #12]
 353 006e DA68     		ldr	r2, [r3, #12]
 354 0070 FB68     		ldr	r3, [r7, #12]
 355 0072 9B68     		ldr	r3, [r3, #8]
 356 0074 D31A     		subs	r3, r2, r3
 357 0076 1846     		mov	r0, r3
 358 0078 FFF7FEFF 		bl	__aeabi_i2d
 359 007c 0246     		mov	r2, r0
 360 007e 0B46     		mov	r3, r1
ARM GAS  C:\Users\shevi\AppData\Local\Temp\ccUOQTIk.s 			page 9


 361 0080 2046     		mov	r0, r4
 362 0082 2946     		mov	r1, r5
 363 0084 FFF7FEFF 		bl	__aeabi_dmul
 364 0088 0346     		mov	r3, r0
 365 008a 0C46     		mov	r4, r1
 366 008c 2546     		mov	r5, r4
 367 008e 1C46     		mov	r4, r3
 368 0090 FB68     		ldr	r3, [r7, #12]
 369 0092 DA69     		ldr	r2, [r3, #28]
 370 0094 FB68     		ldr	r3, [r7, #12]
 371 0096 1B6A     		ldr	r3, [r3, #32]
 372 0098 D31A     		subs	r3, r2, r3
 373 009a 1846     		mov	r0, r3
 374 009c FFF7FEFF 		bl	__aeabi_ui2d
 375 00a0 0246     		mov	r2, r0
 376 00a2 0B46     		mov	r3, r1
 377 00a4 2046     		mov	r0, r4
 378 00a6 2946     		mov	r1, r5
 379 00a8 FFF7FEFF 		bl	__aeabi_dmul
 380 00ac 0346     		mov	r3, r0
 381 00ae 0C46     		mov	r4, r1
 382 00b0 1A46     		mov	r2, r3
 383 00b2 2346     		mov	r3, r4
 384 00b4 4046     		mov	r0, r8
 385 00b6 4946     		mov	r1, r9
 386 00b8 FFF7FEFF 		bl	__aeabi_dadd
 387 00bc 0346     		mov	r3, r0
 388 00be 0C46     		mov	r4, r1
 389 00c0 1846     		mov	r0, r3
 390 00c2 2146     		mov	r1, r4
 391 00c4 FFF7FEFF 		bl	__aeabi_d2iz
 392 00c8 0346     		mov	r3, r0
 393 00ca 7B61     		str	r3, [r7, #20]
  92:movement.c    **** 
  93:movement.c    ****     if (motor_voltage < -65535){
 394              		.loc 1 93 0
 395 00cc 7B69     		ldr	r3, [r7, #20]
 396 00ce 13F5803F 		cmn	r3, #65536
 397 00d2 02DC     		bgt	.L13
  94:movement.c    ****         motor_voltage = -65535;}
 398              		.loc 1 94 0
 399 00d4 404B     		ldr	r3, .L17
 400 00d6 7B61     		str	r3, [r7, #20]
 401 00d8 06E0     		b	.L14
 402              	.L13:
  95:movement.c    ****     else if (motor_voltage > 65535){
 403              		.loc 1 95 0
 404 00da 7B69     		ldr	r3, [r7, #20]
 405 00dc B3F5803F 		cmp	r3, #65536
 406 00e0 02DB     		blt	.L14
  96:movement.c    ****         motor_voltage = 65535;}
 407              		.loc 1 96 0
 408 00e2 4FF6FF73 		movw	r3, #65535
 409 00e6 7B61     		str	r3, [r7, #20]
 410              	.L14:
  97:movement.c    ****     
  98:movement.c    ****     left->motor_volt = motor_voltage;
ARM GAS  C:\Users\shevi\AppData\Local\Temp\ccUOQTIk.s 			page 10


 411              		.loc 1 98 0
 412 00e8 FB68     		ldr	r3, [r7, #12]
 413 00ea 7A69     		ldr	r2, [r7, #20]
 414 00ec 5A61     		str	r2, [r3, #20]
  99:movement.c    ****         
 100:movement.c    ****     motor_voltage =  ( k->Kp * right->error ) + ( k->Ki * right->error_sum ) + ( k->Kd * (right->er
 415              		.loc 1 100 0
 416 00ee 7B68     		ldr	r3, [r7, #4]
 417 00f0 D3E90245 		ldrd	r4, [r3, #8]
 418 00f4 BB68     		ldr	r3, [r7, #8]
 419 00f6 DB68     		ldr	r3, [r3, #12]
 420 00f8 1846     		mov	r0, r3
 421 00fa FFF7FEFF 		bl	__aeabi_i2d
 422 00fe 0246     		mov	r2, r0
 423 0100 0B46     		mov	r3, r1
 424 0102 2046     		mov	r0, r4
 425 0104 2946     		mov	r1, r5
 426 0106 FFF7FEFF 		bl	__aeabi_dmul
 427 010a 0346     		mov	r3, r0
 428 010c 0C46     		mov	r4, r1
 429 010e 9846     		mov	r8, r3
 430 0110 A146     		mov	r9, r4
 431 0112 7B68     		ldr	r3, [r7, #4]
 432 0114 D3E90045 		ldrd	r4, [r3]
 433 0118 BB68     		ldr	r3, [r7, #8]
 434 011a 1B69     		ldr	r3, [r3, #16]
 435 011c 1846     		mov	r0, r3
 436 011e FFF7FEFF 		bl	__aeabi_i2d
 437 0122 0246     		mov	r2, r0
 438 0124 0B46     		mov	r3, r1
 439 0126 2046     		mov	r0, r4
 440 0128 2946     		mov	r1, r5
 441 012a FFF7FEFF 		bl	__aeabi_dmul
 442 012e 0346     		mov	r3, r0
 443 0130 0C46     		mov	r4, r1
 444 0132 1A46     		mov	r2, r3
 445 0134 2346     		mov	r3, r4
 446 0136 4046     		mov	r0, r8
 447 0138 4946     		mov	r1, r9
 448 013a FFF7FEFF 		bl	__aeabi_dadd
 449 013e 0346     		mov	r3, r0
 450 0140 0C46     		mov	r4, r1
 451 0142 9846     		mov	r8, r3
 452 0144 A146     		mov	r9, r4
 453 0146 7B68     		ldr	r3, [r7, #4]
 454 0148 D3E90445 		ldrd	r4, [r3, #16]
 455 014c BB68     		ldr	r3, [r7, #8]
 456 014e DA68     		ldr	r2, [r3, #12]
 457 0150 BB68     		ldr	r3, [r7, #8]
 458 0152 9B68     		ldr	r3, [r3, #8]
 459 0154 D31A     		subs	r3, r2, r3
 460 0156 1846     		mov	r0, r3
 461 0158 FFF7FEFF 		bl	__aeabi_i2d
 462 015c 0246     		mov	r2, r0
 463 015e 0B46     		mov	r3, r1
 464 0160 2046     		mov	r0, r4
 465 0162 2946     		mov	r1, r5
ARM GAS  C:\Users\shevi\AppData\Local\Temp\ccUOQTIk.s 			page 11


 466 0164 FFF7FEFF 		bl	__aeabi_dmul
 467 0168 0346     		mov	r3, r0
 468 016a 0C46     		mov	r4, r1
 469 016c 2546     		mov	r5, r4
 470 016e 1C46     		mov	r4, r3
 471 0170 BB68     		ldr	r3, [r7, #8]
 472 0172 DA69     		ldr	r2, [r3, #28]
 473 0174 BB68     		ldr	r3, [r7, #8]
 474 0176 1B6A     		ldr	r3, [r3, #32]
 475 0178 D31A     		subs	r3, r2, r3
 476 017a 1846     		mov	r0, r3
 477 017c FFF7FEFF 		bl	__aeabi_ui2d
 478 0180 0246     		mov	r2, r0
 479 0182 0B46     		mov	r3, r1
 480 0184 2046     		mov	r0, r4
 481 0186 2946     		mov	r1, r5
 482 0188 FFF7FEFF 		bl	__aeabi_dmul
 483 018c 0346     		mov	r3, r0
 484 018e 0C46     		mov	r4, r1
 485 0190 1A46     		mov	r2, r3
 486 0192 2346     		mov	r3, r4
 487 0194 4046     		mov	r0, r8
 488 0196 4946     		mov	r1, r9
 489 0198 FFF7FEFF 		bl	__aeabi_dadd
 490 019c 0346     		mov	r3, r0
 491 019e 0C46     		mov	r4, r1
 492 01a0 1846     		mov	r0, r3
 493 01a2 2146     		mov	r1, r4
 494 01a4 FFF7FEFF 		bl	__aeabi_d2iz
 495 01a8 0346     		mov	r3, r0
 496 01aa 7B61     		str	r3, [r7, #20]
 101:movement.c    **** 
 102:movement.c    ****     if (motor_voltage < -65535){
 497              		.loc 1 102 0
 498 01ac 7B69     		ldr	r3, [r7, #20]
 499 01ae 13F5803F 		cmn	r3, #65536
 500 01b2 02DC     		bgt	.L15
 103:movement.c    ****         motor_voltage = -65535;}
 501              		.loc 1 103 0
 502 01b4 084B     		ldr	r3, .L17
 503 01b6 7B61     		str	r3, [r7, #20]
 504 01b8 06E0     		b	.L16
 505              	.L15:
 104:movement.c    ****     else if (motor_voltage > 65535){
 506              		.loc 1 104 0
 507 01ba 7B69     		ldr	r3, [r7, #20]
 508 01bc B3F5803F 		cmp	r3, #65536
 509 01c0 02DB     		blt	.L16
 105:movement.c    ****         motor_voltage = 65535;}
 510              		.loc 1 105 0
 511 01c2 4FF6FF73 		movw	r3, #65535
 512 01c6 7B61     		str	r3, [r7, #20]
 513              	.L16:
 106:movement.c    ****     
 107:movement.c    ****     right->motor_volt = motor_voltage;
 514              		.loc 1 107 0
 515 01c8 BB68     		ldr	r3, [r7, #8]
ARM GAS  C:\Users\shevi\AppData\Local\Temp\ccUOQTIk.s 			page 12


 516 01ca 7A69     		ldr	r2, [r7, #20]
 517 01cc 5A61     		str	r2, [r3, #20]
 108:movement.c    **** }    
 518              		.loc 1 108 0
 519 01ce 00BF     		nop
 520 01d0 1837     		adds	r7, r7, #24
 521              		.cfi_def_cfa_offset 24
 522 01d2 BD46     		mov	sp, r7
 523              		.cfi_def_cfa_register 13
 524              		@ sp needed
 525 01d4 BDE8B083 		pop	{r4, r5, r7, r8, r9, pc}
 526              	.L18:
 527              		.align	2
 528              	.L17:
 529 01d8 0100FFFF 		.word	-65535
 530              		.cfi_endproc
 531              	.LFE71:
 532              		.size	mov_get_PID, .-mov_get_PID
 533              		.section	.text.mov_Adj_Volt,"ax",%progbits
 534              		.align	2
 535              		.global	mov_Adj_Volt
 536              		.thumb
 537              		.thumb_func
 538              		.type	mov_Adj_Volt, %function
 539              	mov_Adj_Volt:
 540              	.LFB72:
 109:movement.c    **** void mov_Adj_Volt(wheel_data *left, wheel_data *right) {
 541              		.loc 1 109 0
 542              		.cfi_startproc
 543              		@ args = 0, pretend = 0, frame = 8
 544              		@ frame_needed = 1, uses_anonymous_args = 0
 545 0000 80B5     		push	{r7, lr}
 546              		.cfi_def_cfa_offset 8
 547              		.cfi_offset 7, -8
 548              		.cfi_offset 14, -4
 549 0002 82B0     		sub	sp, sp, #8
 550              		.cfi_def_cfa_offset 16
 551 0004 00AF     		add	r7, sp, #0
 552              		.cfi_def_cfa_register 7
 553 0006 7860     		str	r0, [r7, #4]
 554 0008 3960     		str	r1, [r7]
 110:movement.c    ****     turn_wheel('l', left->motor_volt);
 555              		.loc 1 110 0
 556 000a 7B68     		ldr	r3, [r7, #4]
 557 000c 5B69     		ldr	r3, [r3, #20]
 558 000e 1946     		mov	r1, r3
 559 0010 6C20     		movs	r0, #108
 560 0012 FFF7FEFF 		bl	turn_wheel
 111:movement.c    ****     turn_wheel('r', right->motor_volt);
 561              		.loc 1 111 0
 562 0016 3B68     		ldr	r3, [r7]
 563 0018 5B69     		ldr	r3, [r3, #20]
 564 001a 1946     		mov	r1, r3
 565 001c 7220     		movs	r0, #114
 566 001e FFF7FEFF 		bl	turn_wheel
 112:movement.c    **** }
 567              		.loc 1 112 0
ARM GAS  C:\Users\shevi\AppData\Local\Temp\ccUOQTIk.s 			page 13


 568 0022 00BF     		nop
 569 0024 0837     		adds	r7, r7, #8
 570              		.cfi_def_cfa_offset 8
 571 0026 BD46     		mov	sp, r7
 572              		.cfi_def_cfa_register 13
 573              		@ sp needed
 574 0028 80BD     		pop	{r7, pc}
 575              		.cfi_endproc
 576              	.LFE72:
 577              		.size	mov_Adj_Volt, .-mov_Adj_Volt
 578 002a 00BF     		.section	.text.initialise_wheel_data,"ax",%progbits
 579              		.align	2
 580              		.global	initialise_wheel_data
 581              		.thumb
 582              		.thumb_func
 583              		.type	initialise_wheel_data, %function
 584              	initialise_wheel_data:
 585              	.LFB73:
 113:movement.c    **** void initialise_wheel_data(wheel_data *w){
 586              		.loc 1 113 0
 587              		.cfi_startproc
 588              		@ args = 0, pretend = 0, frame = 8
 589              		@ frame_needed = 1, uses_anonymous_args = 0
 590              		@ link register save eliminated.
 591 0000 80B4     		push	{r7}
 592              		.cfi_def_cfa_offset 4
 593              		.cfi_offset 7, -4
 594 0002 83B0     		sub	sp, sp, #12
 595              		.cfi_def_cfa_offset 16
 596 0004 00AF     		add	r7, sp, #0
 597              		.cfi_def_cfa_register 7
 598 0006 7860     		str	r0, [r7, #4]
 114:movement.c    ****     w->cur_dest = 0;
 599              		.loc 1 114 0
 600 0008 7B68     		ldr	r3, [r7, #4]
 601 000a 0022     		movs	r2, #0
 602 000c 5A60     		str	r2, [r3, #4]
 115:movement.c    ****     w->error = 0;
 603              		.loc 1 115 0
 604 000e 7B68     		ldr	r3, [r7, #4]
 605 0010 0022     		movs	r2, #0
 606 0012 DA60     		str	r2, [r3, #12]
 116:movement.c    ****     w->error_prev = 0;
 607              		.loc 1 116 0
 608 0014 7B68     		ldr	r3, [r7, #4]
 609 0016 0022     		movs	r2, #0
 610 0018 9A60     		str	r2, [r3, #8]
 117:movement.c    ****     w->error_sum = 0;
 611              		.loc 1 117 0
 612 001a 7B68     		ldr	r3, [r7, #4]
 613 001c 0022     		movs	r2, #0
 614 001e 1A61     		str	r2, [r3, #16]
 118:movement.c    ****     w->inc = 0;
 615              		.loc 1 118 0
 616 0020 7B68     		ldr	r3, [r7, #4]
 617 0022 0022     		movs	r2, #0
 618 0024 9A61     		str	r2, [r3, #24]
ARM GAS  C:\Users\shevi\AppData\Local\Temp\ccUOQTIk.s 			page 14


 119:movement.c    ****     w->motor_volt = 0;
 619              		.loc 1 119 0
 620 0026 7B68     		ldr	r3, [r7, #4]
 621 0028 0022     		movs	r2, #0
 622 002a 5A61     		str	r2, [r3, #20]
 120:movement.c    ****     w->prev_dest = 0;
 623              		.loc 1 120 0
 624 002c 7B68     		ldr	r3, [r7, #4]
 625 002e 0022     		movs	r2, #0
 626 0030 1A60     		str	r2, [r3]
 121:movement.c    ****     w->time_prev = 0;
 627              		.loc 1 121 0
 628 0032 7B68     		ldr	r3, [r7, #4]
 629 0034 0022     		movs	r2, #0
 630 0036 1A62     		str	r2, [r3, #32]
 122:movement.c    ****     w->time = 0;
 631              		.loc 1 122 0
 632 0038 7B68     		ldr	r3, [r7, #4]
 633 003a 0022     		movs	r2, #0
 634 003c DA61     		str	r2, [r3, #28]
 123:movement.c    **** }
 635              		.loc 1 123 0
 636 003e 00BF     		nop
 637 0040 0C37     		adds	r7, r7, #12
 638              		.cfi_def_cfa_offset 4
 639 0042 BD46     		mov	sp, r7
 640              		.cfi_def_cfa_register 13
 641              		@ sp needed
 642 0044 80BC     		pop	{r7}
 643              		.cfi_restore 7
 644              		.cfi_def_cfa_offset 0
 645 0046 7047     		bx	lr
 646              		.cfi_endproc
 647              	.LFE73:
 648              		.size	initialise_wheel_data, .-initialise_wheel_data
 649              		.section	.text.update_inc,"ax",%progbits
 650              		.align	2
 651              		.global	update_inc
 652              		.thumb
 653              		.thumb_func
 654              		.type	update_inc, %function
 655              	update_inc:
 656              	.LFB74:
 124:movement.c    **** void update_inc( wheel_data *left, wheel_data *right, unsigned char *buffer){
 657              		.loc 1 124 0
 658              		.cfi_startproc
 659              		@ args = 0, pretend = 0, frame = 48
 660              		@ frame_needed = 1, uses_anonymous_args = 0
 661              		@ link register save eliminated.
 662 0000 80B4     		push	{r7}
 663              		.cfi_def_cfa_offset 4
 664              		.cfi_offset 7, -4
 665 0002 8DB0     		sub	sp, sp, #52
 666              		.cfi_def_cfa_offset 56
 667 0004 00AF     		add	r7, sp, #0
 668              		.cfi_def_cfa_register 7
 669 0006 F860     		str	r0, [r7, #12]
ARM GAS  C:\Users\shevi\AppData\Local\Temp\ccUOQTIk.s 			page 15


 670 0008 B960     		str	r1, [r7, #8]
 671 000a 7A60     		str	r2, [r7, #4]
 125:movement.c    ****     
 126:movement.c    ****     int int0 = (unsigned char) buffer[0] - 48;
 672              		.loc 1 126 0
 673 000c 7B68     		ldr	r3, [r7, #4]
 674 000e 1B78     		ldrb	r3, [r3]	@ zero_extendqisi2
 675 0010 303B     		subs	r3, r3, #48
 676 0012 FB62     		str	r3, [r7, #44]
 127:movement.c    ****     int int1 = (unsigned char) buffer[1] - 48;
 677              		.loc 1 127 0
 678 0014 7B68     		ldr	r3, [r7, #4]
 679 0016 0133     		adds	r3, r3, #1
 680 0018 1B78     		ldrb	r3, [r3]	@ zero_extendqisi2
 681 001a 303B     		subs	r3, r3, #48
 682 001c BB62     		str	r3, [r7, #40]
 128:movement.c    ****     int int2 = (unsigned char) buffer[2] - 48;
 683              		.loc 1 128 0
 684 001e 7B68     		ldr	r3, [r7, #4]
 685 0020 0233     		adds	r3, r3, #2
 686 0022 1B78     		ldrb	r3, [r3]	@ zero_extendqisi2
 687 0024 303B     		subs	r3, r3, #48
 688 0026 7B62     		str	r3, [r7, #36]
 129:movement.c    ****     int int3 = (unsigned char) buffer[3] - 48;
 689              		.loc 1 129 0
 690 0028 7B68     		ldr	r3, [r7, #4]
 691 002a 0333     		adds	r3, r3, #3
 692 002c 1B78     		ldrb	r3, [r3]	@ zero_extendqisi2
 693 002e 303B     		subs	r3, r3, #48
 694 0030 3B62     		str	r3, [r7, #32]
 130:movement.c    ****     int int4 = (unsigned char) buffer[4] - 48;
 695              		.loc 1 130 0
 696 0032 7B68     		ldr	r3, [r7, #4]
 697 0034 0433     		adds	r3, r3, #4
 698 0036 1B78     		ldrb	r3, [r3]	@ zero_extendqisi2
 699 0038 303B     		subs	r3, r3, #48
 700 003a FB61     		str	r3, [r7, #28]
 131:movement.c    ****     int int5 = (unsigned char) buffer[5] - 48;
 701              		.loc 1 131 0
 702 003c 7B68     		ldr	r3, [r7, #4]
 703 003e 0533     		adds	r3, r3, #5
 704 0040 1B78     		ldrb	r3, [r3]	@ zero_extendqisi2
 705 0042 303B     		subs	r3, r3, #48
 706 0044 BB61     		str	r3, [r7, #24]
 132:movement.c    ****     int int6 = (unsigned char) buffer[6] - 48;
 707              		.loc 1 132 0
 708 0046 7B68     		ldr	r3, [r7, #4]
 709 0048 0633     		adds	r3, r3, #6
 710 004a 1B78     		ldrb	r3, [r3]	@ zero_extendqisi2
 711 004c 303B     		subs	r3, r3, #48
 712 004e 7B61     		str	r3, [r7, #20]
 133:movement.c    ****     int int7 = (unsigned char) buffer[7] - 48;
 713              		.loc 1 133 0
 714 0050 7B68     		ldr	r3, [r7, #4]
 715 0052 0733     		adds	r3, r3, #7
 716 0054 1B78     		ldrb	r3, [r3]	@ zero_extendqisi2
 717 0056 303B     		subs	r3, r3, #48
ARM GAS  C:\Users\shevi\AppData\Local\Temp\ccUOQTIk.s 			page 16


 718 0058 3B61     		str	r3, [r7, #16]
 134:movement.c    ****     
 135:movement.c    **** 
 136:movement.c    ****     left->inc = int1*100 + int2*10 + int3*1;
 719              		.loc 1 136 0
 720 005a BB6A     		ldr	r3, [r7, #40]
 721 005c 6422     		movs	r2, #100
 722 005e 02FB03F1 		mul	r1, r2, r3
 723 0062 7A6A     		ldr	r2, [r7, #36]
 724 0064 1346     		mov	r3, r2
 725 0066 9B00     		lsls	r3, r3, #2
 726 0068 1344     		add	r3, r3, r2
 727 006a 5B00     		lsls	r3, r3, #1
 728 006c CA18     		adds	r2, r1, r3
 729 006e 3B6A     		ldr	r3, [r7, #32]
 730 0070 1A44     		add	r2, r2, r3
 731 0072 FB68     		ldr	r3, [r7, #12]
 732 0074 9A61     		str	r2, [r3, #24]
 137:movement.c    ****     right->inc = int5*100 + int6*10 + int7*1;
 733              		.loc 1 137 0
 734 0076 BB69     		ldr	r3, [r7, #24]
 735 0078 6422     		movs	r2, #100
 736 007a 02FB03F1 		mul	r1, r2, r3
 737 007e 7A69     		ldr	r2, [r7, #20]
 738 0080 1346     		mov	r3, r2
 739 0082 9B00     		lsls	r3, r3, #2
 740 0084 1344     		add	r3, r3, r2
 741 0086 5B00     		lsls	r3, r3, #1
 742 0088 CA18     		adds	r2, r1, r3
 743 008a 3B69     		ldr	r3, [r7, #16]
 744 008c 1A44     		add	r2, r2, r3
 745 008e BB68     		ldr	r3, [r7, #8]
 746 0090 9A61     		str	r2, [r3, #24]
 138:movement.c    ****     
 139:movement.c    ****     if (int0 == 0){
 747              		.loc 1 139 0
 748 0092 FB6A     		ldr	r3, [r7, #44]
 749 0094 002B     		cmp	r3, #0
 750 0096 04D1     		bne	.L22
 140:movement.c    ****         left->inc = -left->inc;
 751              		.loc 1 140 0
 752 0098 FB68     		ldr	r3, [r7, #12]
 753 009a 9B69     		ldr	r3, [r3, #24]
 754 009c 5A42     		negs	r2, r3
 755 009e FB68     		ldr	r3, [r7, #12]
 756 00a0 9A61     		str	r2, [r3, #24]
 757              	.L22:
 141:movement.c    ****     }
 142:movement.c    ****     
 143:movement.c    ****     if (int4 == 0){
 758              		.loc 1 143 0
 759 00a2 FB69     		ldr	r3, [r7, #28]
 760 00a4 002B     		cmp	r3, #0
 761 00a6 04D1     		bne	.L24
 144:movement.c    ****         right->inc = -right->inc;
 762              		.loc 1 144 0
 763 00a8 BB68     		ldr	r3, [r7, #8]
ARM GAS  C:\Users\shevi\AppData\Local\Temp\ccUOQTIk.s 			page 17


 764 00aa 9B69     		ldr	r3, [r3, #24]
 765 00ac 5A42     		negs	r2, r3
 766 00ae BB68     		ldr	r3, [r7, #8]
 767 00b0 9A61     		str	r2, [r3, #24]
 768              	.L24:
 145:movement.c    ****     }
 146:movement.c    ****     
 147:movement.c    **** }
 769              		.loc 1 147 0
 770 00b2 00BF     		nop
 771 00b4 3437     		adds	r7, r7, #52
 772              		.cfi_def_cfa_offset 4
 773 00b6 BD46     		mov	sp, r7
 774              		.cfi_def_cfa_register 13
 775              		@ sp needed
 776 00b8 80BC     		pop	{r7}
 777              		.cfi_restore 7
 778              		.cfi_def_cfa_offset 0
 779 00ba 7047     		bx	lr
 780              		.cfi_endproc
 781              	.LFE74:
 782              		.size	update_inc, .-update_inc
 783              		.section	.text.update_k,"ax",%progbits
 784              		.align	2
 785              		.global	update_k
 786              		.thumb
 787              		.thumb_func
 788              		.type	update_k, %function
 789              	update_k:
 790              	.LFB75:
 148:movement.c    **** void update_k( PID_data *K, unsigned char *buffer){
 791              		.loc 1 148 0
 792              		.cfi_startproc
 793              		@ args = 0, pretend = 0, frame = 40
 794              		@ frame_needed = 1, uses_anonymous_args = 0
 795 0000 90B5     		push	{r4, r7, lr}
 796              		.cfi_def_cfa_offset 12
 797              		.cfi_offset 4, -12
 798              		.cfi_offset 7, -8
 799              		.cfi_offset 14, -4
 800 0002 8BB0     		sub	sp, sp, #44
 801              		.cfi_def_cfa_offset 56
 802 0004 00AF     		add	r7, sp, #0
 803              		.cfi_def_cfa_register 7
 804 0006 7860     		str	r0, [r7, #4]
 805 0008 3960     		str	r1, [r7]
 149:movement.c    ****     
 150:movement.c    ****     int int0 = (unsigned char) buffer[0] - 48;
 806              		.loc 1 150 0
 807 000a 3B68     		ldr	r3, [r7]
 808 000c 1B78     		ldrb	r3, [r3]	@ zero_extendqisi2
 809 000e 303B     		subs	r3, r3, #48
 810 0010 7B62     		str	r3, [r7, #36]
 151:movement.c    ****     int int1 = (unsigned char) buffer[1] - 48;
 811              		.loc 1 151 0
 812 0012 3B68     		ldr	r3, [r7]
 813 0014 0133     		adds	r3, r3, #1
ARM GAS  C:\Users\shevi\AppData\Local\Temp\ccUOQTIk.s 			page 18


 814 0016 1B78     		ldrb	r3, [r3]	@ zero_extendqisi2
 815 0018 303B     		subs	r3, r3, #48
 816 001a 3B62     		str	r3, [r7, #32]
 152:movement.c    ****     int int2 = (unsigned char) buffer[2] - 48;
 817              		.loc 1 152 0
 818 001c 3B68     		ldr	r3, [r7]
 819 001e 0233     		adds	r3, r3, #2
 820 0020 1B78     		ldrb	r3, [r3]	@ zero_extendqisi2
 821 0022 303B     		subs	r3, r3, #48
 822 0024 FB61     		str	r3, [r7, #28]
 153:movement.c    ****     int int3 = (unsigned char) buffer[3] - 48;
 823              		.loc 1 153 0
 824 0026 3B68     		ldr	r3, [r7]
 825 0028 0333     		adds	r3, r3, #3
 826 002a 1B78     		ldrb	r3, [r3]	@ zero_extendqisi2
 827 002c 303B     		subs	r3, r3, #48
 828 002e BB61     		str	r3, [r7, #24]
 154:movement.c    ****     int int4 = (unsigned char) buffer[4] - 48;
 829              		.loc 1 154 0
 830 0030 3B68     		ldr	r3, [r7]
 831 0032 0433     		adds	r3, r3, #4
 832 0034 1B78     		ldrb	r3, [r3]	@ zero_extendqisi2
 833 0036 303B     		subs	r3, r3, #48
 834 0038 7B61     		str	r3, [r7, #20]
 155:movement.c    ****     int int5 = (unsigned char) buffer[5] - 48;
 835              		.loc 1 155 0
 836 003a 3B68     		ldr	r3, [r7]
 837 003c 0533     		adds	r3, r3, #5
 838 003e 1B78     		ldrb	r3, [r3]	@ zero_extendqisi2
 839 0040 303B     		subs	r3, r3, #48
 840 0042 3B61     		str	r3, [r7, #16]
 156:movement.c    ****     int int6 = (unsigned char) buffer[6] - 48;
 841              		.loc 1 156 0
 842 0044 3B68     		ldr	r3, [r7]
 843 0046 0633     		adds	r3, r3, #6
 844 0048 1B78     		ldrb	r3, [r3]	@ zero_extendqisi2
 845 004a 303B     		subs	r3, r3, #48
 846 004c FB60     		str	r3, [r7, #12]
 157:movement.c    ****     int int7 = (unsigned char) buffer[7] - 48;
 847              		.loc 1 157 0
 848 004e 3B68     		ldr	r3, [r7]
 849 0050 0733     		adds	r3, r3, #7
 850 0052 1B78     		ldrb	r3, [r3]	@ zero_extendqisi2
 851 0054 303B     		subs	r3, r3, #48
 852 0056 BB60     		str	r3, [r7, #8]
 158:movement.c    ****     
 159:movement.c    ****     
 160:movement.c    ****     K->Kp = (int0*100000 + int1*10000 + int2*1000 + int3*100 +int4*10 +int5*1)*10^-2;
 853              		.loc 1 160 0
 854 0058 7B6A     		ldr	r3, [r7, #36]
 855 005a 1E4A     		ldr	r2, .L26
 856 005c 02FB03F2 		mul	r2, r2, r3
 857 0060 3B6A     		ldr	r3, [r7, #32]
 858 0062 42F21071 		movw	r1, #10000
 859 0066 01FB03F3 		mul	r3, r1, r3
 860 006a 1A44     		add	r2, r2, r3
 861 006c FB69     		ldr	r3, [r7, #28]
ARM GAS  C:\Users\shevi\AppData\Local\Temp\ccUOQTIk.s 			page 19


 862 006e 4FF47A71 		mov	r1, #1000
 863 0072 01FB03F3 		mul	r3, r1, r3
 864 0076 1A44     		add	r2, r2, r3
 865 0078 BB69     		ldr	r3, [r7, #24]
 866 007a 6421     		movs	r1, #100
 867 007c 01FB03F3 		mul	r3, r1, r3
 868 0080 D118     		adds	r1, r2, r3
 869 0082 7A69     		ldr	r2, [r7, #20]
 870 0084 1346     		mov	r3, r2
 871 0086 9B00     		lsls	r3, r3, #2
 872 0088 1344     		add	r3, r3, r2
 873 008a 5B00     		lsls	r3, r3, #1
 874 008c CA18     		adds	r2, r1, r3
 875 008e 3B69     		ldr	r3, [r7, #16]
 876 0090 1A44     		add	r2, r2, r3
 877 0092 1346     		mov	r3, r2
 878 0094 9B00     		lsls	r3, r3, #2
 879 0096 1344     		add	r3, r3, r2
 880 0098 5B00     		lsls	r3, r3, #1
 881 009a 83F00103 		eor	r3, r3, #1
 882 009e DB43     		mvns	r3, r3
 883 00a0 1846     		mov	r0, r3
 884 00a2 FFF7FEFF 		bl	__aeabi_i2d
 885 00a6 0346     		mov	r3, r0
 886 00a8 0C46     		mov	r4, r1
 887 00aa 7A68     		ldr	r2, [r7, #4]
 888 00ac C2E90234 		strd	r3, [r2, #8]
 161:movement.c    ****     K->Kd =0;
 889              		.loc 1 161 0
 890 00b0 7A68     		ldr	r2, [r7, #4]
 891 00b2 4FF00003 		mov	r3, #0
 892 00b6 4FF00004 		mov	r4, #0
 893 00ba C2E90434 		strd	r3, [r2, #16]
 162:movement.c    ****     K->Ki = 0;
 894              		.loc 1 162 0
 895 00be 7A68     		ldr	r2, [r7, #4]
 896 00c0 4FF00003 		mov	r3, #0
 897 00c4 4FF00004 		mov	r4, #0
 898 00c8 C2E90034 		strd	r3, [r2]
 163:movement.c    **** }
 899              		.loc 1 163 0
 900 00cc 00BF     		nop
 901 00ce 2C37     		adds	r7, r7, #44
 902              		.cfi_def_cfa_offset 12
 903 00d0 BD46     		mov	sp, r7
 904              		.cfi_def_cfa_register 13
 905              		@ sp needed
 906 00d2 90BD     		pop	{r4, r7, pc}
 907              	.L27:
 908              		.align	2
 909              	.L26:
 910 00d4 A0860100 		.word	100000
 911              		.cfi_endproc
 912              	.LFE75:
 913              		.size	update_k, .-update_k
 914              		.text
 915              	.Letext0:
ARM GAS  C:\Users\shevi\AppData\Local\Temp\ccUOQTIk.s 			page 20


 916              		.file 2 "c:\\program files (x86)\\cypress\\psoc creator\\4.1\\psoc creator\\import\\gnu\\arm\\5.4.
 917              		.file 3 "c:\\program files (x86)\\cypress\\psoc creator\\4.1\\psoc creator\\import\\gnu\\arm\\5.4.
 918              		.file 4 "..\\..\\FreeRTOS_Source\\include/serial.h"
 919              		.file 5 "movement.h"
 920              		.file 6 "Generated_Source\\PSoC5/core_cm3.h"
 921              		.section	.debug_info,"",%progbits
 922              	.Ldebug_info0:
 923 0000 01040000 		.4byte	0x401
 924 0004 0400     		.2byte	0x4
 925 0006 00000000 		.4byte	.Ldebug_abbrev0
 926 000a 04       		.byte	0x4
 927 000b 01       		.uleb128 0x1
 928 000c AD020000 		.4byte	.LASF51
 929 0010 0C       		.byte	0xc
 930 0011 5B010000 		.4byte	.LASF52
 931 0015 AE010000 		.4byte	.LASF53
 932 0019 00000000 		.4byte	.Ldebug_ranges0+0
 933 001d 00000000 		.4byte	0
 934 0021 00000000 		.4byte	.Ldebug_line0
 935 0025 02       		.uleb128 0x2
 936 0026 01       		.byte	0x1
 937 0027 06       		.byte	0x6
 938 0028 7F000000 		.4byte	.LASF0
 939 002c 02       		.uleb128 0x2
 940 002d 01       		.byte	0x1
 941 002e 08       		.byte	0x8
 942 002f 8B000000 		.4byte	.LASF1
 943 0033 02       		.uleb128 0x2
 944 0034 02       		.byte	0x2
 945 0035 05       		.byte	0x5
 946 0036 A4010000 		.4byte	.LASF2
 947 003a 02       		.uleb128 0x2
 948 003b 02       		.byte	0x2
 949 003c 07       		.byte	0x7
 950 003d 46000000 		.4byte	.LASF3
 951 0041 03       		.uleb128 0x3
 952 0042 1F000000 		.4byte	.LASF5
 953 0046 02       		.byte	0x2
 954 0047 3F       		.byte	0x3f
 955 0048 4C000000 		.4byte	0x4c
 956 004c 02       		.uleb128 0x2
 957 004d 04       		.byte	0x4
 958 004e 05       		.byte	0x5
 959 004f 78020000 		.4byte	.LASF4
 960 0053 03       		.uleb128 0x3
 961 0054 A0000000 		.4byte	.LASF6
 962 0058 02       		.byte	0x2
 963 0059 41       		.byte	0x41
 964 005a 5E000000 		.4byte	0x5e
 965 005e 02       		.uleb128 0x2
 966 005f 04       		.byte	0x4
 967 0060 07       		.byte	0x7
 968 0061 F9000000 		.4byte	.LASF7
 969 0065 02       		.uleb128 0x2
 970 0066 08       		.byte	0x8
 971 0067 05       		.byte	0x5
 972 0068 82010000 		.4byte	.LASF8
ARM GAS  C:\Users\shevi\AppData\Local\Temp\ccUOQTIk.s 			page 21


 973 006c 02       		.uleb128 0x2
 974 006d 08       		.byte	0x8
 975 006e 07       		.byte	0x7
 976 006f 18010000 		.4byte	.LASF9
 977 0073 04       		.uleb128 0x4
 978 0074 04       		.byte	0x4
 979 0075 05       		.byte	0x5
 980 0076 696E7400 		.ascii	"int\000"
 981 007a 02       		.uleb128 0x2
 982 007b 04       		.byte	0x4
 983 007c 07       		.byte	0x7
 984 007d 0B010000 		.4byte	.LASF10
 985 0081 03       		.uleb128 0x3
 986 0082 66010000 		.4byte	.LASF11
 987 0086 03       		.byte	0x3
 988 0087 2C       		.byte	0x2c
 989 0088 41000000 		.4byte	0x41
 990 008c 03       		.uleb128 0x3
 991 008d 6F020000 		.4byte	.LASF12
 992 0091 03       		.byte	0x3
 993 0092 30       		.byte	0x30
 994 0093 53000000 		.4byte	0x53
 995 0097 02       		.uleb128 0x2
 996 0098 04       		.byte	0x4
 997 0099 04       		.byte	0x4
 998 009a 79000000 		.4byte	.LASF13
 999 009e 02       		.uleb128 0x2
 1000 009f 08       		.byte	0x8
 1001 00a0 04       		.byte	0x4
 1002 00a1 9B020000 		.4byte	.LASF14
 1003 00a5 02       		.uleb128 0x2
 1004 00a6 01       		.byte	0x1
 1005 00a7 08       		.byte	0x8
 1006 00a8 9A010000 		.4byte	.LASF15
 1007 00ac 02       		.uleb128 0x2
 1008 00ad 08       		.byte	0x8
 1009 00ae 04       		.byte	0x4
 1010 00af 81020000 		.4byte	.LASF16
 1011 00b3 02       		.uleb128 0x2
 1012 00b4 04       		.byte	0x4
 1013 00b5 07       		.byte	0x7
 1014 00b6 6E010000 		.4byte	.LASF17
 1015 00ba 05       		.uleb128 0x5
 1016 00bb 04       		.byte	0x4
 1017 00bc 06       		.uleb128 0x6
 1018 00bd 04       		.byte	0x4
 1019 00be 2C000000 		.4byte	0x2c
 1020 00c2 03       		.uleb128 0x3
 1021 00c3 29000000 		.4byte	.LASF18
 1022 00c7 04       		.byte	0x4
 1023 00c8 1F       		.byte	0x1f
 1024 00c9 BA000000 		.4byte	0xba
 1025 00cd 07       		.uleb128 0x7
 1026 00ce 24       		.byte	0x24
 1027 00cf 05       		.byte	0x5
 1028 00d0 03       		.byte	0x3
 1029 00d1 42010000 		.4byte	0x142
ARM GAS  C:\Users\shevi\AppData\Local\Temp\ccUOQTIk.s 			page 22


 1030 00d5 08       		.uleb128 0x8
 1031 00d6 5A020000 		.4byte	.LASF19
 1032 00da 05       		.byte	0x5
 1033 00db 04       		.byte	0x4
 1034 00dc 4C000000 		.4byte	0x4c
 1035 00e0 00       		.byte	0
 1036 00e1 08       		.uleb128 0x8
 1037 00e2 59000000 		.4byte	.LASF20
 1038 00e6 05       		.byte	0x5
 1039 00e7 05       		.byte	0x5
 1040 00e8 4C000000 		.4byte	0x4c
 1041 00ec 04       		.byte	0x4
 1042 00ed 08       		.uleb128 0x8
 1043 00ee A2020000 		.4byte	.LASF21
 1044 00f2 05       		.byte	0x5
 1045 00f3 06       		.byte	0x6
 1046 00f4 73000000 		.4byte	0x73
 1047 00f8 08       		.byte	0x8
 1048 00f9 08       		.uleb128 0x8
 1049 00fa 7C010000 		.4byte	.LASF22
 1050 00fe 05       		.byte	0x5
 1051 00ff 07       		.byte	0x7
 1052 0100 73000000 		.4byte	0x73
 1053 0104 0C       		.byte	0xc
 1054 0105 08       		.uleb128 0x8
 1055 0106 90010000 		.4byte	.LASF23
 1056 010a 05       		.byte	0x5
 1057 010b 08       		.byte	0x8
 1058 010c 73000000 		.4byte	0x73
 1059 0110 10       		.byte	0x10
 1060 0111 08       		.uleb128 0x8
 1061 0112 4F020000 		.4byte	.LASF24
 1062 0116 05       		.byte	0x5
 1063 0117 09       		.byte	0x9
 1064 0118 73000000 		.4byte	0x73
 1065 011c 14       		.byte	0x14
 1066 011d 09       		.uleb128 0x9
 1067 011e 696E6300 		.ascii	"inc\000"
 1068 0122 05       		.byte	0x5
 1069 0123 0A       		.byte	0xa
 1070 0124 73000000 		.4byte	0x73
 1071 0128 18       		.byte	0x18
 1072 0129 08       		.uleb128 0x8
 1073 012a 56010000 		.4byte	.LASF25
 1074 012e 05       		.byte	0x5
 1075 012f 0B       		.byte	0xb
 1076 0130 8C000000 		.4byte	0x8c
 1077 0134 1C       		.byte	0x1c
 1078 0135 08       		.uleb128 0x8
 1079 0136 B1000000 		.4byte	.LASF26
 1080 013a 05       		.byte	0x5
 1081 013b 0C       		.byte	0xc
 1082 013c 8C000000 		.4byte	0x8c
 1083 0140 20       		.byte	0x20
 1084 0141 00       		.byte	0
 1085 0142 03       		.uleb128 0x3
 1086 0143 62000000 		.4byte	.LASF27
ARM GAS  C:\Users\shevi\AppData\Local\Temp\ccUOQTIk.s 			page 23


 1087 0147 05       		.byte	0x5
 1088 0148 0D       		.byte	0xd
 1089 0149 CD000000 		.4byte	0xcd
 1090 014d 07       		.uleb128 0x7
 1091 014e 18       		.byte	0x18
 1092 014f 05       		.byte	0x5
 1093 0150 0F       		.byte	0xf
 1094 0151 77010000 		.4byte	0x177
 1095 0155 09       		.uleb128 0x9
 1096 0156 4B6900   		.ascii	"Ki\000"
 1097 0159 05       		.byte	0x5
 1098 015a 10       		.byte	0x10
 1099 015b 9E000000 		.4byte	0x9e
 1100 015f 00       		.byte	0
 1101 0160 09       		.uleb128 0x9
 1102 0161 4B7000   		.ascii	"Kp\000"
 1103 0164 05       		.byte	0x5
 1104 0165 11       		.byte	0x11
 1105 0166 9E000000 		.4byte	0x9e
 1106 016a 08       		.byte	0x8
 1107 016b 09       		.uleb128 0x9
 1108 016c 4B6400   		.ascii	"Kd\000"
 1109 016f 05       		.byte	0x5
 1110 0170 12       		.byte	0x12
 1111 0171 9E000000 		.4byte	0x9e
 1112 0175 10       		.byte	0x10
 1113 0176 00       		.byte	0
 1114 0177 03       		.uleb128 0x3
 1115 0178 BB000000 		.4byte	.LASF28
 1116 017c 05       		.byte	0x5
 1117 017d 13       		.byte	0x13
 1118 017e 4D010000 		.4byte	0x14d
 1119 0182 0A       		.uleb128 0xa
 1120 0183 00000000 		.4byte	.LASF31
 1121 0187 01       		.byte	0x1
 1122 0188 17       		.byte	0x17
 1123 0189 00000000 		.4byte	.LFB69
 1124 018d B4000000 		.4byte	.LFE69-.LFB69
 1125 0191 01       		.uleb128 0x1
 1126 0192 9C       		.byte	0x9c
 1127 0193 B4010000 		.4byte	0x1b4
 1128 0197 0B       		.uleb128 0xb
 1129 0198 77010000 		.4byte	.LASF29
 1130 019c 01       		.byte	0x1
 1131 019d 17       		.byte	0x17
 1132 019e A5000000 		.4byte	0xa5
 1133 01a2 02       		.uleb128 0x2
 1134 01a3 91       		.byte	0x91
 1135 01a4 77       		.sleb128 -9
 1136 01a5 0B       		.uleb128 0xb
 1137 01a6 9F010000 		.4byte	.LASF30
 1138 01aa 01       		.byte	0x1
 1139 01ab 17       		.byte	0x17
 1140 01ac 73000000 		.4byte	0x73
 1141 01b0 02       		.uleb128 0x2
 1142 01b1 91       		.byte	0x91
 1143 01b2 70       		.sleb128 -16
ARM GAS  C:\Users\shevi\AppData\Local\Temp\ccUOQTIk.s 			page 24


 1144 01b3 00       		.byte	0
 1145 01b4 0A       		.uleb128 0xa
 1146 01b5 45010000 		.4byte	.LASF32
 1147 01b9 01       		.byte	0x1
 1148 01ba 44       		.byte	0x44
 1149 01bb 00000000 		.4byte	.LFB70
 1150 01bf C8000000 		.4byte	.LFE70-.LFB70
 1151 01c3 01       		.uleb128 0x1
 1152 01c4 9C       		.byte	0x9c
 1153 01c5 E6010000 		.4byte	0x1e6
 1154 01c9 0B       		.uleb128 0xb
 1155 01ca 38000000 		.4byte	.LASF33
 1156 01ce 01       		.byte	0x1
 1157 01cf 44       		.byte	0x44
 1158 01d0 E6010000 		.4byte	0x1e6
 1159 01d4 02       		.uleb128 0x2
 1160 01d5 91       		.byte	0x91
 1161 01d6 6C       		.sleb128 -20
 1162 01d7 0B       		.uleb128 0xb
 1163 01d8 AB000000 		.4byte	.LASF34
 1164 01dc 01       		.byte	0x1
 1165 01dd 44       		.byte	0x44
 1166 01de E6010000 		.4byte	0x1e6
 1167 01e2 02       		.uleb128 0x2
 1168 01e3 91       		.byte	0x91
 1169 01e4 68       		.sleb128 -24
 1170 01e5 00       		.byte	0
 1171 01e6 06       		.uleb128 0x6
 1172 01e7 04       		.byte	0x4
 1173 01e8 42010000 		.4byte	0x142
 1174 01ec 0A       		.uleb128 0xa
 1175 01ed 6D000000 		.4byte	.LASF35
 1176 01f1 01       		.byte	0x1
 1177 01f2 59       		.byte	0x59
 1178 01f3 00000000 		.4byte	.LFB71
 1179 01f7 DC010000 		.4byte	.LFE71-.LFB71
 1180 01fb 01       		.uleb128 0x1
 1181 01fc 9C       		.byte	0x9c
 1182 01fd 38020000 		.4byte	0x238
 1183 0201 0B       		.uleb128 0xb
 1184 0202 38000000 		.4byte	.LASF33
 1185 0206 01       		.byte	0x1
 1186 0207 59       		.byte	0x59
 1187 0208 E6010000 		.4byte	0x1e6
 1188 020c 02       		.uleb128 0x2
 1189 020d 91       		.byte	0x91
 1190 020e 5C       		.sleb128 -36
 1191 020f 0B       		.uleb128 0xb
 1192 0210 AB000000 		.4byte	.LASF34
 1193 0214 01       		.byte	0x1
 1194 0215 59       		.byte	0x59
 1195 0216 E6010000 		.4byte	0x1e6
 1196 021a 02       		.uleb128 0x2
 1197 021b 91       		.byte	0x91
 1198 021c 58       		.sleb128 -40
 1199 021d 0C       		.uleb128 0xc
 1200 021e 6B00     		.ascii	"k\000"
ARM GAS  C:\Users\shevi\AppData\Local\Temp\ccUOQTIk.s 			page 25


 1201 0220 01       		.byte	0x1
 1202 0221 59       		.byte	0x59
 1203 0222 38020000 		.4byte	0x238
 1204 0226 02       		.uleb128 0x2
 1205 0227 91       		.byte	0x91
 1206 0228 54       		.sleb128 -44
 1207 0229 0D       		.uleb128 0xd
 1208 022a 8D020000 		.4byte	.LASF40
 1209 022e 01       		.byte	0x1
 1210 022f 5A       		.byte	0x5a
 1211 0230 73000000 		.4byte	0x73
 1212 0234 02       		.uleb128 0x2
 1213 0235 91       		.byte	0x91
 1214 0236 64       		.sleb128 -28
 1215 0237 00       		.byte	0
 1216 0238 06       		.uleb128 0x6
 1217 0239 04       		.byte	0x4
 1218 023a 77010000 		.4byte	0x177
 1219 023e 0A       		.uleb128 0xa
 1220 023f 12000000 		.4byte	.LASF36
 1221 0243 01       		.byte	0x1
 1222 0244 6D       		.byte	0x6d
 1223 0245 00000000 		.4byte	.LFB72
 1224 0249 2A000000 		.4byte	.LFE72-.LFB72
 1225 024d 01       		.uleb128 0x1
 1226 024e 9C       		.byte	0x9c
 1227 024f 70020000 		.4byte	0x270
 1228 0253 0B       		.uleb128 0xb
 1229 0254 38000000 		.4byte	.LASF33
 1230 0258 01       		.byte	0x1
 1231 0259 6D       		.byte	0x6d
 1232 025a E6010000 		.4byte	0x1e6
 1233 025e 02       		.uleb128 0x2
 1234 025f 91       		.byte	0x91
 1235 0260 74       		.sleb128 -12
 1236 0261 0B       		.uleb128 0xb
 1237 0262 AB000000 		.4byte	.LASF34
 1238 0266 01       		.byte	0x1
 1239 0267 6D       		.byte	0x6d
 1240 0268 E6010000 		.4byte	0x1e6
 1241 026c 02       		.uleb128 0x2
 1242 026d 91       		.byte	0x91
 1243 026e 70       		.sleb128 -16
 1244 026f 00       		.byte	0
 1245 0270 0E       		.uleb128 0xe
 1246 0271 2F010000 		.4byte	.LASF37
 1247 0275 01       		.byte	0x1
 1248 0276 71       		.byte	0x71
 1249 0277 00000000 		.4byte	.LFB73
 1250 027b 48000000 		.4byte	.LFE73-.LFB73
 1251 027f 01       		.uleb128 0x1
 1252 0280 9C       		.byte	0x9c
 1253 0281 92020000 		.4byte	0x292
 1254 0285 0C       		.uleb128 0xc
 1255 0286 7700     		.ascii	"w\000"
 1256 0288 01       		.byte	0x1
 1257 0289 71       		.byte	0x71
ARM GAS  C:\Users\shevi\AppData\Local\Temp\ccUOQTIk.s 			page 26


 1258 028a E6010000 		.4byte	0x1e6
 1259 028e 02       		.uleb128 0x2
 1260 028f 91       		.byte	0x91
 1261 0290 74       		.sleb128 -12
 1262 0291 00       		.byte	0
 1263 0292 0E       		.uleb128 0xe
 1264 0293 64020000 		.4byte	.LASF38
 1265 0297 01       		.byte	0x1
 1266 0298 7C       		.byte	0x7c
 1267 0299 00000000 		.4byte	.LFB74
 1268 029d BC000000 		.4byte	.LFE74-.LFB74
 1269 02a1 01       		.uleb128 0x1
 1270 02a2 9C       		.byte	0x9c
 1271 02a3 42030000 		.4byte	0x342
 1272 02a7 0B       		.uleb128 0xb
 1273 02a8 38000000 		.4byte	.LASF33
 1274 02ac 01       		.byte	0x1
 1275 02ad 7C       		.byte	0x7c
 1276 02ae E6010000 		.4byte	0x1e6
 1277 02b2 02       		.uleb128 0x2
 1278 02b3 91       		.byte	0x91
 1279 02b4 54       		.sleb128 -44
 1280 02b5 0B       		.uleb128 0xb
 1281 02b6 AB000000 		.4byte	.LASF34
 1282 02ba 01       		.byte	0x1
 1283 02bb 7C       		.byte	0x7c
 1284 02bc E6010000 		.4byte	0x1e6
 1285 02c0 02       		.uleb128 0x2
 1286 02c1 91       		.byte	0x91
 1287 02c2 50       		.sleb128 -48
 1288 02c3 0B       		.uleb128 0xb
 1289 02c4 0B000000 		.4byte	.LASF39
 1290 02c8 01       		.byte	0x1
 1291 02c9 7C       		.byte	0x7c
 1292 02ca BC000000 		.4byte	0xbc
 1293 02ce 02       		.uleb128 0x2
 1294 02cf 91       		.byte	0x91
 1295 02d0 4C       		.sleb128 -52
 1296 02d1 0D       		.uleb128 0xd
 1297 02d2 D1000000 		.4byte	.LASF41
 1298 02d6 01       		.byte	0x1
 1299 02d7 7E       		.byte	0x7e
 1300 02d8 73000000 		.4byte	0x73
 1301 02dc 02       		.uleb128 0x2
 1302 02dd 91       		.byte	0x91
 1303 02de 74       		.sleb128 -12
 1304 02df 0D       		.uleb128 0xd
 1305 02e0 D6000000 		.4byte	.LASF42
 1306 02e4 01       		.byte	0x1
 1307 02e5 7F       		.byte	0x7f
 1308 02e6 73000000 		.4byte	0x73
 1309 02ea 02       		.uleb128 0x2
 1310 02eb 91       		.byte	0x91
 1311 02ec 70       		.sleb128 -16
 1312 02ed 0D       		.uleb128 0xd
 1313 02ee DB000000 		.4byte	.LASF43
 1314 02f2 01       		.byte	0x1
ARM GAS  C:\Users\shevi\AppData\Local\Temp\ccUOQTIk.s 			page 27


 1315 02f3 80       		.byte	0x80
 1316 02f4 73000000 		.4byte	0x73
 1317 02f8 02       		.uleb128 0x2
 1318 02f9 91       		.byte	0x91
 1319 02fa 6C       		.sleb128 -20
 1320 02fb 0D       		.uleb128 0xd
 1321 02fc E0000000 		.4byte	.LASF44
 1322 0300 01       		.byte	0x1
 1323 0301 81       		.byte	0x81
 1324 0302 73000000 		.4byte	0x73
 1325 0306 02       		.uleb128 0x2
 1326 0307 91       		.byte	0x91
 1327 0308 68       		.sleb128 -24
 1328 0309 0D       		.uleb128 0xd
 1329 030a E5000000 		.4byte	.LASF45
 1330 030e 01       		.byte	0x1
 1331 030f 82       		.byte	0x82
 1332 0310 73000000 		.4byte	0x73
 1333 0314 02       		.uleb128 0x2
 1334 0315 91       		.byte	0x91
 1335 0316 64       		.sleb128 -28
 1336 0317 0D       		.uleb128 0xd
 1337 0318 EA000000 		.4byte	.LASF46
 1338 031c 01       		.byte	0x1
 1339 031d 83       		.byte	0x83
 1340 031e 73000000 		.4byte	0x73
 1341 0322 02       		.uleb128 0x2
 1342 0323 91       		.byte	0x91
 1343 0324 60       		.sleb128 -32
 1344 0325 0D       		.uleb128 0xd
 1345 0326 EF000000 		.4byte	.LASF47
 1346 032a 01       		.byte	0x1
 1347 032b 84       		.byte	0x84
 1348 032c 73000000 		.4byte	0x73
 1349 0330 02       		.uleb128 0x2
 1350 0331 91       		.byte	0x91
 1351 0332 5C       		.sleb128 -36
 1352 0333 0D       		.uleb128 0xd
 1353 0334 F4000000 		.4byte	.LASF48
 1354 0338 01       		.byte	0x1
 1355 0339 85       		.byte	0x85
 1356 033a 73000000 		.4byte	0x73
 1357 033e 02       		.uleb128 0x2
 1358 033f 91       		.byte	0x91
 1359 0340 58       		.sleb128 -40
 1360 0341 00       		.byte	0
 1361 0342 0A       		.uleb128 0xa
 1362 0343 3D000000 		.4byte	.LASF49
 1363 0347 01       		.byte	0x1
 1364 0348 94       		.byte	0x94
 1365 0349 00000000 		.4byte	.LFB75
 1366 034d D8000000 		.4byte	.LFE75-.LFB75
 1367 0351 01       		.uleb128 0x1
 1368 0352 9C       		.byte	0x9c
 1369 0353 E2030000 		.4byte	0x3e2
 1370 0357 0C       		.uleb128 0xc
 1371 0358 4B00     		.ascii	"K\000"
ARM GAS  C:\Users\shevi\AppData\Local\Temp\ccUOQTIk.s 			page 28


 1372 035a 01       		.byte	0x1
 1373 035b 94       		.byte	0x94
 1374 035c 38020000 		.4byte	0x238
 1375 0360 02       		.uleb128 0x2
 1376 0361 91       		.byte	0x91
 1377 0362 4C       		.sleb128 -52
 1378 0363 0B       		.uleb128 0xb
 1379 0364 0B000000 		.4byte	.LASF39
 1380 0368 01       		.byte	0x1
 1381 0369 94       		.byte	0x94
 1382 036a BC000000 		.4byte	0xbc
 1383 036e 02       		.uleb128 0x2
 1384 036f 91       		.byte	0x91
 1385 0370 48       		.sleb128 -56
 1386 0371 0D       		.uleb128 0xd
 1387 0372 D1000000 		.4byte	.LASF41
 1388 0376 01       		.byte	0x1
 1389 0377 96       		.byte	0x96
 1390 0378 73000000 		.4byte	0x73
 1391 037c 02       		.uleb128 0x2
 1392 037d 91       		.byte	0x91
 1393 037e 6C       		.sleb128 -20
 1394 037f 0D       		.uleb128 0xd
 1395 0380 D6000000 		.4byte	.LASF42
 1396 0384 01       		.byte	0x1
 1397 0385 97       		.byte	0x97
 1398 0386 73000000 		.4byte	0x73
 1399 038a 02       		.uleb128 0x2
 1400 038b 91       		.byte	0x91
 1401 038c 68       		.sleb128 -24
 1402 038d 0D       		.uleb128 0xd
 1403 038e DB000000 		.4byte	.LASF43
 1404 0392 01       		.byte	0x1
 1405 0393 98       		.byte	0x98
 1406 0394 73000000 		.4byte	0x73
 1407 0398 02       		.uleb128 0x2
 1408 0399 91       		.byte	0x91
 1409 039a 64       		.sleb128 -28
 1410 039b 0D       		.uleb128 0xd
 1411 039c E0000000 		.4byte	.LASF44
 1412 03a0 01       		.byte	0x1
 1413 03a1 99       		.byte	0x99
 1414 03a2 73000000 		.4byte	0x73
 1415 03a6 02       		.uleb128 0x2
 1416 03a7 91       		.byte	0x91
 1417 03a8 60       		.sleb128 -32
 1418 03a9 0D       		.uleb128 0xd
 1419 03aa E5000000 		.4byte	.LASF45
 1420 03ae 01       		.byte	0x1
 1421 03af 9A       		.byte	0x9a
 1422 03b0 73000000 		.4byte	0x73
 1423 03b4 02       		.uleb128 0x2
 1424 03b5 91       		.byte	0x91
 1425 03b6 5C       		.sleb128 -36
 1426 03b7 0D       		.uleb128 0xd
 1427 03b8 EA000000 		.4byte	.LASF46
 1428 03bc 01       		.byte	0x1
ARM GAS  C:\Users\shevi\AppData\Local\Temp\ccUOQTIk.s 			page 29


 1429 03bd 9B       		.byte	0x9b
 1430 03be 73000000 		.4byte	0x73
 1431 03c2 02       		.uleb128 0x2
 1432 03c3 91       		.byte	0x91
 1433 03c4 58       		.sleb128 -40
 1434 03c5 0D       		.uleb128 0xd
 1435 03c6 EF000000 		.4byte	.LASF47
 1436 03ca 01       		.byte	0x1
 1437 03cb 9C       		.byte	0x9c
 1438 03cc 73000000 		.4byte	0x73
 1439 03d0 02       		.uleb128 0x2
 1440 03d1 91       		.byte	0x91
 1441 03d2 54       		.sleb128 -44
 1442 03d3 0D       		.uleb128 0xd
 1443 03d4 F4000000 		.4byte	.LASF48
 1444 03d8 01       		.byte	0x1
 1445 03d9 9D       		.byte	0x9d
 1446 03da 73000000 		.4byte	0x73
 1447 03de 02       		.uleb128 0x2
 1448 03df 91       		.byte	0x91
 1449 03e0 50       		.sleb128 -48
 1450 03e1 00       		.byte	0
 1451 03e2 0D       		.uleb128 0xd
 1452 03e3 99000000 		.4byte	.LASF50
 1453 03e7 01       		.byte	0x1
 1454 03e8 12       		.byte	0x12
 1455 03e9 C2000000 		.4byte	0xc2
 1456 03ed 05       		.uleb128 0x5
 1457 03ee 03       		.byte	0x3
 1458 03ef 00000000 		.4byte	pxPort
 1459 03f3 0F       		.uleb128 0xf
 1460 03f4 C4000000 		.4byte	.LASF54
 1461 03f8 06       		.byte	0x6
 1462 03f9 9606     		.2byte	0x696
 1463 03fb FF030000 		.4byte	0x3ff
 1464 03ff 10       		.uleb128 0x10
 1465 0400 81000000 		.4byte	0x81
 1466 0404 00       		.byte	0
 1467              		.section	.debug_abbrev,"",%progbits
 1468              	.Ldebug_abbrev0:
 1469 0000 01       		.uleb128 0x1
 1470 0001 11       		.uleb128 0x11
 1471 0002 01       		.byte	0x1
 1472 0003 25       		.uleb128 0x25
 1473 0004 0E       		.uleb128 0xe
 1474 0005 13       		.uleb128 0x13
 1475 0006 0B       		.uleb128 0xb
 1476 0007 03       		.uleb128 0x3
 1477 0008 0E       		.uleb128 0xe
 1478 0009 1B       		.uleb128 0x1b
 1479 000a 0E       		.uleb128 0xe
 1480 000b 55       		.uleb128 0x55
 1481 000c 17       		.uleb128 0x17
 1482 000d 11       		.uleb128 0x11
 1483 000e 01       		.uleb128 0x1
 1484 000f 10       		.uleb128 0x10
 1485 0010 17       		.uleb128 0x17
ARM GAS  C:\Users\shevi\AppData\Local\Temp\ccUOQTIk.s 			page 30


 1486 0011 00       		.byte	0
 1487 0012 00       		.byte	0
 1488 0013 02       		.uleb128 0x2
 1489 0014 24       		.uleb128 0x24
 1490 0015 00       		.byte	0
 1491 0016 0B       		.uleb128 0xb
 1492 0017 0B       		.uleb128 0xb
 1493 0018 3E       		.uleb128 0x3e
 1494 0019 0B       		.uleb128 0xb
 1495 001a 03       		.uleb128 0x3
 1496 001b 0E       		.uleb128 0xe
 1497 001c 00       		.byte	0
 1498 001d 00       		.byte	0
 1499 001e 03       		.uleb128 0x3
 1500 001f 16       		.uleb128 0x16
 1501 0020 00       		.byte	0
 1502 0021 03       		.uleb128 0x3
 1503 0022 0E       		.uleb128 0xe
 1504 0023 3A       		.uleb128 0x3a
 1505 0024 0B       		.uleb128 0xb
 1506 0025 3B       		.uleb128 0x3b
 1507 0026 0B       		.uleb128 0xb
 1508 0027 49       		.uleb128 0x49
 1509 0028 13       		.uleb128 0x13
 1510 0029 00       		.byte	0
 1511 002a 00       		.byte	0
 1512 002b 04       		.uleb128 0x4
 1513 002c 24       		.uleb128 0x24
 1514 002d 00       		.byte	0
 1515 002e 0B       		.uleb128 0xb
 1516 002f 0B       		.uleb128 0xb
 1517 0030 3E       		.uleb128 0x3e
 1518 0031 0B       		.uleb128 0xb
 1519 0032 03       		.uleb128 0x3
 1520 0033 08       		.uleb128 0x8
 1521 0034 00       		.byte	0
 1522 0035 00       		.byte	0
 1523 0036 05       		.uleb128 0x5
 1524 0037 0F       		.uleb128 0xf
 1525 0038 00       		.byte	0
 1526 0039 0B       		.uleb128 0xb
 1527 003a 0B       		.uleb128 0xb
 1528 003b 00       		.byte	0
 1529 003c 00       		.byte	0
 1530 003d 06       		.uleb128 0x6
 1531 003e 0F       		.uleb128 0xf
 1532 003f 00       		.byte	0
 1533 0040 0B       		.uleb128 0xb
 1534 0041 0B       		.uleb128 0xb
 1535 0042 49       		.uleb128 0x49
 1536 0043 13       		.uleb128 0x13
 1537 0044 00       		.byte	0
 1538 0045 00       		.byte	0
 1539 0046 07       		.uleb128 0x7
 1540 0047 13       		.uleb128 0x13
 1541 0048 01       		.byte	0x1
 1542 0049 0B       		.uleb128 0xb
ARM GAS  C:\Users\shevi\AppData\Local\Temp\ccUOQTIk.s 			page 31


 1543 004a 0B       		.uleb128 0xb
 1544 004b 3A       		.uleb128 0x3a
 1545 004c 0B       		.uleb128 0xb
 1546 004d 3B       		.uleb128 0x3b
 1547 004e 0B       		.uleb128 0xb
 1548 004f 01       		.uleb128 0x1
 1549 0050 13       		.uleb128 0x13
 1550 0051 00       		.byte	0
 1551 0052 00       		.byte	0
 1552 0053 08       		.uleb128 0x8
 1553 0054 0D       		.uleb128 0xd
 1554 0055 00       		.byte	0
 1555 0056 03       		.uleb128 0x3
 1556 0057 0E       		.uleb128 0xe
 1557 0058 3A       		.uleb128 0x3a
 1558 0059 0B       		.uleb128 0xb
 1559 005a 3B       		.uleb128 0x3b
 1560 005b 0B       		.uleb128 0xb
 1561 005c 49       		.uleb128 0x49
 1562 005d 13       		.uleb128 0x13
 1563 005e 38       		.uleb128 0x38
 1564 005f 0B       		.uleb128 0xb
 1565 0060 00       		.byte	0
 1566 0061 00       		.byte	0
 1567 0062 09       		.uleb128 0x9
 1568 0063 0D       		.uleb128 0xd
 1569 0064 00       		.byte	0
 1570 0065 03       		.uleb128 0x3
 1571 0066 08       		.uleb128 0x8
 1572 0067 3A       		.uleb128 0x3a
 1573 0068 0B       		.uleb128 0xb
 1574 0069 3B       		.uleb128 0x3b
 1575 006a 0B       		.uleb128 0xb
 1576 006b 49       		.uleb128 0x49
 1577 006c 13       		.uleb128 0x13
 1578 006d 38       		.uleb128 0x38
 1579 006e 0B       		.uleb128 0xb
 1580 006f 00       		.byte	0
 1581 0070 00       		.byte	0
 1582 0071 0A       		.uleb128 0xa
 1583 0072 2E       		.uleb128 0x2e
 1584 0073 01       		.byte	0x1
 1585 0074 3F       		.uleb128 0x3f
 1586 0075 19       		.uleb128 0x19
 1587 0076 03       		.uleb128 0x3
 1588 0077 0E       		.uleb128 0xe
 1589 0078 3A       		.uleb128 0x3a
 1590 0079 0B       		.uleb128 0xb
 1591 007a 3B       		.uleb128 0x3b
 1592 007b 0B       		.uleb128 0xb
 1593 007c 27       		.uleb128 0x27
 1594 007d 19       		.uleb128 0x19
 1595 007e 11       		.uleb128 0x11
 1596 007f 01       		.uleb128 0x1
 1597 0080 12       		.uleb128 0x12
 1598 0081 06       		.uleb128 0x6
 1599 0082 40       		.uleb128 0x40
ARM GAS  C:\Users\shevi\AppData\Local\Temp\ccUOQTIk.s 			page 32


 1600 0083 18       		.uleb128 0x18
 1601 0084 9642     		.uleb128 0x2116
 1602 0086 19       		.uleb128 0x19
 1603 0087 01       		.uleb128 0x1
 1604 0088 13       		.uleb128 0x13
 1605 0089 00       		.byte	0
 1606 008a 00       		.byte	0
 1607 008b 0B       		.uleb128 0xb
 1608 008c 05       		.uleb128 0x5
 1609 008d 00       		.byte	0
 1610 008e 03       		.uleb128 0x3
 1611 008f 0E       		.uleb128 0xe
 1612 0090 3A       		.uleb128 0x3a
 1613 0091 0B       		.uleb128 0xb
 1614 0092 3B       		.uleb128 0x3b
 1615 0093 0B       		.uleb128 0xb
 1616 0094 49       		.uleb128 0x49
 1617 0095 13       		.uleb128 0x13
 1618 0096 02       		.uleb128 0x2
 1619 0097 18       		.uleb128 0x18
 1620 0098 00       		.byte	0
 1621 0099 00       		.byte	0
 1622 009a 0C       		.uleb128 0xc
 1623 009b 05       		.uleb128 0x5
 1624 009c 00       		.byte	0
 1625 009d 03       		.uleb128 0x3
 1626 009e 08       		.uleb128 0x8
 1627 009f 3A       		.uleb128 0x3a
 1628 00a0 0B       		.uleb128 0xb
 1629 00a1 3B       		.uleb128 0x3b
 1630 00a2 0B       		.uleb128 0xb
 1631 00a3 49       		.uleb128 0x49
 1632 00a4 13       		.uleb128 0x13
 1633 00a5 02       		.uleb128 0x2
 1634 00a6 18       		.uleb128 0x18
 1635 00a7 00       		.byte	0
 1636 00a8 00       		.byte	0
 1637 00a9 0D       		.uleb128 0xd
 1638 00aa 34       		.uleb128 0x34
 1639 00ab 00       		.byte	0
 1640 00ac 03       		.uleb128 0x3
 1641 00ad 0E       		.uleb128 0xe
 1642 00ae 3A       		.uleb128 0x3a
 1643 00af 0B       		.uleb128 0xb
 1644 00b0 3B       		.uleb128 0x3b
 1645 00b1 0B       		.uleb128 0xb
 1646 00b2 49       		.uleb128 0x49
 1647 00b3 13       		.uleb128 0x13
 1648 00b4 02       		.uleb128 0x2
 1649 00b5 18       		.uleb128 0x18
 1650 00b6 00       		.byte	0
 1651 00b7 00       		.byte	0
 1652 00b8 0E       		.uleb128 0xe
 1653 00b9 2E       		.uleb128 0x2e
 1654 00ba 01       		.byte	0x1
 1655 00bb 3F       		.uleb128 0x3f
 1656 00bc 19       		.uleb128 0x19
ARM GAS  C:\Users\shevi\AppData\Local\Temp\ccUOQTIk.s 			page 33


 1657 00bd 03       		.uleb128 0x3
 1658 00be 0E       		.uleb128 0xe
 1659 00bf 3A       		.uleb128 0x3a
 1660 00c0 0B       		.uleb128 0xb
 1661 00c1 3B       		.uleb128 0x3b
 1662 00c2 0B       		.uleb128 0xb
 1663 00c3 27       		.uleb128 0x27
 1664 00c4 19       		.uleb128 0x19
 1665 00c5 11       		.uleb128 0x11
 1666 00c6 01       		.uleb128 0x1
 1667 00c7 12       		.uleb128 0x12
 1668 00c8 06       		.uleb128 0x6
 1669 00c9 40       		.uleb128 0x40
 1670 00ca 18       		.uleb128 0x18
 1671 00cb 9742     		.uleb128 0x2117
 1672 00cd 19       		.uleb128 0x19
 1673 00ce 01       		.uleb128 0x1
 1674 00cf 13       		.uleb128 0x13
 1675 00d0 00       		.byte	0
 1676 00d1 00       		.byte	0
 1677 00d2 0F       		.uleb128 0xf
 1678 00d3 34       		.uleb128 0x34
 1679 00d4 00       		.byte	0
 1680 00d5 03       		.uleb128 0x3
 1681 00d6 0E       		.uleb128 0xe
 1682 00d7 3A       		.uleb128 0x3a
 1683 00d8 0B       		.uleb128 0xb
 1684 00d9 3B       		.uleb128 0x3b
 1685 00da 05       		.uleb128 0x5
 1686 00db 49       		.uleb128 0x49
 1687 00dc 13       		.uleb128 0x13
 1688 00dd 3F       		.uleb128 0x3f
 1689 00de 19       		.uleb128 0x19
 1690 00df 3C       		.uleb128 0x3c
 1691 00e0 19       		.uleb128 0x19
 1692 00e1 00       		.byte	0
 1693 00e2 00       		.byte	0
 1694 00e3 10       		.uleb128 0x10
 1695 00e4 35       		.uleb128 0x35
 1696 00e5 00       		.byte	0
 1697 00e6 49       		.uleb128 0x49
 1698 00e7 13       		.uleb128 0x13
 1699 00e8 00       		.byte	0
 1700 00e9 00       		.byte	0
 1701 00ea 00       		.byte	0
 1702              		.section	.debug_aranges,"",%progbits
 1703 0000 4C000000 		.4byte	0x4c
 1704 0004 0200     		.2byte	0x2
 1705 0006 00000000 		.4byte	.Ldebug_info0
 1706 000a 04       		.byte	0x4
 1707 000b 00       		.byte	0
 1708 000c 0000     		.2byte	0
 1709 000e 0000     		.2byte	0
 1710 0010 00000000 		.4byte	.LFB69
 1711 0014 B4000000 		.4byte	.LFE69-.LFB69
 1712 0018 00000000 		.4byte	.LFB70
 1713 001c C8000000 		.4byte	.LFE70-.LFB70
ARM GAS  C:\Users\shevi\AppData\Local\Temp\ccUOQTIk.s 			page 34


 1714 0020 00000000 		.4byte	.LFB71
 1715 0024 DC010000 		.4byte	.LFE71-.LFB71
 1716 0028 00000000 		.4byte	.LFB72
 1717 002c 2A000000 		.4byte	.LFE72-.LFB72
 1718 0030 00000000 		.4byte	.LFB73
 1719 0034 48000000 		.4byte	.LFE73-.LFB73
 1720 0038 00000000 		.4byte	.LFB74
 1721 003c BC000000 		.4byte	.LFE74-.LFB74
 1722 0040 00000000 		.4byte	.LFB75
 1723 0044 D8000000 		.4byte	.LFE75-.LFB75
 1724 0048 00000000 		.4byte	0
 1725 004c 00000000 		.4byte	0
 1726              		.section	.debug_ranges,"",%progbits
 1727              	.Ldebug_ranges0:
 1728 0000 00000000 		.4byte	.LFB69
 1729 0004 B4000000 		.4byte	.LFE69
 1730 0008 00000000 		.4byte	.LFB70
 1731 000c C8000000 		.4byte	.LFE70
 1732 0010 00000000 		.4byte	.LFB71
 1733 0014 DC010000 		.4byte	.LFE71
 1734 0018 00000000 		.4byte	.LFB72
 1735 001c 2A000000 		.4byte	.LFE72
 1736 0020 00000000 		.4byte	.LFB73
 1737 0024 48000000 		.4byte	.LFE73
 1738 0028 00000000 		.4byte	.LFB74
 1739 002c BC000000 		.4byte	.LFE74
 1740 0030 00000000 		.4byte	.LFB75
 1741 0034 D8000000 		.4byte	.LFE75
 1742 0038 00000000 		.4byte	0
 1743 003c 00000000 		.4byte	0
 1744              		.section	.debug_line,"",%progbits
 1745              	.Ldebug_line0:
 1746 0000 55020000 		.section	.debug_str,"MS",%progbits,1
 1746      02007B01 
 1746      00000201 
 1746      FB0E0D00 
 1746      01010101 
 1747              	.LASF31:
 1748 0000 7475726E 		.ascii	"turn_wheel\000"
 1748      5F776865 
 1748      656C00
 1749              	.LASF39:
 1750 000b 62756666 		.ascii	"buffer\000"
 1750      657200
 1751              	.LASF36:
 1752 0012 6D6F765F 		.ascii	"mov_Adj_Volt\000"
 1752      41646A5F 
 1752      566F6C74 
 1752      00
 1753              	.LASF5:
 1754 001f 5F5F696E 		.ascii	"__int32_t\000"
 1754      7433325F 
 1754      7400
 1755              	.LASF18:
 1756 0029 78436F6D 		.ascii	"xComPortHandle\000"
 1756      506F7274 
 1756      48616E64 
ARM GAS  C:\Users\shevi\AppData\Local\Temp\ccUOQTIk.s 			page 35


 1756      6C6500
 1757              	.LASF33:
 1758 0038 6C656674 		.ascii	"left\000"
 1758      00
 1759              	.LASF49:
 1760 003d 75706461 		.ascii	"update_k\000"
 1760      74655F6B 
 1760      00
 1761              	.LASF3:
 1762 0046 73686F72 		.ascii	"short unsigned int\000"
 1762      7420756E 
 1762      7369676E 
 1762      65642069 
 1762      6E7400
 1763              	.LASF20:
 1764 0059 6375725F 		.ascii	"cur_dest\000"
 1764      64657374 
 1764      00
 1765              	.LASF27:
 1766 0062 77686565 		.ascii	"wheel_data\000"
 1766      6C5F6461 
 1766      746100
 1767              	.LASF35:
 1768 006d 6D6F765F 		.ascii	"mov_get_PID\000"
 1768      6765745F 
 1768      50494400 
 1769              	.LASF13:
 1770 0079 666C6F61 		.ascii	"float\000"
 1770      7400
 1771              	.LASF0:
 1772 007f 7369676E 		.ascii	"signed char\000"
 1772      65642063 
 1772      68617200 
 1773              	.LASF1:
 1774 008b 756E7369 		.ascii	"unsigned char\000"
 1774      676E6564 
 1774      20636861 
 1774      7200
 1775              	.LASF50:
 1776 0099 7078506F 		.ascii	"pxPort\000"
 1776      727400
 1777              	.LASF6:
 1778 00a0 5F5F7569 		.ascii	"__uint32_t\000"
 1778      6E743332 
 1778      5F7400
 1779              	.LASF34:
 1780 00ab 72696768 		.ascii	"right\000"
 1780      7400
 1781              	.LASF26:
 1782 00b1 74696D65 		.ascii	"time_prev\000"
 1782      5F707265 
 1782      7600
 1783              	.LASF28:
 1784 00bb 5049445F 		.ascii	"PID_data\000"
 1784      64617461 
 1784      00
 1785              	.LASF54:
ARM GAS  C:\Users\shevi\AppData\Local\Temp\ccUOQTIk.s 			page 36


 1786 00c4 49544D5F 		.ascii	"ITM_RxBuffer\000"
 1786      52784275 
 1786      66666572 
 1786      00
 1787              	.LASF41:
 1788 00d1 696E7430 		.ascii	"int0\000"
 1788      00
 1789              	.LASF42:
 1790 00d6 696E7431 		.ascii	"int1\000"
 1790      00
 1791              	.LASF43:
 1792 00db 696E7432 		.ascii	"int2\000"
 1792      00
 1793              	.LASF44:
 1794 00e0 696E7433 		.ascii	"int3\000"
 1794      00
 1795              	.LASF45:
 1796 00e5 696E7434 		.ascii	"int4\000"
 1796      00
 1797              	.LASF46:
 1798 00ea 696E7435 		.ascii	"int5\000"
 1798      00
 1799              	.LASF47:
 1800 00ef 696E7436 		.ascii	"int6\000"
 1800      00
 1801              	.LASF48:
 1802 00f4 696E7437 		.ascii	"int7\000"
 1802      00
 1803              	.LASF7:
 1804 00f9 6C6F6E67 		.ascii	"long unsigned int\000"
 1804      20756E73 
 1804      69676E65 
 1804      6420696E 
 1804      7400
 1805              	.LASF10:
 1806 010b 756E7369 		.ascii	"unsigned int\000"
 1806      676E6564 
 1806      20696E74 
 1806      00
 1807              	.LASF9:
 1808 0118 6C6F6E67 		.ascii	"long long unsigned int\000"
 1808      206C6F6E 
 1808      6720756E 
 1808      7369676E 
 1808      65642069 
 1809              	.LASF37:
 1810 012f 696E6974 		.ascii	"initialise_wheel_data\000"
 1810      69616C69 
 1810      73655F77 
 1810      6865656C 
 1810      5F646174 
 1811              	.LASF32:
 1812 0145 6D6F765F 		.ascii	"mov_update_error\000"
 1812      75706461 
 1812      74655F65 
 1812      72726F72 
 1812      00
ARM GAS  C:\Users\shevi\AppData\Local\Temp\ccUOQTIk.s 			page 37


 1813              	.LASF25:
 1814 0156 74696D65 		.ascii	"time\000"
 1814      00
 1815              	.LASF52:
 1816 015b 6D6F7665 		.ascii	"movement.c\000"
 1816      6D656E74 
 1816      2E6300
 1817              	.LASF11:
 1818 0166 696E7433 		.ascii	"int32_t\000"
 1818      325F7400 
 1819              	.LASF17:
 1820 016e 73697A65 		.ascii	"sizetype\000"
 1820      74797065 
 1820      00
 1821              	.LASF29:
 1822 0177 73696465 		.ascii	"side\000"
 1822      00
 1823              	.LASF22:
 1824 017c 6572726F 		.ascii	"error\000"
 1824      7200
 1825              	.LASF8:
 1826 0182 6C6F6E67 		.ascii	"long long int\000"
 1826      206C6F6E 
 1826      6720696E 
 1826      7400
 1827              	.LASF23:
 1828 0190 6572726F 		.ascii	"error_sum\000"
 1828      725F7375 
 1828      6D00
 1829              	.LASF15:
 1830 019a 63686172 		.ascii	"char\000"
 1830      00
 1831              	.LASF30:
 1832 019f 766F6C74 		.ascii	"volt\000"
 1832      00
 1833              	.LASF2:
 1834 01a4 73686F72 		.ascii	"short int\000"
 1834      7420696E 
 1834      7400
 1835              	.LASF53:
 1836 01ae 433A5C55 		.ascii	"C:\\Users\\shevi\\Downloads\\FYP_POSCCreator_Master"
 1836      73657273 
 1836      5C736865 
 1836      76695C44 
 1836      6F776E6C 
 1837 01dd 2D6D6173 		.ascii	"-master\\FYP_POSCCreator_Master-master\\FYP_PSOCCre"
 1837      7465725C 
 1837      4659505F 
 1837      504F5343 
 1837      43726561 
 1838 020e 61746F72 		.ascii	"ator_Master\\CORTEX_CY8C5588_PSoC_Creator_GCC\\Free"
 1838      5F4D6173 
 1838      7465725C 
 1838      434F5254 
 1838      45585F43 
 1839 023f 52544F53 		.ascii	"RTOS_Demo.cydsn\000"
 1839      5F44656D 
ARM GAS  C:\Users\shevi\AppData\Local\Temp\ccUOQTIk.s 			page 38


 1839      6F2E6379 
 1839      64736E00 
 1840              	.LASF24:
 1841 024f 6D6F746F 		.ascii	"motor_volt\000"
 1841      725F766F 
 1841      6C7400
 1842              	.LASF19:
 1843 025a 70726576 		.ascii	"prev_dest\000"
 1843      5F646573 
 1843      7400
 1844              	.LASF38:
 1845 0264 75706461 		.ascii	"update_inc\000"
 1845      74655F69 
 1845      6E6300
 1846              	.LASF12:
 1847 026f 75696E74 		.ascii	"uint32_t\000"
 1847      33325F74 
 1847      00
 1848              	.LASF4:
 1849 0278 6C6F6E67 		.ascii	"long int\000"
 1849      20696E74 
 1849      00
 1850              	.LASF16:
 1851 0281 6C6F6E67 		.ascii	"long double\000"
 1851      20646F75 
 1851      626C6500 
 1852              	.LASF40:
 1853 028d 6D6F746F 		.ascii	"motor_voltage\000"
 1853      725F766F 
 1853      6C746167 
 1853      6500
 1854              	.LASF14:
 1855 029b 646F7562 		.ascii	"double\000"
 1855      6C6500
 1856              	.LASF21:
 1857 02a2 6572726F 		.ascii	"error_prev\000"
 1857      725F7072 
 1857      657600
 1858              	.LASF51:
 1859 02ad 474E5520 		.ascii	"GNU C11 5.4.1 20160609 (release) [ARM/embedded-5-br"
 1859      43313120 
 1859      352E342E 
 1859      31203230 
 1859      31363036 
 1860 02e0 616E6368 		.ascii	"anch revision 237715] -mcpu=cortex-m3 -mthumb -g -O"
 1860      20726576 
 1860      6973696F 
 1860      6E203233 
 1860      37373135 
 1861 0313 30202D66 		.ascii	"0 -ffunction-sections -ffat-lto-objects\000"
 1861      66756E63 
 1861      74696F6E 
 1861      2D736563 
 1861      74696F6E 
 1862              		.ident	"GCC: (GNU Tools for ARM Embedded Processors) 5.4.1 20160609 (release) [ARM/embedded-5-bran
